[2024-08-31T02:55:40.467+0000] {local_task_job_runner.py:120} INFO - ::group::Pre task execution logs
[2024-08-31T02:55:40.480+0000] {taskinstance.py:2076} INFO - Dependencies all met for dep_context=non-requeueable deps ti=<TaskInstance: etl_single_task_process_files.combine_files manual__2024-08-31T02:54:41.873200+00:00 [queued]>
[2024-08-31T02:55:40.487+0000] {taskinstance.py:2076} INFO - Dependencies all met for dep_context=requeueable deps ti=<TaskInstance: etl_single_task_process_files.combine_files manual__2024-08-31T02:54:41.873200+00:00 [queued]>
[2024-08-31T02:55:40.488+0000] {taskinstance.py:2306} INFO - Starting attempt 1 of 2
[2024-08-31T02:55:40.500+0000] {taskinstance.py:2330} INFO - Executing <Task(PythonOperator): combine_files> on 2024-08-31 02:54:41.873200+00:00
[2024-08-31T02:55:40.504+0000] {warnings.py:112} WARNING - /home/***/.local/lib/python3.12/site-packages/***/task/task_runner/standard_task_runner.py:61: DeprecationWarning: This process (pid=1286) is multi-threaded, use of fork() may lead to deadlocks in the child.
  pid = os.fork()

[2024-08-31T02:55:40.506+0000] {standard_task_runner.py:63} INFO - Started process 1288 to run task
[2024-08-31T02:55:40.506+0000] {standard_task_runner.py:90} INFO - Running: ['***', 'tasks', 'run', 'etl_single_task_process_files', 'combine_files', 'manual__2024-08-31T02:54:41.873200+00:00', '--job-id', '457', '--raw', '--subdir', 'DAGS_FOLDER/etl_pipeline.py', '--cfg-path', '/tmp/tmp10jj1u4_']
[2024-08-31T02:55:40.508+0000] {standard_task_runner.py:91} INFO - Job 457: Subtask combine_files
[2024-08-31T02:55:40.546+0000] {task_command.py:426} INFO - Running <TaskInstance: etl_single_task_process_files.combine_files manual__2024-08-31T02:54:41.873200+00:00 [running]> on host 0fffd72ba499
[2024-08-31T02:55:40.621+0000] {taskinstance.py:2648} INFO - Exporting env vars: AIRFLOW_CTX_DAG_OWNER='***' AIRFLOW_CTX_DAG_ID='etl_single_task_process_files' AIRFLOW_CTX_TASK_ID='combine_files' AIRFLOW_CTX_EXECUTION_DATE='2024-08-31T02:54:41.873200+00:00' AIRFLOW_CTX_TRY_NUMBER='1' AIRFLOW_CTX_DAG_RUN_ID='manual__2024-08-31T02:54:41.873200+00:00'
[2024-08-31T02:55:40.622+0000] {taskinstance.py:430} INFO - ::endgroup::
[2024-08-31T02:55:40.640+0000] {base.py:84} INFO - Using connection ID 'zillow-aws' for task execution.
[2024-08-31T02:55:40.641+0000] {connection_wrapper.py:384} INFO - AWS Connection (conn_id='zillow-aws', conn_type='aws') credentials retrieved from login and password.
[2024-08-31T02:55:42.224+0000] {logging_mixin.py:188} INFO - DataFrame from processed-data/Metro_invt_fs_uc_sfrcondo_week_transformed.csv loaded successfully with shape (317618, 7)
[2024-08-31T02:55:42.225+0000] {logging_mixin.py:188} INFO - First few rows of processed-data/Metro_invt_fs_uc_sfrcondo_week_transformed.csv:
[2024-08-31T02:55:42.238+0000] {logging_mixin.py:188} INFO -    regionid  sizerank  ...        date for_sale_inventory
0    394913         1  ...  2018-01-13            53920.0
1    753899         2  ...  2018-01-13            13458.0
2    394463         3  ...  2018-01-13            27073.0
3    394514         4  ...  2018-01-13            17171.0
4    394692         5  ...  2018-01-13            19256.0

[5 rows x 7 columns]
[2024-08-31T02:55:42.413+0000] {logging_mixin.py:188} INFO - DataFrame from processed-data/Metro_market_temp_index_uc_sfrcondo_month_transformed.csv loaded successfully with shape (73233, 7)
[2024-08-31T02:55:42.414+0000] {logging_mixin.py:188} INFO - First few rows of processed-data/Metro_market_temp_index_uc_sfrcondo_month_transformed.csv:
[2024-08-31T02:55:42.420+0000] {logging_mixin.py:188} INFO -    regionid  sizerank       regionname  ... statename        date market_heat_index
0    394913         1     New York, NY  ...        NY  2018-01-31              50.0
1    753899         2  Los Angeles, CA  ...        CA  2018-01-31              69.0
2    394463         3      Chicago, IL  ...        IL  2018-01-31              48.0
3    394514         4       Dallas, TX  ...        TX  2018-01-31              56.0
4    394692         5      Houston, TX  ...        TX  2018-01-31              48.0

[5 rows x 7 columns]
[2024-08-31T02:55:42.549+0000] {logging_mixin.py:188} INFO - DataFrame from processed-data/Metro_mean_days_to_close_uc_sfrcondo_month_transformed.csv loaded successfully with shape (48906, 7)
[2024-08-31T02:55:42.550+0000] {logging_mixin.py:188} INFO - First few rows of processed-data/Metro_mean_days_to_close_uc_sfrcondo_month_transformed.csv:
[2024-08-31T02:55:42.556+0000] {logging_mixin.py:188} INFO -    regionid  sizerank  ...        date mean_days_to_close
0    394913         1  ...  2018-01-31               62.0
1    753899         2  ...  2018-01-31               38.0
2    394463         3  ...  2018-01-31               46.0
3    394514         4  ...  2018-01-31               22.0
4    394692         5  ...  2018-01-31               33.0

[5 rows x 7 columns]
[2024-08-31T02:55:42.728+0000] {logging_mixin.py:188} INFO - DataFrame from processed-data/Metro_mean_doz_pending_uc_sfrcondo_sm_month_transformed.csv loaded successfully with shape (57519, 7)
[2024-08-31T02:55:42.729+0000] {logging_mixin.py:188} INFO - First few rows of processed-data/Metro_mean_doz_pending_uc_sfrcondo_sm_month_transformed.csv:
[2024-08-31T02:55:42.735+0000] {logging_mixin.py:188} INFO -    regionid  sizerank  ...        date mean_days_to_pending
0    394913         1  ...  2018-03-31                 68.0
1    753899         2  ...  2018-03-31                 35.0
2    394463         3  ...  2018-03-31                 51.0
3    394514         4  ...  2018-03-31                 46.0
4    394692         5  ...  2018-03-31                 49.0

[5 rows x 7 columns]
[2024-08-31T02:55:42.929+0000] {logging_mixin.py:188} INFO - DataFrame from processed-data/Metro_mean_listings_price_cut_amt_uc_sfrcondo_sm_month_transformed.csv loaded successfully with shape (61600, 7)
[2024-08-31T02:55:42.930+0000] {logging_mixin.py:188} INFO - First few rows of processed-data/Metro_mean_listings_price_cut_amt_uc_sfrcondo_sm_month_transformed.csv:
[2024-08-31T02:55:42.936+0000] {logging_mixin.py:188} INFO -    regionid  sizerank       regionname  ... statename        date mean_price_cuts
0    394913         1     New York, NY  ...        NY  2018-03-31    39436.870647
1    753899         2  Los Angeles, CA  ...        CA  2018-03-31    44820.203428
2    394463         3      Chicago, IL  ...        IL  2018-03-31    12415.627447
3    394514         4       Dallas, TX  ...        TX  2018-03-31    12578.204060
4    394692         5      Houston, TX  ...        TX  2018-03-31    14404.246526

[5 rows x 7 columns]
[2024-08-31T02:55:43.075+0000] {logging_mixin.py:188} INFO - DataFrame from processed-data/Metro_mean_sale_to_list_uc_sfrcondo_month_transformed.csv loaded successfully with shape (48906, 7)
[2024-08-31T02:55:43.076+0000] {logging_mixin.py:188} INFO - First few rows of processed-data/Metro_mean_sale_to_list_uc_sfrcondo_month_transformed.csv:
[2024-08-31T02:55:43.082+0000] {logging_mixin.py:188} INFO -    regionid  sizerank       regionname  ... statename        date mean_sale_to_list
0    394913         1     New York, NY  ...        NY  2018-01-31          0.975615
1    753899         2  Los Angeles, CA  ...        CA  2018-01-31          0.995173
2    394463         3      Chicago, IL  ...        IL  2018-01-31          0.966679
3    394514         4       Dallas, TX  ...        TX  2018-01-31          0.983215
4    394692         5      Houston, TX  ...        TX  2018-01-31          0.966604

[5 rows x 7 columns]
[2024-08-31T02:55:43.230+0000] {logging_mixin.py:188} INFO - DataFrame from processed-data/Metro_med_doz_pending_uc_sfrcondo_sm_month_transformed.csv loaded successfully with shape (57519, 7)
[2024-08-31T02:55:43.231+0000] {logging_mixin.py:188} INFO - First few rows of processed-data/Metro_med_doz_pending_uc_sfrcondo_sm_month_transformed.csv:
[2024-08-31T02:55:43.237+0000] {logging_mixin.py:188} INFO -    regionid  sizerank  ...        date median_days_pending
0    394913         1  ...  2018-03-31                58.0
1    753899         2  ...  2018-03-31                17.0
2    394463         3  ...  2018-03-31                32.0
3    394514         4  ...  2018-03-31                27.0
4    394692         5  ...  2018-03-31                27.0

[5 rows x 7 columns]
[2024-08-31T02:55:43.421+0000] {logging_mixin.py:188} INFO - DataFrame from processed-data/Metro_med_listings_price_cut_amt_uc_sfrcondo_sm_month_transformed.csv loaded successfully with shape (61600, 7)
[2024-08-31T02:55:43.421+0000] {logging_mixin.py:188} INFO - First few rows of processed-data/Metro_med_listings_price_cut_amt_uc_sfrcondo_sm_month_transformed.csv:
[2024-08-31T02:55:43.428+0000] {logging_mixin.py:188} INFO -    regionid  sizerank       regionname  ... statename        date median_price_cuts
0    394913         1     New York, NY  ...        NY  2018-03-31      16917.500000
1    753899         2  Los Angeles, CA  ...        CA  2018-03-31      20000.000000
2    394463         3      Chicago, IL  ...        IL  2018-03-31       7566.666667
3    394514         4       Dallas, TX  ...        TX  2018-03-31       8820.666667
4    394692         5      Houston, TX  ...        TX  2018-03-31      10000.000000

[5 rows x 7 columns]
[2024-08-31T02:55:43.549+0000] {logging_mixin.py:188} INFO - DataFrame from processed-data/Metro_median_days_to_close_uc_sfrcondo_month_transformed.csv loaded successfully with shape (48906, 7)
[2024-08-31T02:55:43.549+0000] {logging_mixin.py:188} INFO - First few rows of processed-data/Metro_median_days_to_close_uc_sfrcondo_month_transformed.csv:
[2024-08-31T02:55:43.555+0000] {logging_mixin.py:188} INFO -    regionid  sizerank  ...        date median_days_to_close
0    394913         1  ...  2018-01-31                 61.0
1    753899         2  ...  2018-01-31                 35.0
2    394463         3  ...  2018-01-31                 42.0
3    394514         4  ...  2018-01-31                 20.0
4    394692         5  ...  2018-01-31                 31.0

[5 rows x 7 columns]
[2024-08-31T02:55:43.832+0000] {logging_mixin.py:188} INFO - DataFrame from processed-data/Metro_median_sale_price_uc_sfrcondo_month_transformed.csv loaded successfully with shape (142825, 7)
[2024-08-31T02:55:43.833+0000] {logging_mixin.py:188} INFO - First few rows of processed-data/Metro_median_sale_price_uc_sfrcondo_month_transformed.csv:
[2024-08-31T02:55:43.839+0000] {logging_mixin.py:188} INFO -    regionid  sizerank       regionname  ... statename        date median_sale_price
0    394913         1     New York, NY  ...        NY  2008-02-29          399898.0
1    753899         2  Los Angeles, CA  ...        CA  2008-02-29          470000.0
2    394463         3      Chicago, IL  ...        IL  2008-02-29          218000.0
3    394514         4       Dallas, TX  ...        TX  2008-02-29          138000.0
4    394692         5      Houston, TX  ...        TX  2008-02-29          145000.0

[5 rows x 7 columns]
[2024-08-31T02:55:44.011+0000] {logging_mixin.py:188} INFO - DataFrame from processed-data/Metro_median_sale_to_list_uc_sfrcondo_month_transformed.csv loaded successfully with shape (48906, 7)
[2024-08-31T02:55:44.012+0000] {logging_mixin.py:188} INFO - First few rows of processed-data/Metro_median_sale_to_list_uc_sfrcondo_month_transformed.csv:
[2024-08-31T02:55:44.018+0000] {logging_mixin.py:188} INFO -    regionid  sizerank  ...        date median_sale_to_list
0    394913         1  ...  2018-01-31            0.977810
1    753899         2  ...  2018-01-31            0.997420
2    394463         3  ...  2018-01-31            0.971160
3    394514         4  ...  2018-01-31            0.987421
4    394692         5  ...  2018-01-31            0.975779

[5 rows x 7 columns]
[2024-08-31T02:55:44.210+0000] {logging_mixin.py:188} INFO - DataFrame from processed-data/Metro_mlp_uc_sfrcondo_month_transformed.csv loaded successfully with shape (73233, 7)
[2024-08-31T02:55:44.211+0000] {logging_mixin.py:188} INFO - First few rows of processed-data/Metro_mlp_uc_sfrcondo_month_transformed.csv:
[2024-08-31T02:55:44.218+0000] {logging_mixin.py:188} INFO -    regionid  sizerank       regionname  ... statename        date median_list_price
0    394913         1     New York, NY  ...        NY  2018-01-31          489000.0
1    753899         2  Los Angeles, CA  ...        CA  2018-01-31          709000.0
2    394463         3      Chicago, IL  ...        IL  2018-01-31          269900.0
3    394514         4       Dallas, TX  ...        TX  2018-01-31          318000.0
4    394692         5      Houston, TX  ...        TX  2018-01-31          289500.0

[5 rows x 7 columns]
[2024-08-31T02:55:44.301+0000] {logging_mixin.py:188} INFO - DataFrame from processed-data/Metro_new_con_mean_sale_price_uc_sfrcondo_month_transformed.csv loaded successfully with shape (13416, 7)
[2024-08-31T02:55:44.301+0000] {logging_mixin.py:188} INFO - First few rows of processed-data/Metro_new_con_mean_sale_price_uc_sfrcondo_month_transformed.csv:
[2024-08-31T02:55:44.307+0000] {logging_mixin.py:188} INFO -    regionid  sizerank  ...        date new_construction_mean_sale_price
0    394913         1  ...  2018-01-31                     8.176823e+05
1    753899         2  ...  2018-01-31                     1.210770e+06
2    394463         3  ...  2018-01-31                     5.788080e+05
3    394514         4  ...  2018-01-31                     3.634576e+05
4    394692         5  ...  2018-01-31                     3.372448e+05

[5 rows x 7 columns]
[2024-08-31T02:55:44.404+0000] {logging_mixin.py:188} INFO - DataFrame from processed-data/Metro_new_con_median_sale_price_per_sqft_uc_sfrcondo_month_transformed.csv loaded successfully with shape (12636, 7)
[2024-08-31T02:55:44.405+0000] {logging_mixin.py:188} INFO - First few rows of processed-data/Metro_new_con_median_sale_price_per_sqft_uc_sfrcondo_month_transformed.csv:
[2024-08-31T02:55:44.412+0000] {logging_mixin.py:188} INFO -    regionid  sizerank  ...        date new_contstruction_median_sale_price
0    394913         1  ...  2018-01-31                          246.573740
1    753899         2  ...  2018-01-31                          396.255449
2    394463         3  ...  2018-01-31                          158.615079
3    394514         4  ...  2018-01-31                          131.656331
4    394692         5  ...  2018-01-31                          115.442327

[5 rows x 7 columns]
[2024-08-31T02:55:44.510+0000] {logging_mixin.py:188} INFO - DataFrame from processed-data/Metro_new_con_median_sale_price_uc_sfrcondo_month_transformed.csv loaded successfully with shape (13416, 7)
[2024-08-31T02:55:44.511+0000] {logging_mixin.py:188} INFO - First few rows of processed-data/Metro_new_con_median_sale_price_uc_sfrcondo_month_transformed.csv:
[2024-08-31T02:55:44.518+0000] {logging_mixin.py:188} INFO -    regionid  sizerank  ...        date new_construction_median_sale_price
0    394913         1  ...  2018-01-31                           576150.0
1    753899         2  ...  2018-01-31                           873500.0
2    394463         3  ...  2018-01-31                           352883.0
3    394514         4  ...  2018-01-31                           330218.0
4    394692         5  ...  2018-01-31                           286000.0

[5 rows x 7 columns]
[2024-08-31T02:55:44.639+0000] {logging_mixin.py:188} INFO - DataFrame from processed-data/Metro_new_con_sales_count_raw_uc_sfrcondo_month_transformed.csv loaded successfully with shape (27612, 7)
[2024-08-31T02:55:44.639+0000] {logging_mixin.py:188} INFO - First few rows of processed-data/Metro_new_con_sales_count_raw_uc_sfrcondo_month_transformed.csv:
[2024-08-31T02:55:44.647+0000] {logging_mixin.py:188} INFO -    regionid  sizerank  ...        date new_construction_sales_count
0    394913         1  ...  2018-01-31                        524.0
1    753899         2  ...  2018-01-31                        396.0
2    394463         3  ...  2018-01-31                        332.0
3    394514         4  ...  2018-01-31                       1447.0
4    394692         5  ...  2018-01-31                       1325.0

[5 rows x 7 columns]
[2024-08-31T02:55:44.808+0000] {logging_mixin.py:188} INFO - DataFrame from processed-data/Metro_new_listings_uc_sfrcondo_month_transformed.csv loaded successfully with shape (73154, 7)
[2024-08-31T02:55:44.809+0000] {logging_mixin.py:188} INFO - First few rows of processed-data/Metro_new_listings_uc_sfrcondo_month_transformed.csv:
[2024-08-31T02:55:44.815+0000] {logging_mixin.py:188} INFO -    regionid  sizerank       regionname  ... statename        date new_listings
0    394913         1     New York, NY  ...        NY  2018-01-31      14880.0
1    753899         2  Los Angeles, CA  ...        CA  2018-01-31       8136.0
2    394463         3      Chicago, IL  ...        IL  2018-01-31       8645.0
3    394514         4       Dallas, TX  ...        TX  2018-01-31       7389.0
4    394692         5      Houston, TX  ...        TX  2018-01-31       6335.0

[5 rows x 7 columns]
[2024-08-31T02:55:44.984+0000] {logging_mixin.py:188} INFO - DataFrame from processed-data/Metro_new_pending_uc_sfrcondo_month_transformed.csv loaded successfully with shape (71100, 7)
[2024-08-31T02:55:44.984+0000] {logging_mixin.py:188} INFO - First few rows of processed-data/Metro_new_pending_uc_sfrcondo_month_transformed.csv:
[2024-08-31T02:55:44.991+0000] {logging_mixin.py:188} INFO -    regionid  sizerank       regionname  ... statename        date new_pending
0    394913         1     New York, NY  ...        NY  2018-01-31      3862.0
1    753899         2  Los Angeles, CA  ...        CA  2018-01-31      5845.0
2    394463         3      Chicago, IL  ...        IL  2018-01-31      7130.0
3    394514         4       Dallas, TX  ...        TX  2018-01-31      5549.0
4    394692         5      Houston, TX  ...        TX  2018-01-31      5153.0

[5 rows x 7 columns]
[2024-08-31T02:55:45.149+0000] {logging_mixin.py:188} INFO - DataFrame from processed-data/Metro_pct_sold_above_list_uc_sfrcondo_month_transformed.csv loaded successfully with shape (48906, 7)
[2024-08-31T02:55:45.150+0000] {logging_mixin.py:188} INFO - First few rows of processed-data/Metro_pct_sold_above_list_uc_sfrcondo_month_transformed.csv:
[2024-08-31T02:55:45.156+0000] {logging_mixin.py:188} INFO -    regionid  sizerank  ...        date pct_sold_above_list
0    394913         1  ...  2018-01-31            0.209055
1    753899         2  ...  2018-01-31            0.358005
2    394463         3  ...  2018-01-31            0.143872
3    394514         4  ...  2018-01-31            0.237375
4    394692         5  ...  2018-01-31            0.123410

[5 rows x 7 columns]
[2024-08-31T02:55:45.293+0000] {logging_mixin.py:188} INFO - DataFrame from processed-data/Metro_pct_sold_below_list_uc_sfrcondo_month_transformed.csv loaded successfully with shape (48906, 7)
[2024-08-31T02:55:45.294+0000] {logging_mixin.py:188} INFO - First few rows of processed-data/Metro_pct_sold_below_list_uc_sfrcondo_month_transformed.csv:
[2024-08-31T02:55:45.300+0000] {logging_mixin.py:188} INFO -    regionid  sizerank  ...        date pct_sold_below_list
0    394913         1  ...  2018-01-31            0.684421
1    753899         2  ...  2018-01-31            0.506235
2    394463         3  ...  2018-01-31            0.773757
3    394514         4  ...  2018-01-31            0.594463
4    394692         5  ...  2018-01-31            0.722832

[5 rows x 7 columns]
[2024-08-31T02:55:45.505+0000] {logging_mixin.py:188} INFO - DataFrame from processed-data/Metro_perc_listings_price_cut_uc_sfrcondo_sm_month_transformed.csv loaded successfully with shape (71379, 7)
[2024-08-31T02:55:45.506+0000] {logging_mixin.py:188} INFO - First few rows of processed-data/Metro_perc_listings_price_cut_uc_sfrcondo_sm_month_transformed.csv:
[2024-08-31T02:55:45.512+0000] {logging_mixin.py:188} INFO -    regionid  sizerank  ...        date perc_listings_price_cut
0    394913         1  ...  2018-03-31                0.120111
1    753899         2  ...  2018-03-31                0.147420
2    394463         3  ...  2018-03-31                0.189776
3    394514         4  ...  2018-03-31                0.166377
4    394692         5  ...  2018-03-31                0.189772

[5 rows x 7 columns]
[2024-08-31T02:55:45.609+0000] {logging_mixin.py:188} INFO - DataFrame from processed-data/Metro_sales_count_now_uc_sfrcondo_month_transformed.csv loaded successfully with shape (18414, 7)
[2024-08-31T02:55:45.610+0000] {logging_mixin.py:188} INFO - First few rows of processed-data/Metro_sales_count_now_uc_sfrcondo_month_transformed.csv:
[2024-08-31T02:55:45.616+0000] {logging_mixin.py:188} INFO -    regionid  sizerank       regionname  ... statename        date sales_count_now
0    394913         1     New York, NY  ...        NY  2008-02-29          8467.0
1    753899         2  Los Angeles, CA  ...        CA  2008-02-29          4152.0
2    394463         3      Chicago, IL  ...        IL  2008-02-29          5731.0
3    394514         4       Dallas, TX  ...        TX  2008-02-29          5000.0
4    394692         5      Houston, TX  ...        TX  2008-02-29          4131.0

[5 rows x 7 columns]
[2024-08-31T02:55:45.902+0000] {logging_mixin.py:188} INFO - DataFrame from processed-data/Metro_total_transaction_value_uc_sfrcondo_month_transformed.csv loaded successfully with shape (143022, 7)
[2024-08-31T02:55:45.902+0000] {logging_mixin.py:188} INFO - First few rows of processed-data/Metro_total_transaction_value_uc_sfrcondo_month_transformed.csv:
[2024-08-31T02:55:45.910+0000] {logging_mixin.py:188} INFO -    regionid  sizerank  ...        date total_transaction_value
0    394913         1  ...  2008-02-29            4.699322e+09
1    753899         2  ...  2008-02-29            2.588538e+09
2    394463         3  ...  2008-02-29            1.636662e+09
3    394514         4  ...  2008-02-29            9.544670e+08
4    394692         5  ...  2008-02-29            8.176623e+08

[5 rows x 7 columns]
[2024-08-31T02:55:46.022+0000] {logging_mixin.py:188} INFO - DataFrame from processed-data/Metro_zhvf_growth_uc_sfrcondo_tier_0.33_0.67_sm_sa_month_transformed.csv loaded successfully with shape (3576, 7)
[2024-08-31T02:55:46.022+0000] {logging_mixin.py:188} INFO - First few rows of processed-data/Metro_zhvf_growth_uc_sfrcondo_tier_0.33_0.67_sm_sa_month_transformed.csv:
[2024-08-31T02:55:46.028+0000] {logging_mixin.py:188} INFO -    regionid  sizerank       regionname regiontype statename date zhvf_growth
0    394913         1     New York, NY        msa        NY  NaN  2024-07-31
1    753899         2  Los Angeles, CA        msa        CA  NaN  2024-07-31
2    394463         3      Chicago, IL        msa        IL  NaN  2024-07-31
3    394514         4       Dallas, TX        msa        TX  NaN  2024-07-31
4    394692         5      Houston, TX        msa        TX  NaN  2024-07-31
[2024-08-31T02:55:46.580+0000] {logging_mixin.py:188} INFO - DataFrame from processed-data/Metro_zhvi_uc_sfrcondo_tier_0.33_0.67_sm_sa_month_transformed.csv loaded successfully with shape (263730, 7)
[2024-08-31T02:55:46.581+0000] {logging_mixin.py:188} INFO - First few rows of processed-data/Metro_zhvi_uc_sfrcondo_tier_0.33_0.67_sm_sa_month_transformed.csv:
[2024-08-31T02:55:46.587+0000] {logging_mixin.py:188} INFO -    regionid  sizerank       regionname  ... statename        date           zhvi
0    394913         1     New York, NY  ...        NY  2000-01-31  219438.634519
1    753899         2  Los Angeles, CA  ...        CA  2000-01-31  226644.663860
2    394463         3      Chicago, IL  ...        IL  2000-01-31  156108.490933
3    394514         4       Dallas, TX  ...        TX  2000-01-31  127988.784838
4    394692         5      Houston, TX  ...        TX  2000-01-31  123347.089307

[5 rows x 7 columns]
[2024-08-31T02:55:46.722+0000] {logging_mixin.py:188} INFO - DataFrame from processed-data/Metro_zordi_uc_sfrcondomfr_month_transformed.csv loaded successfully with shape (41900, 7)
[2024-08-31T02:55:46.723+0000] {logging_mixin.py:188} INFO - First few rows of processed-data/Metro_zordi_uc_sfrcondomfr_month_transformed.csv:
[2024-08-31T02:55:46.729+0000] {logging_mixin.py:188} INFO -    regionid  sizerank       regionname regiontype statename        date  zordi
0    394913         1     New York, NY        msa        NY  2020-06-30   53.0
1    753899         2  Los Angeles, CA        msa        CA  2020-06-30  134.0
2    394463         3      Chicago, IL        msa        IL  2020-06-30   97.0
3    394514         4       Dallas, TX        msa        TX  2020-06-30  108.0
4    394692         5      Houston, TX        msa        TX  2020-06-30   46.0
[2024-08-31T02:55:46.944+0000] {logging_mixin.py:188} INFO - DataFrame from processed-data/Metro_zori_uc_sfrcondomfr_sm_sa_month_transformed.csv loaded successfully with shape (75325, 7)
[2024-08-31T02:55:46.945+0000] {logging_mixin.py:188} INFO - First few rows of processed-data/Metro_zori_uc_sfrcondomfr_sm_sa_month_transformed.csv:
[2024-08-31T02:55:46.951+0000] {logging_mixin.py:188} INFO -    regionid  sizerank       regionname  ... statename        date         zori
0    394913         1     New York, NY  ...        NY  2015-01-31  2481.182425
1    753899         2  Los Angeles, CA  ...        CA  2015-01-31  1881.508547
2    394463         3      Chicago, IL  ...        IL  2015-01-31  1474.673585
3    394514         4       Dallas, TX  ...        TX  2015-01-31  1166.527618
4    394692         5      Houston, TX  ...        TX  2015-01-31  1292.649912

[5 rows x 7 columns]
[2024-08-31T02:55:47.234+0000] {logging_mixin.py:188} INFO - Combined DataFrame:
[2024-08-31T02:55:47.254+0000] {logging_mixin.py:188} INFO -    regionid  sizerank       regionname  ... zhvi zordi zori
0    394913         1     New York, NY  ...  NaN   NaN  NaN
1    753899         2  Los Angeles, CA  ...  NaN   NaN  NaN
2    394463         3      Chicago, IL  ...  NaN   NaN  NaN
3    394514         4       Dallas, TX  ...  NaN   NaN  NaN
4    394692         5      Houston, TX  ...  NaN   NaN  NaN

[5 rows x 33 columns]
[2024-08-31T02:57:00.026+0000] {logging_mixin.py:188} INFO - Combined file saved to zillow-staging/combined-data/combined_file.csv
[2024-08-31T02:57:00.083+0000] {python.py:237} INFO - Done. Returned value was: None
[2024-08-31T02:57:00.084+0000] {taskinstance.py:441} INFO - ::group::Post task execution logs
[2024-08-31T02:57:00.091+0000] {taskinstance.py:1206} INFO - Marking task as SUCCESS. dag_id=etl_single_task_process_files, task_id=combine_files, run_id=manual__2024-08-31T02:54:41.873200+00:00, execution_date=20240831T025441, start_date=20240831T025540, end_date=20240831T025700
[2024-08-31T02:57:00.118+0000] {local_task_job_runner.py:240} INFO - Task exited with return code 0
[2024-08-31T02:57:00.129+0000] {taskinstance.py:3503} INFO - 0 downstream tasks scheduled from follow-on schedule check
[2024-08-31T02:57:00.131+0000] {local_task_job_runner.py:222} INFO - ::endgroup::
