[2024-08-31T01:45:04.959+0000] {local_task_job_runner.py:120} INFO - ::group::Pre task execution logs
[2024-08-31T01:45:04.977+0000] {taskinstance.py:2076} INFO - Dependencies all met for dep_context=non-requeueable deps ti=<TaskInstance: etl_single_task_process_files.process_and_transform_files manual__2024-08-31T01:45:03.649456+00:00 [queued]>
[2024-08-31T01:45:04.985+0000] {taskinstance.py:2076} INFO - Dependencies all met for dep_context=requeueable deps ti=<TaskInstance: etl_single_task_process_files.process_and_transform_files manual__2024-08-31T01:45:03.649456+00:00 [queued]>
[2024-08-31T01:45:04.985+0000] {taskinstance.py:2306} INFO - Starting attempt 1 of 2
[2024-08-31T01:45:04.998+0000] {taskinstance.py:2330} INFO - Executing <Task(PythonOperator): process_and_transform_files> on 2024-08-31 01:45:03.649456+00:00
[2024-08-31T01:45:05.003+0000] {warnings.py:112} WARNING - /home/***/.local/lib/python3.12/site-packages/***/task/task_runner/standard_task_runner.py:61: DeprecationWarning: This process (pid=199) is multi-threaded, use of fork() may lead to deadlocks in the child.
  pid = os.fork()

[2024-08-31T01:45:05.004+0000] {standard_task_runner.py:63} INFO - Started process 201 to run task
[2024-08-31T01:45:05.004+0000] {standard_task_runner.py:90} INFO - Running: ['***', 'tasks', 'run', 'etl_single_task_process_files', 'process_and_transform_files', 'manual__2024-08-31T01:45:03.649456+00:00', '--job-id', '441', '--raw', '--subdir', 'DAGS_FOLDER/etl_pipeline.py', '--cfg-path', '/tmp/tmpzjf53bhd']
[2024-08-31T01:45:05.006+0000] {standard_task_runner.py:91} INFO - Job 441: Subtask process_and_transform_files
[2024-08-31T01:45:05.051+0000] {task_command.py:426} INFO - Running <TaskInstance: etl_single_task_process_files.process_and_transform_files manual__2024-08-31T01:45:03.649456+00:00 [running]> on host 0fffd72ba499
[2024-08-31T01:45:05.131+0000] {taskinstance.py:2648} INFO - Exporting env vars: AIRFLOW_CTX_DAG_OWNER='***' AIRFLOW_CTX_DAG_ID='etl_single_task_process_files' AIRFLOW_CTX_TASK_ID='process_and_transform_files' AIRFLOW_CTX_EXECUTION_DATE='2024-08-31T01:45:03.649456+00:00' AIRFLOW_CTX_TRY_NUMBER='1' AIRFLOW_CTX_DAG_RUN_ID='manual__2024-08-31T01:45:03.649456+00:00'
[2024-08-31T01:45:05.132+0000] {taskinstance.py:430} INFO - ::endgroup::
[2024-08-31T01:45:05.152+0000] {base.py:84} INFO - Using connection ID 'zillow-aws' for task execution.
[2024-08-31T01:45:05.152+0000] {connection_wrapper.py:384} INFO - AWS Connection (conn_id='zillow-aws', conn_type='aws') credentials retrieved from login and password.
[2024-08-31T01:45:07.663+0000] {logging_mixin.py:188} INFO - Processed and saved Metro_invt_fs_uc_sfrcondo_week.csv to processed-data/Metro_invt_fs_uc_sfrcondo_week_transformed.csv in zillow-staging
[2024-08-31T01:45:07.938+0000] {logging_mixin.py:188} INFO - Processed and saved Metro_market_temp_index_uc_sfrcondo_month.csv to processed-data/Metro_market_temp_index_uc_sfrcondo_month_transformed.csv in zillow-staging
[2024-08-31T01:45:08.176+0000] {logging_mixin.py:188} INFO - Processed and saved Metro_mean_days_to_close_uc_sfrcondo_month.csv to processed-data/Metro_mean_days_to_close_uc_sfrcondo_month_transformed.csv in zillow-staging
[2024-08-31T01:45:08.449+0000] {logging_mixin.py:188} INFO - Processed and saved Metro_mean_doz_pending_uc_sfrcondo_sm_month.csv to processed-data/Metro_mean_doz_pending_uc_sfrcondo_sm_month_transformed.csv in zillow-staging
[2024-08-31T01:45:08.726+0000] {logging_mixin.py:188} INFO - Processed and saved Metro_mean_listings_price_cut_amt_uc_sfrcondo_sm_month.csv to processed-data/Metro_mean_listings_price_cut_amt_uc_sfrcondo_sm_month_transformed.csv in zillow-staging
[2024-08-31T01:45:09.040+0000] {logging_mixin.py:188} INFO - Processed and saved Metro_mean_sale_to_list_uc_sfrcondo_month.csv to processed-data/Metro_mean_sale_to_list_uc_sfrcondo_month_transformed.csv in zillow-staging
[2024-08-31T01:45:09.388+0000] {logging_mixin.py:188} INFO - Processed and saved Metro_med_doz_pending_uc_sfrcondo_sm_month.csv to processed-data/Metro_med_doz_pending_uc_sfrcondo_sm_month_transformed.csv in zillow-staging
[2024-08-31T01:45:09.672+0000] {logging_mixin.py:188} INFO - Processed and saved Metro_med_listings_price_cut_amt_uc_sfrcondo_sm_month.csv to processed-data/Metro_med_listings_price_cut_amt_uc_sfrcondo_sm_month_transformed.csv in zillow-staging
[2024-08-31T01:45:09.931+0000] {logging_mixin.py:188} INFO - Processed and saved Metro_median_days_to_close_uc_sfrcondo_month.csv to processed-data/Metro_median_days_to_close_uc_sfrcondo_month_transformed.csv in zillow-staging
[2024-08-31T01:45:10.426+0000] {logging_mixin.py:188} INFO - Processed and saved Metro_median_sale_price_uc_sfrcondo_month.csv to processed-data/Metro_median_sale_price_uc_sfrcondo_month_transformed.csv in zillow-staging
[2024-08-31T01:45:10.679+0000] {logging_mixin.py:188} INFO - Processed and saved Metro_median_sale_to_list_uc_sfrcondo_month.csv to processed-data/Metro_median_sale_to_list_uc_sfrcondo_month_transformed.csv in zillow-staging
[2024-08-31T01:45:11.025+0000] {logging_mixin.py:188} INFO - Processed and saved Metro_mlp_uc_sfrcondo_month.csv to processed-data/Metro_mlp_uc_sfrcondo_month_transformed.csv in zillow-staging
[2024-08-31T01:45:11.281+0000] {logging_mixin.py:188} INFO - Processed and saved Metro_new_con_mean_sale_price_uc_sfrcondo_month.csv to processed-data/Metro_new_con_mean_sale_price_uc_sfrcondo_month_transformed.csv in zillow-staging
[2024-08-31T01:45:11.506+0000] {logging_mixin.py:188} INFO - Processed and saved Metro_new_con_median_sale_price_per_sqft_uc_sfrcondo_month.csv to processed-data/Metro_new_con_median_sale_price_per_sqft_uc_sfrcondo_month_transformed.csv in zillow-staging
[2024-08-31T01:45:11.736+0000] {logging_mixin.py:188} INFO - Processed and saved Metro_new_con_median_sale_price_uc_sfrcondo_month.csv to processed-data/Metro_new_con_median_sale_price_uc_sfrcondo_month_transformed.csv in zillow-staging
[2024-08-31T01:45:11.957+0000] {logging_mixin.py:188} INFO - Processed and saved Metro_new_con_sales_count_raw_uc_sfrcondo_month.csv to processed-data/Metro_new_con_sales_count_raw_uc_sfrcondo_month_transformed.csv in zillow-staging
[2024-08-31T01:45:12.294+0000] {logging_mixin.py:188} INFO - Processed and saved Metro_new_listings_uc_sfrcondo_month.csv to processed-data/Metro_new_listings_uc_sfrcondo_month_transformed.csv in zillow-staging
[2024-08-31T01:45:12.614+0000] {logging_mixin.py:188} INFO - Processed and saved Metro_new_pending_uc_sfrcondo_month.csv to processed-data/Metro_new_pending_uc_sfrcondo_month_transformed.csv in zillow-staging
[2024-08-31T01:45:12.897+0000] {logging_mixin.py:188} INFO - Processed and saved Metro_pct_sold_above_list_uc_sfrcondo_month.csv to processed-data/Metro_pct_sold_above_list_uc_sfrcondo_month_transformed.csv in zillow-staging
[2024-08-31T01:45:13.275+0000] {logging_mixin.py:188} INFO - Processed and saved Metro_pct_sold_below_list_uc_sfrcondo_month.csv to processed-data/Metro_pct_sold_below_list_uc_sfrcondo_month_transformed.csv in zillow-staging
[2024-08-31T01:45:13.628+0000] {logging_mixin.py:188} INFO - Processed and saved Metro_perc_listings_price_cut_uc_sfrcondo_sm_month.csv to processed-data/Metro_perc_listings_price_cut_uc_sfrcondo_sm_month_transformed.csv in zillow-staging
[2024-08-31T01:45:13.911+0000] {logging_mixin.py:188} INFO - Processed and saved Metro_sales_count_now_uc_sfrcondo_month.csv to processed-data/Metro_sales_count_now_uc_sfrcondo_month_transformed.csv in zillow-staging
[2024-08-31T01:45:14.440+0000] {logging_mixin.py:188} INFO - Processed and saved Metro_total_transaction_value_uc_sfrcondo_month.csv to processed-data/Metro_total_transaction_value_uc_sfrcondo_month_transformed.csv in zillow-staging
[2024-08-31T01:45:14.576+0000] {logging_mixin.py:188} INFO - Processed and saved Metro_zhvf_growth_uc_sfrcondo_tier_0.33_0.67_sm_sa_month.csv to processed-data/Metro_zhvf_growth_uc_sfrcondo_tier_0.33_0.67_sm_sa_month_transformed.csv in zillow-staging
[2024-08-31T01:45:15.608+0000] {logging_mixin.py:188} INFO - Processed and saved Metro_zhvi_uc_sfrcondo_tier_0.33_0.67_sm_sa_month.csv to processed-data/Metro_zhvi_uc_sfrcondo_tier_0.33_0.67_sm_sa_month_transformed.csv in zillow-staging
[2024-08-31T01:45:15.890+0000] {logging_mixin.py:188} INFO - Processed and saved Metro_zordi_uc_sfrcondomfr_month.csv to processed-data/Metro_zordi_uc_sfrcondomfr_month_transformed.csv in zillow-staging
[2024-08-31T01:45:16.225+0000] {logging_mixin.py:188} INFO - Processed and saved Metro_zori_uc_sfrcondomfr_sm_sa_month.csv to processed-data/Metro_zori_uc_sfrcondomfr_sm_sa_month_transformed.csv in zillow-staging
[2024-08-31T01:45:16.228+0000] {python.py:237} INFO - Done. Returned value was: None
[2024-08-31T01:45:16.228+0000] {taskinstance.py:441} INFO - ::group::Post task execution logs
[2024-08-31T01:45:16.238+0000] {taskinstance.py:1206} INFO - Marking task as SUCCESS. dag_id=etl_single_task_process_files, task_id=process_and_transform_files, run_id=manual__2024-08-31T01:45:03.649456+00:00, execution_date=20240831T014503, start_date=20240831T014504, end_date=20240831T014516
[2024-08-31T01:45:16.291+0000] {local_task_job_runner.py:240} INFO - Task exited with return code 0
[2024-08-31T01:45:16.302+0000] {taskinstance.py:3503} INFO - 0 downstream tasks scheduled from follow-on schedule check
[2024-08-31T01:45:16.304+0000] {local_task_job_runner.py:222} INFO - ::endgroup::
