[2024-08-31T01:36:05.834+0000] {local_task_job_runner.py:120} INFO - ::group::Pre task execution logs
[2024-08-31T01:36:05.849+0000] {taskinstance.py:2076} INFO - Dependencies all met for dep_context=non-requeueable deps ti=<TaskInstance: etl_single_task_process_files.process_and_transform_files scheduled__2024-08-30T00:00:00+00:00 [queued]>
[2024-08-31T01:36:05.858+0000] {taskinstance.py:2076} INFO - Dependencies all met for dep_context=requeueable deps ti=<TaskInstance: etl_single_task_process_files.process_and_transform_files scheduled__2024-08-30T00:00:00+00:00 [queued]>
[2024-08-31T01:36:05.859+0000] {taskinstance.py:2306} INFO - Starting attempt 1 of 2
[2024-08-31T01:36:05.873+0000] {taskinstance.py:2330} INFO - Executing <Task(PythonOperator): process_and_transform_files> on 2024-08-30 00:00:00+00:00
[2024-08-31T01:36:05.879+0000] {warnings.py:112} WARNING - /home/***/.local/lib/python3.12/site-packages/***/task/task_runner/standard_task_runner.py:61: DeprecationWarning: This process (pid=75) is multi-threaded, use of fork() may lead to deadlocks in the child.
  pid = os.fork()

[2024-08-31T01:36:05.881+0000] {standard_task_runner.py:63} INFO - Started process 78 to run task
[2024-08-31T01:36:05.880+0000] {standard_task_runner.py:90} INFO - Running: ['***', 'tasks', 'run', 'etl_single_task_process_files', 'process_and_transform_files', 'scheduled__2024-08-30T00:00:00+00:00', '--job-id', '439', '--raw', '--subdir', 'DAGS_FOLDER/etl_pipeline.py', '--cfg-path', '/tmp/tmpsdjmqiqi']
[2024-08-31T01:36:05.884+0000] {standard_task_runner.py:91} INFO - Job 439: Subtask process_and_transform_files
[2024-08-31T01:36:05.932+0000] {task_command.py:426} INFO - Running <TaskInstance: etl_single_task_process_files.process_and_transform_files scheduled__2024-08-30T00:00:00+00:00 [running]> on host 0fffd72ba499
[2024-08-31T01:36:06.014+0000] {taskinstance.py:2648} INFO - Exporting env vars: AIRFLOW_CTX_DAG_OWNER='***' AIRFLOW_CTX_DAG_ID='etl_single_task_process_files' AIRFLOW_CTX_TASK_ID='process_and_transform_files' AIRFLOW_CTX_EXECUTION_DATE='2024-08-30T00:00:00+00:00' AIRFLOW_CTX_TRY_NUMBER='1' AIRFLOW_CTX_DAG_RUN_ID='scheduled__2024-08-30T00:00:00+00:00'
[2024-08-31T01:36:06.015+0000] {taskinstance.py:430} INFO - ::endgroup::
[2024-08-31T01:36:06.050+0000] {base.py:84} INFO - Using connection ID 'zillow-aws' for task execution.
[2024-08-31T01:36:06.051+0000] {connection_wrapper.py:384} INFO - AWS Connection (conn_id='zillow-aws', conn_type='aws') credentials retrieved from login and password.
[2024-08-31T01:36:08.989+0000] {logging_mixin.py:188} INFO - Processed and saved Metro_invt_fs_uc_sfrcondo_week.csv to processed-data/Metro_invt_fs_uc_sfrcondo_week.parquet in zillow-staging
[2024-08-31T01:36:09.405+0000] {logging_mixin.py:188} INFO - Processed and saved Metro_market_temp_index_uc_sfrcondo_month.csv to processed-data/Metro_market_temp_index_uc_sfrcondo_month.parquet in zillow-staging
[2024-08-31T01:36:09.680+0000] {logging_mixin.py:188} INFO - Processed and saved Metro_mean_days_to_close_uc_sfrcondo_month.csv to processed-data/Metro_mean_days_to_close_uc_sfrcondo_month.parquet in zillow-staging
[2024-08-31T01:36:09.942+0000] {logging_mixin.py:188} INFO - Processed and saved Metro_mean_doz_pending_uc_sfrcondo_sm_month.csv to processed-data/Metro_mean_doz_pending_uc_sfrcondo_sm_month.parquet in zillow-staging
[2024-08-31T01:36:10.248+0000] {logging_mixin.py:188} INFO - Processed and saved Metro_mean_listings_price_cut_amt_uc_sfrcondo_sm_month.csv to processed-data/Metro_mean_listings_price_cut_amt_uc_sfrcondo_sm_month.parquet in zillow-staging
[2024-08-31T01:36:10.569+0000] {logging_mixin.py:188} INFO - Processed and saved Metro_mean_sale_to_list_uc_sfrcondo_month.csv to processed-data/Metro_mean_sale_to_list_uc_sfrcondo_month.parquet in zillow-staging
[2024-08-31T01:36:10.887+0000] {logging_mixin.py:188} INFO - Processed and saved Metro_med_doz_pending_uc_sfrcondo_sm_month.csv to processed-data/Metro_med_doz_pending_uc_sfrcondo_sm_month.parquet in zillow-staging
[2024-08-31T01:36:11.200+0000] {logging_mixin.py:188} INFO - Processed and saved Metro_med_listings_price_cut_amt_uc_sfrcondo_sm_month.csv to processed-data/Metro_med_listings_price_cut_amt_uc_sfrcondo_sm_month.parquet in zillow-staging
[2024-08-31T01:36:11.442+0000] {logging_mixin.py:188} INFO - Processed and saved Metro_median_days_to_close_uc_sfrcondo_month.csv to processed-data/Metro_median_days_to_close_uc_sfrcondo_month.parquet in zillow-staging
[2024-08-31T01:36:11.985+0000] {logging_mixin.py:188} INFO - Processed and saved Metro_median_sale_price_uc_sfrcondo_month.csv to processed-data/Metro_median_sale_price_uc_sfrcondo_month.parquet in zillow-staging
[2024-08-31T01:36:12.318+0000] {logging_mixin.py:188} INFO - Processed and saved Metro_median_sale_to_list_uc_sfrcondo_month.csv to processed-data/Metro_median_sale_to_list_uc_sfrcondo_month.parquet in zillow-staging
[2024-08-31T01:36:12.735+0000] {logging_mixin.py:188} INFO - Processed and saved Metro_mlp_uc_sfrcondo_month.csv to processed-data/Metro_mlp_uc_sfrcondo_month.parquet in zillow-staging
[2024-08-31T01:36:12.989+0000] {logging_mixin.py:188} INFO - Processed and saved Metro_new_con_mean_sale_price_uc_sfrcondo_month.csv to processed-data/Metro_new_con_mean_sale_price_uc_sfrcondo_month.parquet in zillow-staging
[2024-08-31T01:36:13.253+0000] {logging_mixin.py:188} INFO - Processed and saved Metro_new_con_median_sale_price_per_sqft_uc_sfrcondo_month.csv to processed-data/Metro_new_con_median_sale_price_per_sqft_uc_sfrcondo_month.parquet in zillow-staging
[2024-08-31T01:36:13.496+0000] {logging_mixin.py:188} INFO - Processed and saved Metro_new_con_median_sale_price_uc_sfrcondo_month.csv to processed-data/Metro_new_con_median_sale_price_uc_sfrcondo_month.parquet in zillow-staging
[2024-08-31T01:36:13.751+0000] {logging_mixin.py:188} INFO - Processed and saved Metro_new_con_sales_count_raw_uc_sfrcondo_month.csv to processed-data/Metro_new_con_sales_count_raw_uc_sfrcondo_month.parquet in zillow-staging
[2024-08-31T01:36:14.183+0000] {logging_mixin.py:188} INFO - Processed and saved Metro_new_listings_uc_sfrcondo_month.csv to processed-data/Metro_new_listings_uc_sfrcondo_month.parquet in zillow-staging
[2024-08-31T01:36:14.533+0000] {logging_mixin.py:188} INFO - Processed and saved Metro_new_pending_uc_sfrcondo_month.csv to processed-data/Metro_new_pending_uc_sfrcondo_month.parquet in zillow-staging
[2024-08-31T01:36:14.801+0000] {logging_mixin.py:188} INFO - Processed and saved Metro_pct_sold_above_list_uc_sfrcondo_month.csv to processed-data/Metro_pct_sold_above_list_uc_sfrcondo_month.parquet in zillow-staging
[2024-08-31T01:36:15.152+0000] {logging_mixin.py:188} INFO - Processed and saved Metro_pct_sold_below_list_uc_sfrcondo_month.csv to processed-data/Metro_pct_sold_below_list_uc_sfrcondo_month.parquet in zillow-staging
[2024-08-31T01:36:15.611+0000] {logging_mixin.py:188} INFO - Processed and saved Metro_perc_listings_price_cut_uc_sfrcondo_sm_month.csv to processed-data/Metro_perc_listings_price_cut_uc_sfrcondo_sm_month.parquet in zillow-staging
[2024-08-31T01:36:15.906+0000] {logging_mixin.py:188} INFO - Processed and saved Metro_sales_count_now_uc_sfrcondo_month.csv to processed-data/Metro_sales_count_now_uc_sfrcondo_month.parquet in zillow-staging
[2024-08-31T01:36:16.503+0000] {logging_mixin.py:188} INFO - Processed and saved Metro_total_transaction_value_uc_sfrcondo_month.csv to processed-data/Metro_total_transaction_value_uc_sfrcondo_month.parquet in zillow-staging
[2024-08-31T01:36:16.667+0000] {logging_mixin.py:188} INFO - Processed and saved Metro_zhvf_growth_uc_sfrcondo_tier_0.33_0.67_sm_sa_month.csv to processed-data/Metro_zhvf_growth_uc_sfrcondo_tier_0.33_0.67_sm_sa_month.parquet in zillow-staging
[2024-08-31T01:36:17.601+0000] {logging_mixin.py:188} INFO - Processed and saved Metro_zhvi_uc_sfrcondo_tier_0.33_0.67_sm_sa_month.csv to processed-data/Metro_zhvi_uc_sfrcondo_tier_0.33_0.67_sm_sa_month.parquet in zillow-staging
[2024-08-31T01:36:17.905+0000] {logging_mixin.py:188} INFO - Processed and saved Metro_zordi_uc_sfrcondomfr_month.csv to processed-data/Metro_zordi_uc_sfrcondomfr_month.parquet in zillow-staging
[2024-08-31T01:36:18.237+0000] {logging_mixin.py:188} INFO - Processed and saved Metro_zori_uc_sfrcondomfr_sm_sa_month.csv to processed-data/Metro_zori_uc_sfrcondomfr_sm_sa_month.parquet in zillow-staging
[2024-08-31T01:36:18.240+0000] {python.py:237} INFO - Done. Returned value was: None
[2024-08-31T01:36:18.241+0000] {taskinstance.py:441} INFO - ::group::Post task execution logs
[2024-08-31T01:36:18.248+0000] {taskinstance.py:1206} INFO - Marking task as SUCCESS. dag_id=etl_single_task_process_files, task_id=process_and_transform_files, run_id=scheduled__2024-08-30T00:00:00+00:00, execution_date=20240830T000000, start_date=20240831T013605, end_date=20240831T013618
[2024-08-31T01:36:18.280+0000] {local_task_job_runner.py:240} INFO - Task exited with return code 0
[2024-08-31T01:36:18.293+0000] {taskinstance.py:3503} INFO - 0 downstream tasks scheduled from follow-on schedule check
[2024-08-31T01:36:18.295+0000] {local_task_job_runner.py:222} INFO - ::endgroup::
