[2024-08-31T01:56:38.986+0000] {local_task_job_runner.py:120} INFO - ::group::Pre task execution logs
[2024-08-31T01:56:39.001+0000] {taskinstance.py:2076} INFO - Dependencies all met for dep_context=non-requeueable deps ti=<TaskInstance: etl_single_task_process_files.process_and_transform_files manual__2024-08-31T01:56:37.798700+00:00 [queued]>
[2024-08-31T01:56:39.009+0000] {taskinstance.py:2076} INFO - Dependencies all met for dep_context=requeueable deps ti=<TaskInstance: etl_single_task_process_files.process_and_transform_files manual__2024-08-31T01:56:37.798700+00:00 [queued]>
[2024-08-31T01:56:39.010+0000] {taskinstance.py:2306} INFO - Starting attempt 1 of 2
[2024-08-31T01:56:39.022+0000] {taskinstance.py:2330} INFO - Executing <Task(PythonOperator): process_and_transform_files> on 2024-08-31 01:56:37.798700+00:00
[2024-08-31T01:56:39.027+0000] {warnings.py:112} WARNING - /home/***/.local/lib/python3.12/site-packages/***/task/task_runner/standard_task_runner.py:61: DeprecationWarning: This process (pid=356) is multi-threaded, use of fork() may lead to deadlocks in the child.
  pid = os.fork()

[2024-08-31T01:56:39.029+0000] {standard_task_runner.py:63} INFO - Started process 358 to run task
[2024-08-31T01:56:39.028+0000] {standard_task_runner.py:90} INFO - Running: ['***', 'tasks', 'run', 'etl_single_task_process_files', 'process_and_transform_files', 'manual__2024-08-31T01:56:37.798700+00:00', '--job-id', '444', '--raw', '--subdir', 'DAGS_FOLDER/etl_pipeline.py', '--cfg-path', '/tmp/tmp7le5avgz']
[2024-08-31T01:56:39.031+0000] {standard_task_runner.py:91} INFO - Job 444: Subtask process_and_transform_files
[2024-08-31T01:56:39.072+0000] {task_command.py:426} INFO - Running <TaskInstance: etl_single_task_process_files.process_and_transform_files manual__2024-08-31T01:56:37.798700+00:00 [running]> on host 0fffd72ba499
[2024-08-31T01:56:39.157+0000] {taskinstance.py:2648} INFO - Exporting env vars: AIRFLOW_CTX_DAG_OWNER='***' AIRFLOW_CTX_DAG_ID='etl_single_task_process_files' AIRFLOW_CTX_TASK_ID='process_and_transform_files' AIRFLOW_CTX_EXECUTION_DATE='2024-08-31T01:56:37.798700+00:00' AIRFLOW_CTX_TRY_NUMBER='1' AIRFLOW_CTX_DAG_RUN_ID='manual__2024-08-31T01:56:37.798700+00:00'
[2024-08-31T01:56:39.159+0000] {taskinstance.py:430} INFO - ::endgroup::
[2024-08-31T01:56:39.180+0000] {base.py:84} INFO - Using connection ID 'zillow-aws' for task execution.
[2024-08-31T01:56:39.181+0000] {connection_wrapper.py:384} INFO - AWS Connection (conn_id='zillow-aws', conn_type='aws') credentials retrieved from login and password.
[2024-08-31T01:56:40.393+0000] {logging_mixin.py:188} INFO - Data loaded from Metro_invt_fs_uc_sfrcondo_week.csv:
[2024-08-31T01:56:40.462+0000] {logging_mixin.py:188} INFO -    RegionID  SizeRank       RegionName  ... 2024-07-20 2024-07-27  2024-08-03
0    102001         0    United States  ...   901889.0   903051.0    900091.0
1    394913         1     New York, NY  ...    34515.0    34279.0     33966.0
2    753899         2  Los Angeles, CA  ...    15349.0    15422.0     15335.0
3    394463         3      Chicago, IL  ...    17260.0    17411.0     17270.0
4    394514         4       Dallas, TX  ...    25004.0    25117.0     25019.0

[5 rows x 348 columns]
[2024-08-31T01:56:40.539+0000] {logging_mixin.py:188} INFO - Pivoted data from Metro_invt_fs_uc_sfrcondo_week.csv:
[2024-08-31T01:56:40.549+0000] {logging_mixin.py:188} INFO -    regionid  sizerank       regionname  ... statename date for_sale_inventory
0    394913         1     New York, NY  ...        NY  NaT            53920.0
1    753899         2  Los Angeles, CA  ...        CA  NaT            13458.0
2    394463         3      Chicago, IL  ...        IL  NaT            27073.0
3    394514         4       Dallas, TX  ...        TX  NaT            17171.0
4    394692         5      Houston, TX  ...        TX  NaT            19256.0

[5 rows x 7 columns]
[2024-08-31T01:56:41.120+0000] {logging_mixin.py:188} INFO - CSV content for Metro_invt_fs_uc_sfrcondo_week.csv (first 500 characters):
[2024-08-31T01:56:41.122+0000] {logging_mixin.py:188} INFO - regionid,sizerank,regionname,regiontype,statename,date,for_sale_inventory
394913,1,"New York, NY",msa,NY,,53920.0
753899,2,"Los Angeles, CA",msa,CA,,13458.0
394463,3,"Chicago, IL",msa,IL,,27073.0
394514,4,"Dallas, TX",msa,TX,,17171.0
394692,5,"Houston, TX",msa,TX,,19256.0
395209,6,"Washington, DC",msa,VA,,13649.0
394974,7,"Philadelphia, PA",msa,PA,,18557.0
394856,8,"Miami, FL",msa,FL,,45593.0
394347,9,"Atlanta, GA",msa,GA,,18252.0
394404,10,"Boston, MA",msa,MA,,5690.0
394976,11,"Phoenix, AZ",msa
[2024-08-31T01:56:46.257+0000] {logging_mixin.py:188} INFO - Processed and saved Metro_invt_fs_uc_sfrcondo_week.csv to processed-data/Metro_invt_fs_uc_sfrcondo_week_transformed.csv in zillow-staging
[2024-08-31T01:56:46.404+0000] {logging_mixin.py:188} INFO - Data loaded from Metro_market_temp_index_uc_sfrcondo_month.csv:
[2024-08-31T01:56:46.471+0000] {logging_mixin.py:188} INFO -    RegionID  SizeRank       RegionName  ... 2024-05-31 2024-06-30  2024-07-31
0    102001         0    United States  ...       58.0       56.0        54.0
1    394913         1     New York, NY  ...       79.0       76.0        74.0
2    753899         2  Los Angeles, CA  ...       74.0       69.0        67.0
3    394463         3      Chicago, IL  ...       71.0       67.0        64.0
4    394514         4       Dallas, TX  ...       59.0       55.0        52.0

[5 rows x 84 columns]
[2024-08-31T01:56:46.495+0000] {logging_mixin.py:188} INFO - Pivoted data from Metro_market_temp_index_uc_sfrcondo_month.csv:
[2024-08-31T01:56:46.502+0000] {logging_mixin.py:188} INFO -    regionid  sizerank       regionname  ... statename date market_heat_index
0    394913         1     New York, NY  ...        NY  NaT              50.0
1    753899         2  Los Angeles, CA  ...        CA  NaT              69.0
2    394463         3      Chicago, IL  ...        IL  NaT              48.0
3    394514         4       Dallas, TX  ...        TX  NaT              56.0
4    394692         5      Houston, TX  ...        TX  NaT              48.0

[5 rows x 7 columns]
[2024-08-31T01:56:46.630+0000] {logging_mixin.py:188} INFO - CSV content for Metro_market_temp_index_uc_sfrcondo_month.csv (first 500 characters):
[2024-08-31T01:56:46.631+0000] {logging_mixin.py:188} INFO - regionid,sizerank,regionname,regiontype,statename,date,market_heat_index
394913,1,"New York, NY",msa,NY,,50.0
753899,2,"Los Angeles, CA",msa,CA,,69.0
394463,3,"Chicago, IL",msa,IL,,48.0
394514,4,"Dallas, TX",msa,TX,,56.0
394692,5,"Houston, TX",msa,TX,,48.0
395209,6,"Washington, DC",msa,VA,,56.0
394974,7,"Philadelphia, PA",msa,PA,,39.0
394856,8,"Miami, FL",msa,FL,,38.0
394347,9,"Atlanta, GA",msa,GA,,53.0
394404,10,"Boston, MA",msa,MA,,71.0
394976,11,"Phoenix, AZ",msa,AZ,,55.0
395057,12,"San Franc
[2024-08-31T01:56:47.730+0000] {logging_mixin.py:188} INFO - Processed and saved Metro_market_temp_index_uc_sfrcondo_month.csv to processed-data/Metro_market_temp_index_uc_sfrcondo_month_transformed.csv in zillow-staging
[2024-08-31T01:56:47.831+0000] {logging_mixin.py:188} INFO - Data loaded from Metro_mean_days_to_close_uc_sfrcondo_month.csv:
[2024-08-31T01:56:47.887+0000] {logging_mixin.py:188} INFO -    RegionID  SizeRank       RegionName  ... 2024-04-30 2024-05-31  2024-06-30
0    102001         0    United States  ...       33.0       34.0        34.0
1    394913         1     New York, NY  ...       51.0       53.0        56.0
2    753899         2  Los Angeles, CA  ...       29.0       29.0        29.0
3    394463         3      Chicago, IL  ...       37.0       38.0        39.0
4    394514         4       Dallas, TX  ...       29.0       29.0        29.0

[5 rows x 83 columns]
[2024-08-31T01:56:47.901+0000] {logging_mixin.py:188} INFO - Pivoted data from Metro_mean_days_to_close_uc_sfrcondo_month.csv:
[2024-08-31T01:56:47.906+0000] {logging_mixin.py:188} INFO -    regionid  sizerank       regionname regiontype statename date  value
0    394913         1     New York, NY        msa        NY  NaT   62.0
1    753899         2  Los Angeles, CA        msa        CA  NaT   38.0
2    394463         3      Chicago, IL        msa        IL  NaT   46.0
3    394514         4       Dallas, TX        msa        TX  NaT   22.0
4    394692         5      Houston, TX        msa        TX  NaT   33.0
[2024-08-31T01:56:47.986+0000] {logging_mixin.py:188} INFO - CSV content for Metro_mean_days_to_close_uc_sfrcondo_month.csv (first 500 characters):
[2024-08-31T01:56:47.986+0000] {logging_mixin.py:188} INFO - regionid,sizerank,regionname,regiontype,statename,date,value
394913,1,"New York, NY",msa,NY,,62.0
753899,2,"Los Angeles, CA",msa,CA,,38.0
394463,3,"Chicago, IL",msa,IL,,46.0
394514,4,"Dallas, TX",msa,TX,,22.0
394692,5,"Houston, TX",msa,TX,,33.0
395209,6,"Washington, DC",msa,VA,,38.0
394974,7,"Philadelphia, PA",msa,PA,,41.0
394856,8,"Miami, FL",msa,FL,,40.0
394347,9,"Atlanta, GA",msa,GA,,35.0
394404,10,"Boston, MA",msa,MA,,52.0
394976,11,"Phoenix, AZ",msa,AZ,,31.0
395057,12,"San Francisco, CA",ms
[2024-08-31T01:56:48.722+0000] {logging_mixin.py:188} INFO - Processed and saved Metro_mean_days_to_close_uc_sfrcondo_month.csv to processed-data/Metro_mean_days_to_close_uc_sfrcondo_month_transformed.csv in zillow-staging
[2024-08-31T01:56:48.834+0000] {logging_mixin.py:188} INFO - Data loaded from Metro_mean_doz_pending_uc_sfrcondo_sm_month.csv:
[2024-08-31T01:56:48.895+0000] {logging_mixin.py:188} INFO -    RegionID  SizeRank       RegionName  ... 2024-05-31 2024-06-30  2024-07-31
0    102001         0    United States  ...       39.0       37.0        38.0
1    394913         1     New York, NY  ...       51.0       49.0        49.0
2    753899         2  Los Angeles, CA  ...       30.0       29.0        30.0
3    394463         3      Chicago, IL  ...       26.0       24.0        24.0
4    394514         4       Dallas, TX  ...       39.0       38.0        40.0

[5 rows x 82 columns]
[2024-08-31T01:56:48.911+0000] {logging_mixin.py:188} INFO - Pivoted data from Metro_mean_doz_pending_uc_sfrcondo_sm_month.csv:
[2024-08-31T01:56:48.917+0000] {logging_mixin.py:188} INFO -    regionid  sizerank       regionname regiontype statename date  value
0    394913         1     New York, NY        msa        NY  NaT   68.0
1    753899         2  Los Angeles, CA        msa        CA  NaT   35.0
2    394463         3      Chicago, IL        msa        IL  NaT   51.0
3    394514         4       Dallas, TX        msa        TX  NaT   46.0
4    394692         5      Houston, TX        msa        TX  NaT   49.0
[2024-08-31T01:56:49.044+0000] {logging_mixin.py:188} INFO - CSV content for Metro_mean_doz_pending_uc_sfrcondo_sm_month.csv (first 500 characters):
[2024-08-31T01:56:49.045+0000] {logging_mixin.py:188} INFO - regionid,sizerank,regionname,regiontype,statename,date,value
394913,1,"New York, NY",msa,NY,,68.0
753899,2,"Los Angeles, CA",msa,CA,,35.0
394463,3,"Chicago, IL",msa,IL,,51.0
394514,4,"Dallas, TX",msa,TX,,46.0
394692,5,"Houston, TX",msa,TX,,49.0
395209,6,"Washington, DC",msa,VA,,53.0
394974,7,"Philadelphia, PA",msa,PA,,60.0
394856,8,"Miami, FL",msa,FL,,59.0
394347,9,"Atlanta, GA",msa,GA,,40.0
394404,10,"Boston, MA",msa,MA,,34.0
394976,11,"Phoenix, AZ",msa,AZ,,47.0
395057,12,"San Francisco, CA",ms
[2024-08-31T01:56:49.859+0000] {logging_mixin.py:188} INFO - Processed and saved Metro_mean_doz_pending_uc_sfrcondo_sm_month.csv to processed-data/Metro_mean_doz_pending_uc_sfrcondo_sm_month_transformed.csv in zillow-staging
[2024-08-31T01:56:49.967+0000] {logging_mixin.py:188} INFO - Data loaded from Metro_mean_listings_price_cut_amt_uc_sfrcondo_sm_month.csv:
[2024-08-31T01:56:50.018+0000] {logging_mixin.py:188} INFO -    RegionID  SizeRank  ...    2024-06-30    2024-07-31
0    102001         0  ...  20624.366425  20312.509363
1    394913         1  ...  57486.876014  55388.694257
2    753899         2  ...  71750.596595  67282.768987
3    394463         3  ...  18543.786694  17906.156091
4    394514         4  ...  15721.274603  15516.527502

[5 rows x 82 columns]
[2024-08-31T01:56:50.033+0000] {logging_mixin.py:188} INFO - Pivoted data from Metro_mean_listings_price_cut_amt_uc_sfrcondo_sm_month.csv:
[2024-08-31T01:56:50.038+0000] {logging_mixin.py:188} INFO -    regionid  sizerank       regionname regiontype statename date         value
0    394913         1     New York, NY        msa        NY  NaT  39436.870647
1    753899         2  Los Angeles, CA        msa        CA  NaT  44820.203428
2    394463         3      Chicago, IL        msa        IL  NaT  12415.627447
3    394514         4       Dallas, TX        msa        TX  NaT  12578.204060
4    394692         5      Houston, TX        msa        TX  NaT  14404.246526
[2024-08-31T01:56:50.150+0000] {logging_mixin.py:188} INFO - CSV content for Metro_mean_listings_price_cut_amt_uc_sfrcondo_sm_month.csv (first 500 characters):
[2024-08-31T01:56:50.150+0000] {logging_mixin.py:188} INFO - regionid,sizerank,regionname,regiontype,statename,date,value
394913,1,"New York, NY",msa,NY,,39436.87064673295
753899,2,"Los Angeles, CA",msa,CA,,44820.20342768711
394463,3,"Chicago, IL",msa,IL,,12415.627446778728
394514,4,"Dallas, TX",msa,TX,,12578.20406031575
394692,5,"Houston, TX",msa,TX,,14404.246526427336
395209,6,"Washington, DC",msa,VA,,17227.355106396877
394974,7,"Philadelphia, PA",msa,PA,,11141.206283763357
394856,8,"Miami, FL",msa,FL,,24118.924607672525
394347,9,"Atlanta, GA",msa,GA,,1
[2024-08-31T01:56:51.166+0000] {logging_mixin.py:188} INFO - Processed and saved Metro_mean_listings_price_cut_amt_uc_sfrcondo_sm_month.csv to processed-data/Metro_mean_listings_price_cut_amt_uc_sfrcondo_sm_month_transformed.csv in zillow-staging
[2024-08-31T01:56:51.289+0000] {logging_mixin.py:188} INFO - Data loaded from Metro_mean_sale_to_list_uc_sfrcondo_month.csv:
[2024-08-31T01:56:51.339+0000] {logging_mixin.py:188} INFO -    RegionID  SizeRank       RegionName  ... 2024-04-30 2024-05-31  2024-06-30
0    102001         0    United States  ...   0.991597   0.994370    0.995080
1    394913         1     New York, NY  ...   1.019517   1.024076    1.030287
2    753899         2  Los Angeles, CA  ...   1.017986   1.018758    1.016249
3    394463         3      Chicago, IL  ...   1.003429   1.006532    1.007598
4    394514         4       Dallas, TX  ...   0.987718   0.987737    0.984634

[5 rows x 83 columns]
[2024-08-31T01:56:51.352+0000] {logging_mixin.py:188} INFO - Pivoted data from Metro_mean_sale_to_list_uc_sfrcondo_month.csv:
[2024-08-31T01:56:51.358+0000] {logging_mixin.py:188} INFO -    regionid  sizerank       regionname regiontype statename date     value
0    394913         1     New York, NY        msa        NY  NaT  0.975615
1    753899         2  Los Angeles, CA        msa        CA  NaT  0.995173
2    394463         3      Chicago, IL        msa        IL  NaT  0.966679
3    394514         4       Dallas, TX        msa        TX  NaT  0.983215
4    394692         5      Houston, TX        msa        TX  NaT  0.966604
[2024-08-31T01:56:51.457+0000] {logging_mixin.py:188} INFO - CSV content for Metro_mean_sale_to_list_uc_sfrcondo_month.csv (first 500 characters):
[2024-08-31T01:56:51.457+0000] {logging_mixin.py:188} INFO - regionid,sizerank,regionname,regiontype,statename,date,value
394913,1,"New York, NY",msa,NY,,0.9756147821131792
753899,2,"Los Angeles, CA",msa,CA,,0.9951730351308132
394463,3,"Chicago, IL",msa,IL,,0.9666794699640564
394514,4,"Dallas, TX",msa,TX,,0.9832152183848928
394692,5,"Houston, TX",msa,TX,,0.966603820188564
395209,6,"Washington, DC",msa,VA,,0.9854730101403594
394974,7,"Philadelphia, PA",msa,PA,,0.9684199060269378
394856,8,"Miami, FL",msa,FL,,0.9559179083531936
394347,9,"Atlanta, GA",msa,GA,
[2024-08-31T01:56:52.327+0000] {logging_mixin.py:188} INFO - Processed and saved Metro_mean_sale_to_list_uc_sfrcondo_month.csv to processed-data/Metro_mean_sale_to_list_uc_sfrcondo_month_transformed.csv in zillow-staging
[2024-08-31T01:56:52.434+0000] {logging_mixin.py:188} INFO - Data loaded from Metro_med_doz_pending_uc_sfrcondo_sm_month.csv:
[2024-08-31T01:56:52.496+0000] {logging_mixin.py:188} INFO -    RegionID  SizeRank       RegionName  ... 2024-05-31 2024-06-30  2024-07-31
0    102001         0    United States  ...       13.0       14.0        15.0
1    394913         1     New York, NY  ...       21.0       22.0        24.0
2    753899         2  Los Angeles, CA  ...       13.0       14.0        15.0
3    394463         3      Chicago, IL  ...        7.0        7.0         8.0
4    394514         4       Dallas, TX  ...       15.0       17.0        20.0

[5 rows x 82 columns]
[2024-08-31T01:56:52.511+0000] {logging_mixin.py:188} INFO - Pivoted data from Metro_med_doz_pending_uc_sfrcondo_sm_month.csv:
[2024-08-31T01:56:52.521+0000] {logging_mixin.py:188} INFO -    regionid  sizerank       regionname regiontype statename date  value
0    394913         1     New York, NY        msa        NY  NaT   58.0
1    753899         2  Los Angeles, CA        msa        CA  NaT   17.0
2    394463         3      Chicago, IL        msa        IL  NaT   32.0
3    394514         4       Dallas, TX        msa        TX  NaT   27.0
4    394692         5      Houston, TX        msa        TX  NaT   27.0
[2024-08-31T01:56:52.676+0000] {logging_mixin.py:188} INFO - CSV content for Metro_med_doz_pending_uc_sfrcondo_sm_month.csv (first 500 characters):
[2024-08-31T01:56:52.677+0000] {logging_mixin.py:188} INFO - regionid,sizerank,regionname,regiontype,statename,date,value
394913,1,"New York, NY",msa,NY,,58.0
753899,2,"Los Angeles, CA",msa,CA,,17.0
394463,3,"Chicago, IL",msa,IL,,32.0
394514,4,"Dallas, TX",msa,TX,,27.0
394692,5,"Houston, TX",msa,TX,,27.0
395209,6,"Washington, DC",msa,VA,,37.0
394974,7,"Philadelphia, PA",msa,PA,,46.0
394856,8,"Miami, FL",msa,FL,,43.0
394347,9,"Atlanta, GA",msa,GA,,18.0
394404,10,"Boston, MA",msa,MA,,13.0
394976,11,"Phoenix, AZ",msa,AZ,,29.0
395057,12,"San Francisco, CA",ms
[2024-08-31T01:56:53.480+0000] {logging_mixin.py:188} INFO - Processed and saved Metro_med_doz_pending_uc_sfrcondo_sm_month.csv to processed-data/Metro_med_doz_pending_uc_sfrcondo_sm_month_transformed.csv in zillow-staging
[2024-08-31T01:56:53.619+0000] {logging_mixin.py:188} INFO - Data loaded from Metro_med_listings_price_cut_amt_uc_sfrcondo_sm_month.csv:
[2024-08-31T01:56:53.669+0000] {logging_mixin.py:188} INFO -    RegionID  SizeRank       RegionName  ... 2024-05-31    2024-06-30    2024-07-31
0    102001         0    United States  ...    10000.0  10000.000000  10000.000000
1    394913         1     New York, NY  ...    27000.0  27333.333333  27333.333333
2    753899         2  Los Angeles, CA  ...    38004.0  40004.000000  39667.000000
3    394463         3      Chicago, IL  ...    10000.0  10000.000000  10000.000000
4    394514         4       Dallas, TX  ...    10000.0  10000.000000  10000.000000

[5 rows x 82 columns]
[2024-08-31T01:56:53.685+0000] {logging_mixin.py:188} INFO - Pivoted data from Metro_med_listings_price_cut_amt_uc_sfrcondo_sm_month.csv:
[2024-08-31T01:56:53.690+0000] {logging_mixin.py:188} INFO -    regionid  sizerank       regionname regiontype statename date         value
0    394913         1     New York, NY        msa        NY  NaT  16917.500000
1    753899         2  Los Angeles, CA        msa        CA  NaT  20000.000000
2    394463         3      Chicago, IL        msa        IL  NaT   7566.666667
3    394514         4       Dallas, TX        msa        TX  NaT   8820.666667
4    394692         5      Houston, TX        msa        TX  NaT  10000.000000
[2024-08-31T01:56:53.816+0000] {logging_mixin.py:188} INFO - CSV content for Metro_med_listings_price_cut_amt_uc_sfrcondo_sm_month.csv (first 500 characters):
[2024-08-31T01:56:53.817+0000] {logging_mixin.py:188} INFO - regionid,sizerank,regionname,regiontype,statename,date,value
394913,1,"New York, NY",msa,NY,,16917.5
753899,2,"Los Angeles, CA",msa,CA,,20000.0
394463,3,"Chicago, IL",msa,IL,,7566.666666666667
394514,4,"Dallas, TX",msa,TX,,8820.666666666666
394692,5,"Houston, TX",msa,TX,,10000.0
395209,6,"Washington, DC",msa,VA,,10000.0
394974,7,"Philadelphia, PA",msa,PA,,6600.0
394856,8,"Miami, FL",msa,FL,,10000.0
394347,9,"Atlanta, GA",msa,GA,,9000.0
394404,10,"Boston, MA",msa,MA,,13333.333333333334
394976,11,
[2024-08-31T01:56:54.803+0000] {logging_mixin.py:188} INFO - Processed and saved Metro_med_listings_price_cut_amt_uc_sfrcondo_sm_month.csv to processed-data/Metro_med_listings_price_cut_amt_uc_sfrcondo_sm_month_transformed.csv in zillow-staging
[2024-08-31T01:56:55.040+0000] {logging_mixin.py:188} INFO - Data loaded from Metro_median_days_to_close_uc_sfrcondo_month.csv:
[2024-08-31T01:56:55.104+0000] {logging_mixin.py:188} INFO -    RegionID  SizeRank       RegionName  ... 2024-04-30 2024-05-31  2024-06-30
0    102001         0    United States  ...       31.0       30.0        31.0
1    394913         1     New York, NY  ...       48.0       50.0        52.0
2    753899         2  Los Angeles, CA  ...       28.0       28.0        28.0
3    394463         3      Chicago, IL  ...       35.0       35.0        35.0
4    394514         4       Dallas, TX  ...       28.0       28.0        28.0

[5 rows x 83 columns]
[2024-08-31T01:56:55.117+0000] {logging_mixin.py:188} INFO - Pivoted data from Metro_median_days_to_close_uc_sfrcondo_month.csv:
[2024-08-31T01:56:55.123+0000] {logging_mixin.py:188} INFO -    regionid  sizerank       regionname regiontype statename date  value
0    394913         1     New York, NY        msa        NY  NaT   61.0
1    753899         2  Los Angeles, CA        msa        CA  NaT   35.0
2    394463         3      Chicago, IL        msa        IL  NaT   42.0
3    394514         4       Dallas, TX        msa        TX  NaT   20.0
4    394692         5      Houston, TX        msa        TX  NaT   31.0
[2024-08-31T01:56:55.207+0000] {logging_mixin.py:188} INFO - CSV content for Metro_median_days_to_close_uc_sfrcondo_month.csv (first 500 characters):
[2024-08-31T01:56:55.208+0000] {logging_mixin.py:188} INFO - regionid,sizerank,regionname,regiontype,statename,date,value
394913,1,"New York, NY",msa,NY,,61.0
753899,2,"Los Angeles, CA",msa,CA,,35.0
394463,3,"Chicago, IL",msa,IL,,42.0
394514,4,"Dallas, TX",msa,TX,,20.0
394692,5,"Houston, TX",msa,TX,,31.0
395209,6,"Washington, DC",msa,VA,,28.0
394974,7,"Philadelphia, PA",msa,PA,,36.0
394856,8,"Miami, FL",msa,FL,,35.0
394347,9,"Atlanta, GA",msa,GA,,32.0
394404,10,"Boston, MA",msa,MA,,49.0
394976,11,"Phoenix, AZ",msa,AZ,,28.0
395057,12,"San Francisco, CA",ms
[2024-08-31T01:56:56.005+0000] {logging_mixin.py:188} INFO - Processed and saved Metro_median_days_to_close_uc_sfrcondo_month.csv to processed-data/Metro_median_days_to_close_uc_sfrcondo_month_transformed.csv in zillow-staging
[2024-08-31T01:56:56.176+0000] {logging_mixin.py:188} INFO - Data loaded from Metro_median_sale_price_uc_sfrcondo_month.csv:
[2024-08-31T01:56:56.235+0000] {logging_mixin.py:188} INFO -    RegionID  SizeRank       RegionName  ... 2024-04-30 2024-05-31  2024-06-30
0    102001         0    United States  ...   352000.0   362500.0    370000.0
1    394913         1     New York, NY  ...   580000.0   610000.0    636000.0
2    753899         2  Los Angeles, CA  ...   950000.0   970000.0    962000.0
3    394463         3      Chicago, IL  ...   315000.0   325000.0    342000.0
4    394514         4       Dallas, TX  ...   399500.0   405000.0    400000.0

[5 rows x 202 columns]
[2024-08-31T01:56:56.267+0000] {logging_mixin.py:188} INFO - Pivoted data from Metro_median_sale_price_uc_sfrcondo_month.csv:
[2024-08-31T01:56:56.273+0000] {logging_mixin.py:188} INFO -    regionid  sizerank       regionname regiontype statename date     value
0    394913         1     New York, NY        msa        NY  NaT  399898.0
1    753899         2  Los Angeles, CA        msa        CA  NaT  470000.0
2    394463         3      Chicago, IL        msa        IL  NaT  218000.0
3    394514         4       Dallas, TX        msa        TX  NaT  138000.0
4    394692         5      Houston, TX        msa        TX  NaT  145000.0
[2024-08-31T01:56:56.551+0000] {logging_mixin.py:188} INFO - CSV content for Metro_median_sale_price_uc_sfrcondo_month.csv (first 500 characters):
[2024-08-31T01:56:56.551+0000] {logging_mixin.py:188} INFO - regionid,sizerank,regionname,regiontype,statename,date,value
394913,1,"New York, NY",msa,NY,,399898.0
753899,2,"Los Angeles, CA",msa,CA,,470000.0
394463,3,"Chicago, IL",msa,IL,,218000.0
394514,4,"Dallas, TX",msa,TX,,138000.0
394692,5,"Houston, TX",msa,TX,,145000.0
395209,6,"Washington, DC",msa,VA,,338750.0
394974,7,"Philadelphia, PA",msa,PA,,191000.0
394856,8,"Miami, FL",msa,FL,,239000.0
394347,9,"Atlanta, GA",msa,GA,,150000.0
394404,10,"Boston, MA",msa,MA,,300000.0
394976,11,"Phoenix, AZ",msa,A
[2024-08-31T01:56:58.697+0000] {logging_mixin.py:188} INFO - Processed and saved Metro_median_sale_price_uc_sfrcondo_month.csv to processed-data/Metro_median_sale_price_uc_sfrcondo_month_transformed.csv in zillow-staging
[2024-08-31T01:56:58.813+0000] {logging_mixin.py:188} INFO - Data loaded from Metro_median_sale_to_list_uc_sfrcondo_month.csv:
[2024-08-31T01:56:58.864+0000] {logging_mixin.py:188} INFO -    RegionID  SizeRank       RegionName  ... 2024-04-30 2024-05-31  2024-06-30
0    102001         0    United States  ...   1.000000   1.000000    1.000000
1    394913         1     New York, NY  ...   1.000263   1.005747    1.014305
2    753899         2  Los Angeles, CA  ...   1.004016   1.006306    1.002923
3    394463         3      Chicago, IL  ...   1.000000   1.000004    1.000233
4    394514         4       Dallas, TX  ...   0.996561   0.998557    0.993174

[5 rows x 83 columns]
[2024-08-31T01:56:58.879+0000] {logging_mixin.py:188} INFO - Pivoted data from Metro_median_sale_to_list_uc_sfrcondo_month.csv:
[2024-08-31T01:56:58.884+0000] {logging_mixin.py:188} INFO -    regionid  sizerank       regionname regiontype statename date     value
0    394913         1     New York, NY        msa        NY  NaT  0.977810
1    753899         2  Los Angeles, CA        msa        CA  NaT  0.997420
2    394463         3      Chicago, IL        msa        IL  NaT  0.971160
3    394514         4       Dallas, TX        msa        TX  NaT  0.987421
4    394692         5      Houston, TX        msa        TX  NaT  0.975779
[2024-08-31T01:56:58.976+0000] {logging_mixin.py:188} INFO - CSV content for Metro_median_sale_to_list_uc_sfrcondo_month.csv (first 500 characters):
[2024-08-31T01:56:58.977+0000] {logging_mixin.py:188} INFO - regionid,sizerank,regionname,regiontype,statename,date,value
394913,1,"New York, NY",msa,NY,,0.9778098908156712
753899,2,"Los Angeles, CA",msa,CA,,0.997419851737749
394463,3,"Chicago, IL",msa,IL,,0.9711595055915244
394514,4,"Dallas, TX",msa,TX,,0.9874213836477987
394692,5,"Houston, TX",msa,TX,,0.9757785467128028
395209,6,"Washington, DC",msa,VA,,0.9932324622243536
394974,7,"Philadelphia, PA",msa,PA,,0.97868638538495
394856,8,"Miami, FL",msa,FL,,0.9612676056338028
394347,9,"Atlanta, GA",msa,GA,,0
[2024-08-31T01:56:59.769+0000] {logging_mixin.py:188} INFO - Processed and saved Metro_median_sale_to_list_uc_sfrcondo_month.csv to processed-data/Metro_median_sale_to_list_uc_sfrcondo_month_transformed.csv in zillow-staging
[2024-08-31T01:56:59.915+0000] {logging_mixin.py:188} INFO - Data loaded from Metro_mlp_uc_sfrcondo_month.csv:
[2024-08-31T01:56:59.973+0000] {logging_mixin.py:188} INFO -    RegionID  SizeRank       RegionName  ... 2024-05-31 2024-06-30  2024-07-31
0    102001         0    United States  ...   407900.0   409900.0    400000.0
1    394913         1     New York, NY  ...   719999.0   719000.0    709000.0
2    753899         2  Los Angeles, CA  ...  1089000.0  1099000.0   1098000.0
3    394463         3      Chicago, IL  ...   359900.0   359900.0    355000.0
4    394514         4       Dallas, TX  ...   439900.0   440000.0    435000.0

[5 rows x 84 columns]
[2024-08-31T01:56:59.989+0000] {logging_mixin.py:188} INFO - Pivoted data from Metro_mlp_uc_sfrcondo_month.csv:
[2024-08-31T01:56:59.996+0000] {logging_mixin.py:188} INFO -    regionid  sizerank       regionname regiontype statename date     value
0    394913         1     New York, NY        msa        NY  NaT  489000.0
1    753899         2  Los Angeles, CA        msa        CA  NaT  709000.0
2    394463         3      Chicago, IL        msa        IL  NaT  269900.0
3    394514         4       Dallas, TX        msa        TX  NaT  318000.0
4    394692         5      Houston, TX        msa        TX  NaT  289500.0
[2024-08-31T01:57:00.125+0000] {logging_mixin.py:188} INFO - CSV content for Metro_mlp_uc_sfrcondo_month.csv (first 500 characters):
[2024-08-31T01:57:00.126+0000] {logging_mixin.py:188} INFO - regionid,sizerank,regionname,regiontype,statename,date,value
394913,1,"New York, NY",msa,NY,,489000.0
753899,2,"Los Angeles, CA",msa,CA,,709000.0
394463,3,"Chicago, IL",msa,IL,,269900.0
394514,4,"Dallas, TX",msa,TX,,318000.0
394692,5,"Houston, TX",msa,TX,,289500.0
395209,6,"Washington, DC",msa,VA,,392000.0
394974,7,"Philadelphia, PA",msa,PA,,219000.0
394856,8,"Miami, FL",msa,FL,,364900.0
394347,9,"Atlanta, GA",msa,GA,,272000.0
394404,10,"Boston, MA",msa,MA,,489000.0
394976,11,"Phoenix, AZ",msa,A
[2024-08-31T01:57:01.338+0000] {logging_mixin.py:188} INFO - Processed and saved Metro_mlp_uc_sfrcondo_month.csv to processed-data/Metro_mlp_uc_sfrcondo_month_transformed.csv in zillow-staging
[2024-08-31T01:57:01.459+0000] {logging_mixin.py:188} INFO - Data loaded from Metro_new_con_mean_sale_price_uc_sfrcondo_month.csv:
[2024-08-31T01:57:01.511+0000] {logging_mixin.py:188} INFO -    RegionID  SizeRank  ...    2024-05-31    2024-06-30
0    102001         0  ...  5.629099e+05  5.487021e+05
1    394913         1  ...  1.426271e+06  1.394696e+06
2    753899         2  ...  1.951269e+06  1.875664e+06
3    394463         3  ...  6.698438e+05  6.468555e+05
4    394514         4  ...  5.099301e+05  4.909982e+05

[5 rows x 83 columns]
[2024-08-31T01:57:01.523+0000] {logging_mixin.py:188} INFO - Pivoted data from Metro_new_con_mean_sale_price_uc_sfrcondo_month.csv:
[2024-08-31T01:57:01.529+0000] {logging_mixin.py:188} INFO -    regionid  sizerank       regionname regiontype statename date         value
0    394913         1     New York, NY        msa        NY  NaT  8.176823e+05
1    753899         2  Los Angeles, CA        msa        CA  NaT  1.210770e+06
2    394463         3      Chicago, IL        msa        IL  NaT  5.788080e+05
3    394514         4       Dallas, TX        msa        TX  NaT  3.634576e+05
4    394692         5      Houston, TX        msa        TX  NaT  3.372448e+05
[2024-08-31T01:57:01.555+0000] {logging_mixin.py:188} INFO - CSV content for Metro_new_con_mean_sale_price_uc_sfrcondo_month.csv (first 500 characters):
[2024-08-31T01:57:01.555+0000] {logging_mixin.py:188} INFO - regionid,sizerank,regionname,regiontype,statename,date,value
394913,1,"New York, NY",msa,NY,,817682.254789272
753899,2,"Los Angeles, CA",msa,CA,,1210769.5515463918
394463,3,"Chicago, IL",msa,IL,,578808.0060422961
394514,4,"Dallas, TX",msa,TX,,363457.5755045233
394692,5,"Houston, TX",msa,TX,,337244.8396369138
395209,6,"Washington, DC",msa,VA,,567853.6133333333
394974,7,"Philadelphia, PA",msa,PA,,557072.7380952381
394856,8,"Miami, FL",msa,FL,,827819.9648148149
394347,9,"Atlanta, GA",msa,GA,,298699
[2024-08-31T01:57:01.911+0000] {logging_mixin.py:188} INFO - Processed and saved Metro_new_con_mean_sale_price_uc_sfrcondo_month.csv to processed-data/Metro_new_con_mean_sale_price_uc_sfrcondo_month_transformed.csv in zillow-staging
[2024-08-31T01:57:02.052+0000] {logging_mixin.py:188} INFO - Data loaded from Metro_new_con_median_sale_price_per_sqft_uc_sfrcondo_month.csv:
[2024-08-31T01:57:02.101+0000] {logging_mixin.py:188} INFO -    RegionID  SizeRank       RegionName  ...  2024-04-30  2024-05-31  2024-06-30
0    102001         0    United States  ...  208.785326  209.704616  208.662982
1    394913         1     New York, NY  ...  458.547322  467.741935  476.774194
2    753899         2  Los Angeles, CA  ...  591.757112  582.100758  621.155781
3    394463         3      Chicago, IL  ...  219.171246  218.043610  222.915133
4    394514         4       Dallas, TX  ...  196.427313  194.472222  193.800522

[5 rows x 83 columns]
[2024-08-31T01:57:02.112+0000] {logging_mixin.py:188} INFO - Pivoted data from Metro_new_con_median_sale_price_per_sqft_uc_sfrcondo_month.csv:
[2024-08-31T01:57:02.119+0000] {logging_mixin.py:188} INFO -    regionid  sizerank       regionname regiontype statename date       value
0    394913         1     New York, NY        msa        NY  NaT  246.573740
1    753899         2  Los Angeles, CA        msa        CA  NaT  396.255449
2    394463         3      Chicago, IL        msa        IL  NaT  158.615079
3    394514         4       Dallas, TX        msa        TX  NaT  131.656331
4    394692         5      Houston, TX        msa        TX  NaT  115.442327
[2024-08-31T01:57:02.145+0000] {logging_mixin.py:188} INFO - CSV content for Metro_new_con_median_sale_price_per_sqft_uc_sfrcondo_month.csv (first 500 characters):
[2024-08-31T01:57:02.146+0000] {logging_mixin.py:188} INFO - regionid,sizerank,regionname,regiontype,statename,date,value
394913,1,"New York, NY",msa,NY,,246.57374031750905
753899,2,"Los Angeles, CA",msa,CA,,396.2554487340169
394463,3,"Chicago, IL",msa,IL,,158.61507936507937
394514,4,"Dallas, TX",msa,TX,,131.656330749354
394692,5,"Houston, TX",msa,TX,,115.44232749742534
395209,6,"Washington, DC",msa,VA,,194.3885485612355
394974,7,"Philadelphia, PA",msa,PA,,172.74898242479736
394856,8,"Miami, FL",msa,FL,,200.98948670377243
394347,9,"Atlanta, GA",msa,GA,,10
[2024-08-31T01:57:02.579+0000] {logging_mixin.py:188} INFO - Processed and saved Metro_new_con_median_sale_price_per_sqft_uc_sfrcondo_month.csv to processed-data/Metro_new_con_median_sale_price_per_sqft_uc_sfrcondo_month_transformed.csv in zillow-staging
[2024-08-31T01:57:02.676+0000] {logging_mixin.py:188} INFO - Data loaded from Metro_new_con_median_sale_price_uc_sfrcondo_month.csv:
[2024-08-31T01:57:02.731+0000] {logging_mixin.py:188} INFO -    RegionID  SizeRank       RegionName  ... 2024-04-30 2024-05-31  2024-06-30
0    102001         0    United States  ...   419554.0   418000.0    413990.0
1    394913         1     New York, NY  ...   900000.0  1057027.5   1050000.0
2    753899         2  Los Angeles, CA  ...  1089995.0  1132205.0   1235000.0
3    394463         3      Chicago, IL  ...   508505.0   498990.0    519075.0
4    394514         4       Dallas, TX  ...   423382.5   415000.0    409410.0

[5 rows x 83 columns]
[2024-08-31T01:57:02.739+0000] {logging_mixin.py:188} INFO - Pivoted data from Metro_new_con_median_sale_price_uc_sfrcondo_month.csv:
[2024-08-31T01:57:02.745+0000] {logging_mixin.py:188} INFO -    regionid  sizerank       regionname regiontype statename date     value
0    394913         1     New York, NY        msa        NY  NaT  576150.0
1    753899         2  Los Angeles, CA        msa        CA  NaT  873500.0
2    394463         3      Chicago, IL        msa        IL  NaT  352883.0
3    394514         4       Dallas, TX        msa        TX  NaT  330218.0
4    394692         5      Houston, TX        msa        TX  NaT  286000.0
[2024-08-31T01:57:02.767+0000] {logging_mixin.py:188} INFO - CSV content for Metro_new_con_median_sale_price_uc_sfrcondo_month.csv (first 500 characters):
[2024-08-31T01:57:02.768+0000] {logging_mixin.py:188} INFO - regionid,sizerank,regionname,regiontype,statename,date,value
394913,1,"New York, NY",msa,NY,,576150.0
753899,2,"Los Angeles, CA",msa,CA,,873500.0
394463,3,"Chicago, IL",msa,IL,,352883.0
394514,4,"Dallas, TX",msa,TX,,330218.0
394692,5,"Houston, TX",msa,TX,,286000.0
395209,6,"Washington, DC",msa,VA,,490000.0
394974,7,"Philadelphia, PA",msa,PA,,413262.5
394856,8,"Miami, FL",msa,FL,,440500.0
394347,9,"Atlanta, GA",msa,GA,,253859.0
394404,10,"Boston, MA",msa,MA,,609000.0
394976,11,"Phoenix, AZ",msa,A
[2024-08-31T01:57:03.084+0000] {logging_mixin.py:188} INFO - Processed and saved Metro_new_con_median_sale_price_uc_sfrcondo_month.csv to processed-data/Metro_new_con_median_sale_price_uc_sfrcondo_month_transformed.csv in zillow-staging
[2024-08-31T01:57:03.219+0000] {logging_mixin.py:188} INFO - Data loaded from Metro_new_con_sales_count_raw_uc_sfrcondo_month.csv:
[2024-08-31T01:57:03.273+0000] {logging_mixin.py:188} INFO -    RegionID  SizeRank       RegionName  ... 2024-04-30 2024-05-31  2024-06-30
0    102001         0    United States  ...    33479.0    35605.0     32286.0
1    394913         1     New York, NY  ...      291.0      397.0       301.0
2    753899         2  Los Angeles, CA  ...      240.0      240.0       228.0
3    394463         3      Chicago, IL  ...      446.0      519.0       416.0
4    394514         4       Dallas, TX  ...     1502.0     1462.0      1405.0

[5 rows x 83 columns]
[2024-08-31T01:57:03.283+0000] {logging_mixin.py:188} INFO - Pivoted data from Metro_new_con_sales_count_raw_uc_sfrcondo_month.csv:
[2024-08-31T01:57:03.289+0000] {logging_mixin.py:188} INFO -    regionid  sizerank       regionname regiontype statename date   value
0    394913         1     New York, NY        msa        NY  NaT   524.0
1    753899         2  Los Angeles, CA        msa        CA  NaT   396.0
2    394463         3      Chicago, IL        msa        IL  NaT   332.0
3    394514         4       Dallas, TX        msa        TX  NaT  1447.0
4    394692         5      Houston, TX        msa        TX  NaT  1325.0
[2024-08-31T01:57:03.332+0000] {logging_mixin.py:188} INFO - CSV content for Metro_new_con_sales_count_raw_uc_sfrcondo_month.csv (first 500 characters):
[2024-08-31T01:57:03.333+0000] {logging_mixin.py:188} INFO - regionid,sizerank,regionname,regiontype,statename,date,value
394913,1,"New York, NY",msa,NY,,524.0
753899,2,"Los Angeles, CA",msa,CA,,396.0
394463,3,"Chicago, IL",msa,IL,,332.0
394514,4,"Dallas, TX",msa,TX,,1447.0
394692,5,"Houston, TX",msa,TX,,1325.0
395209,6,"Washington, DC",msa,VA,,1127.0
394974,7,"Philadelphia, PA",msa,PA,,338.0
394856,8,"Miami, FL",msa,FL,,544.0
394347,9,"Atlanta, GA",msa,GA,,1580.0
394404,10,"Boston, MA",msa,MA,,287.0
394976,11,"Phoenix, AZ",msa,AZ,,1010.0
395057,12,"San F
[2024-08-31T01:57:03.824+0000] {logging_mixin.py:188} INFO - Processed and saved Metro_new_con_sales_count_raw_uc_sfrcondo_month.csv to processed-data/Metro_new_con_sales_count_raw_uc_sfrcondo_month_transformed.csv in zillow-staging
[2024-08-31T01:57:03.954+0000] {logging_mixin.py:188} INFO - Data loaded from Metro_new_listings_uc_sfrcondo_month.csv:
[2024-08-31T01:57:04.011+0000] {logging_mixin.py:188} INFO -    RegionID  SizeRank       RegionName  ... 2024-05-31 2024-06-30  2024-07-31
0    102001         0    United States  ...   414294.0   380223.0    356190.0
1    394913         1     New York, NY  ...    15427.0    13472.0     12427.0
2    753899         2  Los Angeles, CA  ...     8294.0     7838.0      7762.0
3    394463         3      Chicago, IL  ...    11589.0    10675.0     10316.0
4    394514         4       Dallas, TX  ...    10662.0    10116.0      9366.0

[5 rows x 84 columns]
[2024-08-31T01:57:04.027+0000] {logging_mixin.py:188} INFO - Pivoted data from Metro_new_listings_uc_sfrcondo_month.csv:
[2024-08-31T01:57:04.032+0000] {logging_mixin.py:188} INFO -    regionid  sizerank       regionname regiontype statename date    value
0    394913         1     New York, NY        msa        NY  NaT  14880.0
1    753899         2  Los Angeles, CA        msa        CA  NaT   8136.0
2    394463         3      Chicago, IL        msa        IL  NaT   8645.0
3    394514         4       Dallas, TX        msa        TX  NaT   7389.0
4    394692         5      Houston, TX        msa        TX  NaT   6335.0
[2024-08-31T01:57:04.164+0000] {logging_mixin.py:188} INFO - CSV content for Metro_new_listings_uc_sfrcondo_month.csv (first 500 characters):
[2024-08-31T01:57:04.165+0000] {logging_mixin.py:188} INFO - regionid,sizerank,regionname,regiontype,statename,date,value
394913,1,"New York, NY",msa,NY,,14880.0
753899,2,"Los Angeles, CA",msa,CA,,8136.0
394463,3,"Chicago, IL",msa,IL,,8645.0
394514,4,"Dallas, TX",msa,TX,,7389.0
394692,5,"Houston, TX",msa,TX,,6335.0
395209,6,"Washington, DC",msa,VA,,5023.0
394974,7,"Philadelphia, PA",msa,PA,,5432.0
394856,8,"Miami, FL",msa,FL,,12468.0
394347,9,"Atlanta, GA",msa,GA,,6902.0
394404,10,"Boston, MA",msa,MA,,2782.0
394976,11,"Phoenix, AZ",msa,AZ,,8383.0
395057,1
[2024-08-31T01:57:05.218+0000] {logging_mixin.py:188} INFO - Processed and saved Metro_new_listings_uc_sfrcondo_month.csv to processed-data/Metro_new_listings_uc_sfrcondo_month_transformed.csv in zillow-staging
[2024-08-31T01:57:05.343+0000] {logging_mixin.py:188} INFO - Data loaded from Metro_new_pending_uc_sfrcondo_month.csv:
[2024-08-31T01:57:05.398+0000] {logging_mixin.py:188} INFO -    RegionID  SizeRank       RegionName  ... 2024-05-31 2024-06-30  2024-07-31
0    102001         0    United States  ...   281027.0   267255.0    263999.0
1    394913         1     New York, NY  ...    11102.0    10158.0     10235.0
2    753899         2  Los Angeles, CA  ...     6252.0     5760.0      5960.0
3    394463         3      Chicago, IL  ...     8858.0     8489.0      8179.0
4    394514         4       Dallas, TX  ...     7269.0     6627.0      6715.0

[5 rows x 84 columns]
[2024-08-31T01:57:05.416+0000] {logging_mixin.py:188} INFO - Pivoted data from Metro_new_pending_uc_sfrcondo_month.csv:
[2024-08-31T01:57:05.423+0000] {logging_mixin.py:188} INFO -    regionid  sizerank       regionname regiontype statename date   value
0    394913         1     New York, NY        msa        NY  NaT  3862.0
1    753899         2  Los Angeles, CA        msa        CA  NaT  5845.0
2    394463         3      Chicago, IL        msa        IL  NaT  7130.0
3    394514         4       Dallas, TX        msa        TX  NaT  5549.0
4    394692         5      Houston, TX        msa        TX  NaT  5153.0
[2024-08-31T01:57:05.537+0000] {logging_mixin.py:188} INFO - CSV content for Metro_new_pending_uc_sfrcondo_month.csv (first 500 characters):
[2024-08-31T01:57:05.538+0000] {logging_mixin.py:188} INFO - regionid,sizerank,regionname,regiontype,statename,date,value
394913,1,"New York, NY",msa,NY,,3862.0
753899,2,"Los Angeles, CA",msa,CA,,5845.0
394463,3,"Chicago, IL",msa,IL,,7130.0
394514,4,"Dallas, TX",msa,TX,,5549.0
394692,5,"Houston, TX",msa,TX,,5153.0
395209,6,"Washington, DC",msa,VA,,1256.0
394974,7,"Philadelphia, PA",msa,PA,,1515.0
394856,8,"Miami, FL",msa,FL,,4731.0
394347,9,"Atlanta, GA",msa,GA,,6349.0
394404,10,"Boston, MA",msa,MA,,2044.0
394976,11,"Phoenix, AZ",msa,AZ,,1444.0
395057,12,
[2024-08-31T01:57:06.599+0000] {logging_mixin.py:188} INFO - Processed and saved Metro_new_pending_uc_sfrcondo_month.csv to processed-data/Metro_new_pending_uc_sfrcondo_month_transformed.csv in zillow-staging
[2024-08-31T01:57:06.700+0000] {logging_mixin.py:188} INFO - Data loaded from Metro_pct_sold_above_list_uc_sfrcondo_month.csv:
[2024-08-31T01:57:06.752+0000] {logging_mixin.py:188} INFO -    RegionID  SizeRank       RegionName  ... 2024-04-30 2024-05-31  2024-06-30
0    102001         0    United States  ...   0.332909   0.351918    0.354373
1    394913         1     New York, NY  ...   0.511760   0.537742    0.572396
2    753899         2  Los Angeles, CA  ...   0.555596   0.566405    0.552199
3    394463         3      Chicago, IL  ...   0.481969   0.502096    0.510735
4    394514         4       Dallas, TX  ...   0.270577   0.270399    0.234053

[5 rows x 83 columns]
[2024-08-31T01:57:06.767+0000] {logging_mixin.py:188} INFO - Pivoted data from Metro_pct_sold_above_list_uc_sfrcondo_month.csv:
[2024-08-31T01:57:06.773+0000] {logging_mixin.py:188} INFO -    regionid  sizerank       regionname regiontype statename date     value
0    394913         1     New York, NY        msa        NY  NaT  0.209055
1    753899         2  Los Angeles, CA        msa        CA  NaT  0.358005
2    394463         3      Chicago, IL        msa        IL  NaT  0.143872
3    394514         4       Dallas, TX        msa        TX  NaT  0.237375
4    394692         5      Houston, TX        msa        TX  NaT  0.123410
[2024-08-31T01:57:06.868+0000] {logging_mixin.py:188} INFO - CSV content for Metro_pct_sold_above_list_uc_sfrcondo_month.csv (first 500 characters):
[2024-08-31T01:57:06.869+0000] {logging_mixin.py:188} INFO - regionid,sizerank,regionname,regiontype,statename,date,value
394913,1,"New York, NY",msa,NY,,0.2090545938748335
753899,2,"Los Angeles, CA",msa,CA,,0.3580048270313757
394463,3,"Chicago, IL",msa,IL,,0.1438721136767318
394514,4,"Dallas, TX",msa,TX,,0.2373750320430658
394692,5,"Houston, TX",msa,TX,,0.1234104046242774
395209,6,"Washington, DC",msa,VA,,0.2144719687092568
394974,7,"Philadelphia, PA",msa,PA,,0.1721536351165981
394856,8,"Miami, FL",msa,FL,,0.0738849165815457
394347,9,"Atlanta, GA",msa,GA
[2024-08-31T01:57:07.804+0000] {logging_mixin.py:188} INFO - Processed and saved Metro_pct_sold_above_list_uc_sfrcondo_month.csv to processed-data/Metro_pct_sold_above_list_uc_sfrcondo_month_transformed.csv in zillow-staging
[2024-08-31T01:57:07.925+0000] {logging_mixin.py:188} INFO - Data loaded from Metro_pct_sold_below_list_uc_sfrcondo_month.csv:
[2024-08-31T01:57:07.972+0000] {logging_mixin.py:188} INFO -    RegionID  SizeRank       RegionName  ... 2024-04-30 2024-05-31  2024-06-30
0    102001         0    United States  ...   0.475241   0.458321    0.454218
1    394913         1     New York, NY  ...   0.376172   0.357947    0.323564
2    753899         2  Los Angeles, CA  ...   0.325530   0.317002    0.334034
3    394463         3      Chicago, IL  ...   0.379743   0.367384    0.353731
4    394514         4       Dallas, TX  ...   0.512299   0.503425    0.537631

[5 rows x 83 columns]
[2024-08-31T01:57:07.985+0000] {logging_mixin.py:188} INFO - Pivoted data from Metro_pct_sold_below_list_uc_sfrcondo_month.csv:
[2024-08-31T01:57:07.990+0000] {logging_mixin.py:188} INFO -    regionid  sizerank       regionname regiontype statename date     value
0    394913         1     New York, NY        msa        NY  NaT  0.684421
1    753899         2  Los Angeles, CA        msa        CA  NaT  0.506235
2    394463         3      Chicago, IL        msa        IL  NaT  0.773757
3    394514         4       Dallas, TX        msa        TX  NaT  0.594463
4    394692         5      Houston, TX        msa        TX  NaT  0.722832
[2024-08-31T01:57:08.084+0000] {logging_mixin.py:188} INFO - CSV content for Metro_pct_sold_below_list_uc_sfrcondo_month.csv (first 500 characters):
[2024-08-31T01:57:08.085+0000] {logging_mixin.py:188} INFO - regionid,sizerank,regionname,regiontype,statename,date,value
394913,1,"New York, NY",msa,NY,,0.6844207723035952
753899,2,"Los Angeles, CA",msa,CA,,0.5062349155269509
394463,3,"Chicago, IL",msa,IL,,0.7737566607460036
394514,4,"Dallas, TX",msa,TX,,0.594462958215842
394692,5,"Houston, TX",msa,TX,,0.7228323699421966
395209,6,"Washington, DC",msa,VA,,0.5482398956975228
394974,7,"Philadelphia, PA",msa,PA,,0.6536351165980796
394856,8,"Miami, FL",msa,FL,,0.8297582567245488
394347,9,"Atlanta, GA",msa,GA,
[2024-08-31T01:57:08.991+0000] {logging_mixin.py:188} INFO - Processed and saved Metro_pct_sold_below_list_uc_sfrcondo_month.csv to processed-data/Metro_pct_sold_below_list_uc_sfrcondo_month_transformed.csv in zillow-staging
[2024-08-31T01:57:09.140+0000] {logging_mixin.py:188} INFO - Data loaded from Metro_perc_listings_price_cut_uc_sfrcondo_sm_month.csv:
[2024-08-31T01:57:09.189+0000] {logging_mixin.py:188} INFO -    RegionID  SizeRank       RegionName  ... 2024-05-31 2024-06-30  2024-07-31
0    102001         0    United States  ...   0.222509   0.235403    0.248268
1    394913         1     New York, NY  ...   0.124001   0.134447    0.140967
2    753899         2  Los Angeles, CA  ...   0.158725   0.171896    0.190793
3    394463         3      Chicago, IL  ...   0.187966   0.206579    0.228910
4    394514         4       Dallas, TX  ...   0.287787   0.319733    0.348072

[5 rows x 82 columns]
[2024-08-31T01:57:09.206+0000] {logging_mixin.py:188} INFO - Pivoted data from Metro_perc_listings_price_cut_uc_sfrcondo_sm_month.csv:
[2024-08-31T01:57:09.211+0000] {logging_mixin.py:188} INFO -    regionid  sizerank       regionname regiontype statename date     value
0    394913         1     New York, NY        msa        NY  NaT  0.120111
1    753899         2  Los Angeles, CA        msa        CA  NaT  0.147420
2    394463         3      Chicago, IL        msa        IL  NaT  0.189776
3    394514         4       Dallas, TX        msa        TX  NaT  0.166377
4    394692         5      Houston, TX        msa        TX  NaT  0.189772
[2024-08-31T01:57:09.374+0000] {logging_mixin.py:188} INFO - CSV content for Metro_perc_listings_price_cut_uc_sfrcondo_sm_month.csv (first 500 characters):
[2024-08-31T01:57:09.375+0000] {logging_mixin.py:188} INFO - regionid,sizerank,regionname,regiontype,statename,date,value
394913,1,"New York, NY",msa,NY,,0.1201106136809714
753899,2,"Los Angeles, CA",msa,CA,,0.1474201300035385
394463,3,"Chicago, IL",msa,IL,,0.1897762829619893
394514,4,"Dallas, TX",msa,TX,,0.1663769371017273
394692,5,"Houston, TX",msa,TX,,0.1897720655118402
395209,6,"Washington, DC",msa,VA,,0.135871572208605
394974,7,"Philadelphia, PA",msa,PA,,0.1719243360710286
394856,8,"Miami, FL",msa,FL,,0.1733066824943357
394347,9,"Atlanta, GA",msa,GA,
[2024-08-31T01:57:10.844+0000] {logging_mixin.py:188} INFO - Processed and saved Metro_perc_listings_price_cut_uc_sfrcondo_sm_month.csv to processed-data/Metro_perc_listings_price_cut_uc_sfrcondo_sm_month_transformed.csv in zillow-staging
[2024-08-31T01:57:10.929+0000] {logging_mixin.py:188} INFO - Data loaded from Metro_sales_count_now_uc_sfrcondo_month.csv:
[2024-08-31T01:57:10.988+0000] {logging_mixin.py:188} INFO -    RegionID  SizeRank       RegionName  ... 2024-05-31 2024-06-30  2024-07-31
0    102001         0    United States  ...   352250.0   325733.0    353450.0
1    394913         1     New York, NY  ...    12501.0    12544.0     14460.0
2    753899         2  Los Angeles, CA  ...     7131.0     6392.0      7332.0
3    394463         3      Chicago, IL  ...    10276.0    10067.0     10829.0
4    394514         4       Dallas, TX  ...     7577.0     6539.0      7033.0

[5 rows x 203 columns]
[2024-08-31T01:57:11.004+0000] {logging_mixin.py:188} INFO - Pivoted data from Metro_sales_count_now_uc_sfrcondo_month.csv:
[2024-08-31T01:57:11.010+0000] {logging_mixin.py:188} INFO -    regionid  sizerank       regionname regiontype statename date   value
0    394913         1     New York, NY        msa        NY  NaT  8467.0
1    753899         2  Los Angeles, CA        msa        CA  NaT  4152.0
2    394463         3      Chicago, IL        msa        IL  NaT  5731.0
3    394514         4       Dallas, TX        msa        TX  NaT  5000.0
4    394692         5      Houston, TX        msa        TX  NaT  4131.0
[2024-08-31T01:57:11.041+0000] {logging_mixin.py:188} INFO - CSV content for Metro_sales_count_now_uc_sfrcondo_month.csv (first 500 characters):
[2024-08-31T01:57:11.042+0000] {logging_mixin.py:188} INFO - regionid,sizerank,regionname,regiontype,statename,date,value
394913,1,"New York, NY",msa,NY,,8467.0
753899,2,"Los Angeles, CA",msa,CA,,4152.0
394463,3,"Chicago, IL",msa,IL,,5731.0
394514,4,"Dallas, TX",msa,TX,,5000.0
394692,5,"Houston, TX",msa,TX,,4131.0
395209,6,"Washington, DC",msa,VA,,4130.0
394974,7,"Philadelphia, PA",msa,PA,,4108.0
394856,8,"Miami, FL",msa,FL,,3976.0
394347,9,"Atlanta, GA",msa,GA,,5751.0
394404,10,"Boston, MA",msa,MA,,2021.0
394976,11,"Phoenix, AZ",msa,AZ,,3591.0
395057,12,
[2024-08-31T01:57:11.399+0000] {logging_mixin.py:188} INFO - Processed and saved Metro_sales_count_now_uc_sfrcondo_month.csv to processed-data/Metro_sales_count_now_uc_sfrcondo_month_transformed.csv in zillow-staging
[2024-08-31T01:57:11.542+0000] {logging_mixin.py:188} INFO - Data loaded from Metro_total_transaction_value_uc_sfrcondo_month.csv:
[2024-08-31T01:57:11.604+0000] {logging_mixin.py:188} INFO -    RegionID  SizeRank  ...    2024-05-31    2024-06-30
0    102001         0  ...  1.755848e+11  1.643497e+11
1    394913         1  ...  9.974481e+09  1.022011e+10
2    753899         2  ...  9.123812e+09  8.042667e+09
3    394463         3  ...  4.164648e+09  4.386403e+09
4    394514         4  ...  3.953413e+09  3.312246e+09

[5 rows x 202 columns]
[2024-08-31T01:57:11.634+0000] {logging_mixin.py:188} INFO - Pivoted data from Metro_total_transaction_value_uc_sfrcondo_month.csv:
[2024-08-31T01:57:11.641+0000] {logging_mixin.py:188} INFO -    regionid  sizerank       regionname regiontype statename date         value
0    394913         1     New York, NY        msa        NY  NaT  4.699322e+09
1    753899         2  Los Angeles, CA        msa        CA  NaT  2.588538e+09
2    394463         3      Chicago, IL        msa        IL  NaT  1.636662e+09
3    394514         4       Dallas, TX        msa        TX  NaT  9.544670e+08
4    394692         5      Houston, TX        msa        TX  NaT  8.176623e+08
[2024-08-31T01:57:11.893+0000] {logging_mixin.py:188} INFO - CSV content for Metro_total_transaction_value_uc_sfrcondo_month.csv (first 500 characters):
[2024-08-31T01:57:11.894+0000] {logging_mixin.py:188} INFO - regionid,sizerank,regionname,regiontype,statename,date,value
394913,1,"New York, NY",msa,NY,,4699322379.0
753899,2,"Los Angeles, CA",msa,CA,,2588538482.0
394463,3,"Chicago, IL",msa,IL,,1636661784.0
394514,4,"Dallas, TX",msa,TX,,954466967.0
394692,5,"Houston, TX",msa,TX,,817662260.0
395209,6,"Washington, DC",msa,VA,,1650179230.0
394974,7,"Philadelphia, PA",msa,PA,,946064806.0
394856,8,"Miami, FL",msa,FL,,1367078201.0
394347,9,"Atlanta, GA",msa,GA,,1148098434.0
394404,10,"Boston, MA",msa,MA,,77579
[2024-08-31T01:57:14.120+0000] {logging_mixin.py:188} INFO - Processed and saved Metro_total_transaction_value_uc_sfrcondo_month.csv to processed-data/Metro_total_transaction_value_uc_sfrcondo_month_transformed.csv in zillow-staging
[2024-08-31T01:57:14.178+0000] {logging_mixin.py:188} INFO - Data loaded from Metro_zhvf_growth_uc_sfrcondo_tier_0.33_0.67_sm_sa_month.csv:
[2024-08-31T01:57:14.191+0000] {logging_mixin.py:188} INFO -    RegionID  SizeRank       RegionName  ... 2024-08-31 2024-10-31 2025-07-31
0    102001         0    United States  ...        0.0        0.1        0.9
1    394913         1     New York, NY  ...        0.3        0.0       -0.8
2    753899         2  Los Angeles, CA  ...        0.5        1.1        1.4
3    394463         3      Chicago, IL  ...        0.1       -0.1       -0.9
4    394514         4       Dallas, TX  ...       -0.3       -0.9       -0.3

[5 rows x 9 columns]
[2024-08-31T01:57:14.199+0000] {logging_mixin.py:188} INFO - Pivoted data from Metro_zhvf_growth_uc_sfrcondo_tier_0.33_0.67_sm_sa_month.csv:
[2024-08-31T01:57:14.206+0000] {logging_mixin.py:188} INFO -    regionid  sizerank       regionname regiontype statename date       value
0    394913         1     New York, NY        msa        NY  NaT  2024-07-31
1    753899         2  Los Angeles, CA        msa        CA  NaT  2024-07-31
2    394463         3      Chicago, IL        msa        IL  NaT  2024-07-31
3    394514         4       Dallas, TX        msa        TX  NaT  2024-07-31
4    394692         5      Houston, TX        msa        TX  NaT  2024-07-31
[2024-08-31T01:57:14.214+0000] {logging_mixin.py:188} INFO - CSV content for Metro_zhvf_growth_uc_sfrcondo_tier_0.33_0.67_sm_sa_month.csv (first 500 characters):
[2024-08-31T01:57:14.215+0000] {logging_mixin.py:188} INFO - regionid,sizerank,regionname,regiontype,statename,date,value
394913,1,"New York, NY",msa,NY,,2024-07-31
753899,2,"Los Angeles, CA",msa,CA,,2024-07-31
394463,3,"Chicago, IL",msa,IL,,2024-07-31
394514,4,"Dallas, TX",msa,TX,,2024-07-31
394692,5,"Houston, TX",msa,TX,,2024-07-31
395209,6,"Washington, DC",msa,VA,,2024-07-31
394974,7,"Philadelphia, PA",msa,PA,,2024-07-31
394856,8,"Miami, FL",msa,FL,,2024-07-31
394347,9,"Atlanta, GA",msa,GA,,2024-07-31
394404,10,"Boston, MA",msa,MA,,2024-07-31
394976,11
[2024-08-31T01:57:14.395+0000] {logging_mixin.py:188} INFO - Processed and saved Metro_zhvf_growth_uc_sfrcondo_tier_0.33_0.67_sm_sa_month.csv to processed-data/Metro_zhvf_growth_uc_sfrcondo_tier_0.33_0.67_sm_sa_month_transformed.csv in zillow-staging
[2024-08-31T01:57:14.745+0000] {logging_mixin.py:188} INFO - Data loaded from Metro_zhvi_uc_sfrcondo_tier_0.33_0.67_sm_sa_month.csv:
[2024-08-31T01:57:14.801+0000] {logging_mixin.py:188} INFO -    RegionID  SizeRank  ...     2024-06-30     2024-07-31
0    102001         0  ...  362331.951468  362481.204554
1    394913         1  ...  669344.600356  672129.301310
2    753899         2  ...  955144.724038  959638.896528
3    394463         3  ...  327148.882816  327898.691839
4    394514         4  ...  379793.877492  378841.103255

[5 rows x 300 columns]
[2024-08-31T01:57:14.856+0000] {logging_mixin.py:188} INFO - Pivoted data from Metro_zhvi_uc_sfrcondo_tier_0.33_0.67_sm_sa_month.csv:
[2024-08-31T01:57:14.861+0000] {logging_mixin.py:188} INFO -    regionid  sizerank       regionname regiontype statename date          value
0    394913         1     New York, NY        msa        NY  NaT  219438.634519
1    753899         2  Los Angeles, CA        msa        CA  NaT  226644.663860
2    394463         3      Chicago, IL        msa        IL  NaT  156108.490933
3    394514         4       Dallas, TX        msa        TX  NaT  127988.784838
4    394692         5      Houston, TX        msa        TX  NaT  123347.089307
[2024-08-31T01:57:15.413+0000] {logging_mixin.py:188} INFO - CSV content for Metro_zhvi_uc_sfrcondo_tier_0.33_0.67_sm_sa_month.csv (first 500 characters):
[2024-08-31T01:57:15.414+0000] {logging_mixin.py:188} INFO - regionid,sizerank,regionname,regiontype,statename,date,value
394913,1,"New York, NY",msa,NY,,219438.63451947123
753899,2,"Los Angeles, CA",msa,CA,,226644.6638601038
394463,3,"Chicago, IL",msa,IL,,156108.49093290072
394514,4,"Dallas, TX",msa,TX,,127988.78483770764
394692,5,"Houston, TX",msa,TX,,123347.0893074155
395209,6,"Washington, DC",msa,VA,,181695.7821898331
394974,7,"Philadelphia, PA",msa,PA,,123044.109267673
394856,8,"Miami, FL",msa,FL,,113608.80452819025
394347,9,"Atlanta, GA",msa,GA,,146
[2024-08-31T01:57:19.994+0000] {logging_mixin.py:188} INFO - Processed and saved Metro_zhvi_uc_sfrcondo_tier_0.33_0.67_sm_sa_month.csv to processed-data/Metro_zhvi_uc_sfrcondo_tier_0.33_0.67_sm_sa_month_transformed.csv in zillow-staging
[2024-08-31T01:57:20.123+0000] {logging_mixin.py:188} INFO - Data loaded from Metro_zordi_uc_sfrcondomfr_month.csv:
[2024-08-31T01:57:20.163+0000] {logging_mixin.py:188} INFO -    RegionID  SizeRank       RegionName  ... 2024-05-31 2024-06-30  2024-07-31
0    102001         0    United States  ...       78.0       74.0        69.0
1    394913         1     New York, NY  ...      111.0      108.0       106.0
2    753899         2  Los Angeles, CA  ...       90.0       89.0        87.0
3    394463         3      Chicago, IL  ...      149.0      141.0       133.0
4    394514         4       Dallas, TX  ...       51.0       45.0        40.0

[5 rows x 55 columns]
[2024-08-31T01:57:20.179+0000] {logging_mixin.py:188} INFO - Pivoted data from Metro_zordi_uc_sfrcondomfr_month.csv:
[2024-08-31T01:57:20.185+0000] {logging_mixin.py:188} INFO -    regionid  sizerank       regionname regiontype statename date  value
0    394913         1     New York, NY        msa        NY  NaT   53.0
1    753899         2  Los Angeles, CA        msa        CA  NaT  134.0
2    394463         3      Chicago, IL        msa        IL  NaT   97.0
3    394514         4       Dallas, TX        msa        TX  NaT  108.0
4    394692         5      Houston, TX        msa        TX  NaT   46.0
[2024-08-31T01:57:20.256+0000] {logging_mixin.py:188} INFO - CSV content for Metro_zordi_uc_sfrcondomfr_month.csv (first 500 characters):
[2024-08-31T01:57:20.257+0000] {logging_mixin.py:188} INFO - regionid,sizerank,regionname,regiontype,statename,date,value
394913,1,"New York, NY",msa,NY,,53.0
753899,2,"Los Angeles, CA",msa,CA,,134.0
394463,3,"Chicago, IL",msa,IL,,97.0
394514,4,"Dallas, TX",msa,TX,,108.0
394692,5,"Houston, TX",msa,TX,,46.0
395209,6,"Washington, DC",msa,VA,,102.0
394974,7,"Philadelphia, PA",msa,PA,,211.0
394856,8,"Miami, FL",msa,FL,,32.0
394347,9,"Atlanta, GA",msa,GA,,212.0
394404,10,"Boston, MA",msa,MA,,28.0
394976,11,"Phoenix, AZ",msa,AZ,,190.0
395057,12,"San Francisco, 
[2024-08-31T01:57:20.982+0000] {logging_mixin.py:188} INFO - Processed and saved Metro_zordi_uc_sfrcondomfr_month.csv to processed-data/Metro_zordi_uc_sfrcondomfr_month_transformed.csv in zillow-staging
[2024-08-31T01:57:21.160+0000] {logging_mixin.py:188} INFO - Data loaded from Metro_zori_uc_sfrcondomfr_sm_sa_month.csv:
[2024-08-31T01:57:21.207+0000] {logging_mixin.py:188} INFO -    RegionID  SizeRank       RegionName  ...   2024-05-31   2024-06-30   2024-07-31
0    102001         0    United States  ...  2060.777768  2065.259413  2069.867257
1    394913         1     New York, NY  ...  3487.546973  3490.613946  3493.099809
2    753899         2  Los Angeles, CA  ...  2988.357984  2994.056756  3000.514498
3    394463         3      Chicago, IL  ...  2093.062980  2099.606446  2105.613719
4    394514         4       Dallas, TX  ...  1843.994898  1840.894208  1838.018952

[5 rows x 120 columns]
[2024-08-31T01:57:21.226+0000] {logging_mixin.py:188} INFO - Pivoted data from Metro_zori_uc_sfrcondomfr_sm_sa_month.csv:
[2024-08-31T01:57:21.232+0000] {logging_mixin.py:188} INFO -    regionid  sizerank       regionname regiontype statename date        value
0    394913         1     New York, NY        msa        NY  NaT  2481.182425
1    753899         2  Los Angeles, CA        msa        CA  NaT  1881.508547
2    394463         3      Chicago, IL        msa        IL  NaT  1474.673585
3    394514         4       Dallas, TX        msa        TX  NaT  1166.527618
4    394692         5      Houston, TX        msa        TX  NaT  1292.649912
[2024-08-31T01:57:21.369+0000] {logging_mixin.py:188} INFO - CSV content for Metro_zori_uc_sfrcondomfr_sm_sa_month.csv (first 500 characters):
[2024-08-31T01:57:21.370+0000] {logging_mixin.py:188} INFO - regionid,sizerank,regionname,regiontype,statename,date,value
394913,1,"New York, NY",msa,NY,,2481.18242471423
753899,2,"Los Angeles, CA",msa,CA,,1881.50854668558
394463,3,"Chicago, IL",msa,IL,,1474.6735852683648
394514,4,"Dallas, TX",msa,TX,,1166.5276183023027
394692,5,"Houston, TX",msa,TX,,1292.6499115495417
395209,6,"Washington, DC",msa,VA,,1816.5690880159668
394974,7,"Philadelphia, PA",msa,PA,,1277.708833521288
394856,8,"Miami, FL",msa,FL,,1540.3728607436988
394347,9,"Atlanta, GA",msa,GA,,107
[2024-08-31T01:57:22.663+0000] {logging_mixin.py:188} INFO - Processed and saved Metro_zori_uc_sfrcondomfr_sm_sa_month.csv to processed-data/Metro_zori_uc_sfrcondomfr_sm_sa_month_transformed.csv in zillow-staging
[2024-08-31T01:57:22.669+0000] {python.py:237} INFO - Done. Returned value was: None
[2024-08-31T01:57:22.670+0000] {taskinstance.py:441} INFO - ::group::Post task execution logs
[2024-08-31T01:57:22.677+0000] {taskinstance.py:1206} INFO - Marking task as SUCCESS. dag_id=etl_single_task_process_files, task_id=process_and_transform_files, run_id=manual__2024-08-31T01:56:37.798700+00:00, execution_date=20240831T015637, start_date=20240831T015639, end_date=20240831T015722
[2024-08-31T01:57:22.727+0000] {local_task_job_runner.py:240} INFO - Task exited with return code 0
[2024-08-31T01:57:22.739+0000] {taskinstance.py:3503} INFO - 0 downstream tasks scheduled from follow-on schedule check
[2024-08-31T01:57:22.741+0000] {local_task_job_runner.py:222} INFO - ::endgroup::
