[2024-08-31T02:24:52.270+0000] {local_task_job_runner.py:120} INFO - ::group::Pre task execution logs
[2024-08-31T02:24:52.285+0000] {taskinstance.py:2076} INFO - Dependencies all met for dep_context=non-requeueable deps ti=<TaskInstance: etl_single_task_process_files.process_and_transform_files manual__2024-08-31T02:24:50.878739+00:00 [queued]>
[2024-08-31T02:24:52.291+0000] {taskinstance.py:2076} INFO - Dependencies all met for dep_context=requeueable deps ti=<TaskInstance: etl_single_task_process_files.process_and_transform_files manual__2024-08-31T02:24:50.878739+00:00 [queued]>
[2024-08-31T02:24:52.291+0000] {taskinstance.py:2306} INFO - Starting attempt 1 of 2
[2024-08-31T02:24:52.305+0000] {taskinstance.py:2330} INFO - Executing <Task(PythonOperator): process_and_transform_files> on 2024-08-31 02:24:50.878739+00:00
[2024-08-31T02:24:52.312+0000] {warnings.py:112} WARNING - /home/***/.local/lib/python3.12/site-packages/***/task/task_runner/standard_task_runner.py:61: DeprecationWarning: This process (pid=737) is multi-threaded, use of fork() may lead to deadlocks in the child.
  pid = os.fork()

[2024-08-31T02:24:52.314+0000] {standard_task_runner.py:63} INFO - Started process 739 to run task
[2024-08-31T02:24:52.313+0000] {standard_task_runner.py:90} INFO - Running: ['***', 'tasks', 'run', 'etl_single_task_process_files', 'process_and_transform_files', 'manual__2024-08-31T02:24:50.878739+00:00', '--job-id', '449', '--raw', '--subdir', 'DAGS_FOLDER/etl_pipeline.py', '--cfg-path', '/tmp/tmpwmj7tvxw']
[2024-08-31T02:24:52.315+0000] {standard_task_runner.py:91} INFO - Job 449: Subtask process_and_transform_files
[2024-08-31T02:24:52.356+0000] {task_command.py:426} INFO - Running <TaskInstance: etl_single_task_process_files.process_and_transform_files manual__2024-08-31T02:24:50.878739+00:00 [running]> on host 0fffd72ba499
[2024-08-31T02:24:52.442+0000] {taskinstance.py:2648} INFO - Exporting env vars: AIRFLOW_CTX_DAG_OWNER='***' AIRFLOW_CTX_DAG_ID='etl_single_task_process_files' AIRFLOW_CTX_TASK_ID='process_and_transform_files' AIRFLOW_CTX_EXECUTION_DATE='2024-08-31T02:24:50.878739+00:00' AIRFLOW_CTX_TRY_NUMBER='1' AIRFLOW_CTX_DAG_RUN_ID='manual__2024-08-31T02:24:50.878739+00:00'
[2024-08-31T02:24:52.444+0000] {taskinstance.py:430} INFO - ::endgroup::
[2024-08-31T02:24:52.465+0000] {base.py:84} INFO - Using connection ID 'zillow-aws' for task execution.
[2024-08-31T02:24:52.465+0000] {connection_wrapper.py:384} INFO - AWS Connection (conn_id='zillow-aws', conn_type='aws') credentials retrieved from login and password.
[2024-08-31T02:24:53.791+0000] {logging_mixin.py:188} INFO - Data loaded from Metro_invt_fs_uc_sfrcondo_week.csv:
[2024-08-31T02:24:53.856+0000] {logging_mixin.py:188} INFO -    RegionID  SizeRank       RegionName  ... 2024-07-20 2024-07-27  2024-08-03
0    102001         0    United States  ...   901889.0   903051.0    900091.0
1    394913         1     New York, NY  ...    34515.0    34279.0     33966.0
2    753899         2  Los Angeles, CA  ...    15349.0    15422.0     15335.0
3    394463         3      Chicago, IL  ...    17260.0    17411.0     17270.0
4    394514         4       Dallas, TX  ...    25004.0    25117.0     25019.0

[5 rows x 348 columns]
[2024-08-31T02:24:53.902+0000] {logging_mixin.py:188} INFO - Transformed data from Metro_invt_fs_uc_sfrcondo_week.csv:
[2024-08-31T02:24:53.908+0000] {logging_mixin.py:188} INFO -    regionid  sizerank  ...        date for_sale_inventory
0    394913         1  ...  2018-01-13            53920.0
1    753899         2  ...  2018-01-13            13458.0
2    394463         3  ...  2018-01-13            27073.0
3    394514         4  ...  2018-01-13            17171.0
4    394692         5  ...  2018-01-13            19256.0

[5 rows x 7 columns]
[2024-08-31T02:24:54.500+0000] {logging_mixin.py:188} INFO - CSV content for Metro_invt_fs_uc_sfrcondo_week.csv (first 500 characters):
[2024-08-31T02:24:54.500+0000] {logging_mixin.py:188} INFO - regionid,sizerank,regionname,regiontype,statename,date,for_sale_inventory
394913,1,"New York, NY",msa,NY,2018-01-13,53920.0
753899,2,"Los Angeles, CA",msa,CA,2018-01-13,13458.0
394463,3,"Chicago, IL",msa,IL,2018-01-13,27073.0
394514,4,"Dallas, TX",msa,TX,2018-01-13,17171.0
394692,5,"Houston, TX",msa,TX,2018-01-13,19256.0
395209,6,"Washington, DC",msa,VA,2018-01-13,13649.0
394974,7,"Philadelphia, PA",msa,PA,2018-01-13,18557.0
394856,8,"Miami, FL",msa,FL,2018-01-13,45593.0
394347,9,"Atlanta, GA",m
[2024-08-31T02:25:01.108+0000] {logging_mixin.py:188} INFO - Processed and saved Metro_invt_fs_uc_sfrcondo_week.csv to processed-data/Metro_invt_fs_uc_sfrcondo_week_transformed.csv in zillow-staging
[2024-08-31T02:25:01.847+0000] {logging_mixin.py:188} INFO - Data loaded from Metro_market_temp_index_uc_sfrcondo_month.csv:
[2024-08-31T02:25:01.906+0000] {logging_mixin.py:188} INFO -    RegionID  SizeRank       RegionName  ... 2024-05-31 2024-06-30  2024-07-31
0    102001         0    United States  ...       58.0       56.0        54.0
1    394913         1     New York, NY  ...       79.0       76.0        74.0
2    753899         2  Los Angeles, CA  ...       74.0       69.0        67.0
3    394463         3      Chicago, IL  ...       71.0       67.0        64.0
4    394514         4       Dallas, TX  ...       59.0       55.0        52.0

[5 rows x 84 columns]
[2024-08-31T02:25:01.919+0000] {logging_mixin.py:188} INFO - Transformed data from Metro_market_temp_index_uc_sfrcondo_month.csv:
[2024-08-31T02:25:01.926+0000] {logging_mixin.py:188} INFO -    regionid  sizerank       regionname  ... statename        date market_heat_index
0    394913         1     New York, NY  ...        NY  2018-01-31              50.0
1    753899         2  Los Angeles, CA  ...        CA  2018-01-31              69.0
2    394463         3      Chicago, IL  ...        IL  2018-01-31              48.0
3    394514         4       Dallas, TX  ...        TX  2018-01-31              56.0
4    394692         5      Houston, TX  ...        TX  2018-01-31              48.0

[5 rows x 7 columns]
[2024-08-31T02:25:02.066+0000] {logging_mixin.py:188} INFO - CSV content for Metro_market_temp_index_uc_sfrcondo_month.csv (first 500 characters):
[2024-08-31T02:25:02.067+0000] {logging_mixin.py:188} INFO - regionid,sizerank,regionname,regiontype,statename,date,market_heat_index
394913,1,"New York, NY",msa,NY,2018-01-31,50.0
753899,2,"Los Angeles, CA",msa,CA,2018-01-31,69.0
394463,3,"Chicago, IL",msa,IL,2018-01-31,48.0
394514,4,"Dallas, TX",msa,TX,2018-01-31,56.0
394692,5,"Houston, TX",msa,TX,2018-01-31,48.0
395209,6,"Washington, DC",msa,VA,2018-01-31,56.0
394974,7,"Philadelphia, PA",msa,PA,2018-01-31,39.0
394856,8,"Miami, FL",msa,FL,2018-01-31,38.0
394347,9,"Atlanta, GA",msa,GA,2018-01-31,53.0
394
[2024-08-31T02:25:03.511+0000] {logging_mixin.py:188} INFO - Processed and saved Metro_market_temp_index_uc_sfrcondo_month.csv to processed-data/Metro_market_temp_index_uc_sfrcondo_month_transformed.csv in zillow-staging
[2024-08-31T02:25:03.770+0000] {logging_mixin.py:188} INFO - Data loaded from Metro_mean_days_to_close_uc_sfrcondo_month.csv:
[2024-08-31T02:25:03.828+0000] {logging_mixin.py:188} INFO -    RegionID  SizeRank       RegionName  ... 2024-04-30 2024-05-31  2024-06-30
0    102001         0    United States  ...       33.0       34.0        34.0
1    394913         1     New York, NY  ...       51.0       53.0        56.0
2    753899         2  Los Angeles, CA  ...       29.0       29.0        29.0
3    394463         3      Chicago, IL  ...       37.0       38.0        39.0
4    394514         4       Dallas, TX  ...       29.0       29.0        29.0

[5 rows x 83 columns]
[2024-08-31T02:25:03.838+0000] {logging_mixin.py:188} INFO - Transformed data from Metro_mean_days_to_close_uc_sfrcondo_month.csv:
[2024-08-31T02:25:03.844+0000] {logging_mixin.py:188} INFO -    regionid  sizerank  ...        date mean_days_to_close
0    394913         1  ...  2018-01-31               62.0
1    753899         2  ...  2018-01-31               38.0
2    394463         3  ...  2018-01-31               46.0
3    394514         4  ...  2018-01-31               22.0
4    394692         5  ...  2018-01-31               33.0

[5 rows x 7 columns]
[2024-08-31T02:25:03.929+0000] {logging_mixin.py:188} INFO - CSV content for Metro_mean_days_to_close_uc_sfrcondo_month.csv (first 500 characters):
[2024-08-31T02:25:03.930+0000] {logging_mixin.py:188} INFO - regionid,sizerank,regionname,regiontype,statename,date,mean_days_to_close
394913,1,"New York, NY",msa,NY,2018-01-31,62.0
753899,2,"Los Angeles, CA",msa,CA,2018-01-31,38.0
394463,3,"Chicago, IL",msa,IL,2018-01-31,46.0
394514,4,"Dallas, TX",msa,TX,2018-01-31,22.0
394692,5,"Houston, TX",msa,TX,2018-01-31,33.0
395209,6,"Washington, DC",msa,VA,2018-01-31,38.0
394974,7,"Philadelphia, PA",msa,PA,2018-01-31,41.0
394856,8,"Miami, FL",msa,FL,2018-01-31,40.0
394347,9,"Atlanta, GA",msa,GA,2018-01-31,35.0
39
[2024-08-31T02:25:04.856+0000] {logging_mixin.py:188} INFO - Processed and saved Metro_mean_days_to_close_uc_sfrcondo_month.csv to processed-data/Metro_mean_days_to_close_uc_sfrcondo_month_transformed.csv in zillow-staging
[2024-08-31T02:25:05.126+0000] {logging_mixin.py:188} INFO - Data loaded from Metro_mean_doz_pending_uc_sfrcondo_sm_month.csv:
[2024-08-31T02:25:05.181+0000] {logging_mixin.py:188} INFO -    RegionID  SizeRank       RegionName  ... 2024-05-31 2024-06-30  2024-07-31
0    102001         0    United States  ...       39.0       37.0        38.0
1    394913         1     New York, NY  ...       51.0       49.0        49.0
2    753899         2  Los Angeles, CA  ...       30.0       29.0        30.0
3    394463         3      Chicago, IL  ...       26.0       24.0        24.0
4    394514         4       Dallas, TX  ...       39.0       38.0        40.0

[5 rows x 82 columns]
[2024-08-31T02:25:05.195+0000] {logging_mixin.py:188} INFO - Transformed data from Metro_mean_doz_pending_uc_sfrcondo_sm_month.csv:
[2024-08-31T02:25:05.204+0000] {logging_mixin.py:188} INFO -    regionid  sizerank  ...        date mean_days_to_pending
0    394913         1  ...  2018-03-31                 68.0
1    753899         2  ...  2018-03-31                 35.0
2    394463         3  ...  2018-03-31                 51.0
3    394514         4  ...  2018-03-31                 46.0
4    394692         5  ...  2018-03-31                 49.0

[5 rows x 7 columns]
[2024-08-31T02:25:05.311+0000] {logging_mixin.py:188} INFO - CSV content for Metro_mean_doz_pending_uc_sfrcondo_sm_month.csv (first 500 characters):
[2024-08-31T02:25:05.312+0000] {logging_mixin.py:188} INFO - regionid,sizerank,regionname,regiontype,statename,date,mean_days_to_pending
394913,1,"New York, NY",msa,NY,2018-03-31,68.0
753899,2,"Los Angeles, CA",msa,CA,2018-03-31,35.0
394463,3,"Chicago, IL",msa,IL,2018-03-31,51.0
394514,4,"Dallas, TX",msa,TX,2018-03-31,46.0
394692,5,"Houston, TX",msa,TX,2018-03-31,49.0
395209,6,"Washington, DC",msa,VA,2018-03-31,53.0
394974,7,"Philadelphia, PA",msa,PA,2018-03-31,60.0
394856,8,"Miami, FL",msa,FL,2018-03-31,59.0
394347,9,"Atlanta, GA",msa,GA,2018-03-31,40.0
[2024-08-31T02:25:06.503+0000] {logging_mixin.py:188} INFO - Processed and saved Metro_mean_doz_pending_uc_sfrcondo_sm_month.csv to processed-data/Metro_mean_doz_pending_uc_sfrcondo_sm_month_transformed.csv in zillow-staging
[2024-08-31T02:25:06.948+0000] {logging_mixin.py:188} INFO - Data loaded from Metro_mean_listings_price_cut_amt_uc_sfrcondo_sm_month.csv:
[2024-08-31T02:25:06.996+0000] {logging_mixin.py:188} INFO -    RegionID  SizeRank  ...    2024-06-30    2024-07-31
0    102001         0  ...  20624.366425  20312.509363
1    394913         1  ...  57486.876014  55388.694257
2    753899         2  ...  71750.596595  67282.768987
3    394463         3  ...  18543.786694  17906.156091
4    394514         4  ...  15721.274603  15516.527502

[5 rows x 82 columns]
[2024-08-31T02:25:07.006+0000] {logging_mixin.py:188} INFO - Transformed data from Metro_mean_listings_price_cut_amt_uc_sfrcondo_sm_month.csv:
[2024-08-31T02:25:07.012+0000] {logging_mixin.py:188} INFO -    regionid  sizerank       regionname  ... statename        date mean_price_cuts
0    394913         1     New York, NY  ...        NY  2018-03-31    39436.870647
1    753899         2  Los Angeles, CA  ...        CA  2018-03-31    44820.203428
2    394463         3      Chicago, IL  ...        IL  2018-03-31    12415.627447
3    394514         4       Dallas, TX  ...        TX  2018-03-31    12578.204060
4    394692         5      Houston, TX  ...        TX  2018-03-31    14404.246526

[5 rows x 7 columns]
[2024-08-31T02:25:07.136+0000] {logging_mixin.py:188} INFO - CSV content for Metro_mean_listings_price_cut_amt_uc_sfrcondo_sm_month.csv (first 500 characters):
[2024-08-31T02:25:07.137+0000] {logging_mixin.py:188} INFO - regionid,sizerank,regionname,regiontype,statename,date,mean_price_cuts
394913,1,"New York, NY",msa,NY,2018-03-31,39436.87064673295
753899,2,"Los Angeles, CA",msa,CA,2018-03-31,44820.20342768711
394463,3,"Chicago, IL",msa,IL,2018-03-31,12415.627446778728
394514,4,"Dallas, TX",msa,TX,2018-03-31,12578.20406031575
394692,5,"Houston, TX",msa,TX,2018-03-31,14404.246526427336
395209,6,"Washington, DC",msa,VA,2018-03-31,17227.355106396877
394974,7,"Philadelphia, PA",msa,PA,2018-03-31,11141.206283763357
[2024-08-31T02:25:08.503+0000] {logging_mixin.py:188} INFO - Processed and saved Metro_mean_listings_price_cut_amt_uc_sfrcondo_sm_month.csv to processed-data/Metro_mean_listings_price_cut_amt_uc_sfrcondo_sm_month_transformed.csv in zillow-staging
[2024-08-31T02:25:08.938+0000] {logging_mixin.py:188} INFO - Data loaded from Metro_mean_sale_to_list_uc_sfrcondo_month.csv:
[2024-08-31T02:25:08.987+0000] {logging_mixin.py:188} INFO -    RegionID  SizeRank       RegionName  ... 2024-04-30 2024-05-31  2024-06-30
0    102001         0    United States  ...   0.991597   0.994370    0.995080
1    394913         1     New York, NY  ...   1.019517   1.024076    1.030287
2    753899         2  Los Angeles, CA  ...   1.017986   1.018758    1.016249
3    394463         3      Chicago, IL  ...   1.003429   1.006532    1.007598
4    394514         4       Dallas, TX  ...   0.987718   0.987737    0.984634

[5 rows x 83 columns]
[2024-08-31T02:25:08.997+0000] {logging_mixin.py:188} INFO - Transformed data from Metro_mean_sale_to_list_uc_sfrcondo_month.csv:
[2024-08-31T02:25:09.003+0000] {logging_mixin.py:188} INFO -    regionid  sizerank       regionname  ... statename        date mean_sale_to_list
0    394913         1     New York, NY  ...        NY  2018-01-31          0.975615
1    753899         2  Los Angeles, CA  ...        CA  2018-01-31          0.995173
2    394463         3      Chicago, IL  ...        IL  2018-01-31          0.966679
3    394514         4       Dallas, TX  ...        TX  2018-01-31          0.983215
4    394692         5      Houston, TX  ...        TX  2018-01-31          0.966604

[5 rows x 7 columns]
[2024-08-31T02:25:09.104+0000] {logging_mixin.py:188} INFO - CSV content for Metro_mean_sale_to_list_uc_sfrcondo_month.csv (first 500 characters):
[2024-08-31T02:25:09.104+0000] {logging_mixin.py:188} INFO - regionid,sizerank,regionname,regiontype,statename,date,mean_sale_to_list
394913,1,"New York, NY",msa,NY,2018-01-31,0.9756147821131792
753899,2,"Los Angeles, CA",msa,CA,2018-01-31,0.9951730351308132
394463,3,"Chicago, IL",msa,IL,2018-01-31,0.9666794699640564
394514,4,"Dallas, TX",msa,TX,2018-01-31,0.9832152183848928
394692,5,"Houston, TX",msa,TX,2018-01-31,0.966603820188564
395209,6,"Washington, DC",msa,VA,2018-01-31,0.9854730101403594
394974,7,"Philadelphia, PA",msa,PA,2018-01-31,0.9684199060269
[2024-08-31T02:25:10.230+0000] {logging_mixin.py:188} INFO - Processed and saved Metro_mean_sale_to_list_uc_sfrcondo_month.csv to processed-data/Metro_mean_sale_to_list_uc_sfrcondo_month_transformed.csv in zillow-staging
[2024-08-31T02:25:10.482+0000] {logging_mixin.py:188} INFO - Data loaded from Metro_med_doz_pending_uc_sfrcondo_sm_month.csv:
[2024-08-31T02:25:10.537+0000] {logging_mixin.py:188} INFO -    RegionID  SizeRank       RegionName  ... 2024-05-31 2024-06-30  2024-07-31
0    102001         0    United States  ...       13.0       14.0        15.0
1    394913         1     New York, NY  ...       21.0       22.0        24.0
2    753899         2  Los Angeles, CA  ...       13.0       14.0        15.0
3    394463         3      Chicago, IL  ...        7.0        7.0         8.0
4    394514         4       Dallas, TX  ...       15.0       17.0        20.0

[5 rows x 82 columns]
[2024-08-31T02:25:10.546+0000] {logging_mixin.py:188} INFO - Transformed data from Metro_med_doz_pending_uc_sfrcondo_sm_month.csv:
[2024-08-31T02:25:10.553+0000] {logging_mixin.py:188} INFO -    regionid  sizerank  ...        date median_days_pending
0    394913         1  ...  2018-03-31                58.0
1    753899         2  ...  2018-03-31                17.0
2    394463         3  ...  2018-03-31                32.0
3    394514         4  ...  2018-03-31                27.0
4    394692         5  ...  2018-03-31                27.0

[5 rows x 7 columns]
[2024-08-31T02:25:10.653+0000] {logging_mixin.py:188} INFO - CSV content for Metro_med_doz_pending_uc_sfrcondo_sm_month.csv (first 500 characters):
[2024-08-31T02:25:10.654+0000] {logging_mixin.py:188} INFO - regionid,sizerank,regionname,regiontype,statename,date,median_days_pending
394913,1,"New York, NY",msa,NY,2018-03-31,58.0
753899,2,"Los Angeles, CA",msa,CA,2018-03-31,17.0
394463,3,"Chicago, IL",msa,IL,2018-03-31,32.0
394514,4,"Dallas, TX",msa,TX,2018-03-31,27.0
394692,5,"Houston, TX",msa,TX,2018-03-31,27.0
395209,6,"Washington, DC",msa,VA,2018-03-31,37.0
394974,7,"Philadelphia, PA",msa,PA,2018-03-31,46.0
394856,8,"Miami, FL",msa,FL,2018-03-31,43.0
394347,9,"Atlanta, GA",msa,GA,2018-03-31,18.0
3
[2024-08-31T02:25:11.796+0000] {logging_mixin.py:188} INFO - Processed and saved Metro_med_doz_pending_uc_sfrcondo_sm_month.csv to processed-data/Metro_med_doz_pending_uc_sfrcondo_sm_month_transformed.csv in zillow-staging
[2024-08-31T02:25:12.105+0000] {logging_mixin.py:188} INFO - Data loaded from Metro_med_listings_price_cut_amt_uc_sfrcondo_sm_month.csv:
[2024-08-31T02:25:12.158+0000] {logging_mixin.py:188} INFO -    RegionID  SizeRank       RegionName  ... 2024-05-31    2024-06-30    2024-07-31
0    102001         0    United States  ...    10000.0  10000.000000  10000.000000
1    394913         1     New York, NY  ...    27000.0  27333.333333  27333.333333
2    753899         2  Los Angeles, CA  ...    38004.0  40004.000000  39667.000000
3    394463         3      Chicago, IL  ...    10000.0  10000.000000  10000.000000
4    394514         4       Dallas, TX  ...    10000.0  10000.000000  10000.000000

[5 rows x 82 columns]
[2024-08-31T02:25:12.169+0000] {logging_mixin.py:188} INFO - Transformed data from Metro_med_listings_price_cut_amt_uc_sfrcondo_sm_month.csv:
[2024-08-31T02:25:12.176+0000] {logging_mixin.py:188} INFO -    regionid  sizerank       regionname  ... statename        date median_price_cuts
0    394913         1     New York, NY  ...        NY  2018-03-31      16917.500000
1    753899         2  Los Angeles, CA  ...        CA  2018-03-31      20000.000000
2    394463         3      Chicago, IL  ...        IL  2018-03-31       7566.666667
3    394514         4       Dallas, TX  ...        TX  2018-03-31       8820.666667
4    394692         5      Houston, TX  ...        TX  2018-03-31      10000.000000

[5 rows x 7 columns]
[2024-08-31T02:25:12.290+0000] {logging_mixin.py:188} INFO - CSV content for Metro_med_listings_price_cut_amt_uc_sfrcondo_sm_month.csv (first 500 characters):
[2024-08-31T02:25:12.291+0000] {logging_mixin.py:188} INFO - regionid,sizerank,regionname,regiontype,statename,date,median_price_cuts
394913,1,"New York, NY",msa,NY,2018-03-31,16917.5
753899,2,"Los Angeles, CA",msa,CA,2018-03-31,20000.0
394463,3,"Chicago, IL",msa,IL,2018-03-31,7566.666666666667
394514,4,"Dallas, TX",msa,TX,2018-03-31,8820.666666666666
394692,5,"Houston, TX",msa,TX,2018-03-31,10000.0
395209,6,"Washington, DC",msa,VA,2018-03-31,10000.0
394974,7,"Philadelphia, PA",msa,PA,2018-03-31,6600.0
394856,8,"Miami, FL",msa,FL,2018-03-31,10000.0
394347
[2024-08-31T02:25:13.624+0000] {logging_mixin.py:188} INFO - Processed and saved Metro_med_listings_price_cut_amt_uc_sfrcondo_sm_month.csv to processed-data/Metro_med_listings_price_cut_amt_uc_sfrcondo_sm_month_transformed.csv in zillow-staging
[2024-08-31T02:25:13.840+0000] {logging_mixin.py:188} INFO - Data loaded from Metro_median_days_to_close_uc_sfrcondo_month.csv:
[2024-08-31T02:25:13.896+0000] {logging_mixin.py:188} INFO -    RegionID  SizeRank       RegionName  ... 2024-04-30 2024-05-31  2024-06-30
0    102001         0    United States  ...       31.0       30.0        31.0
1    394913         1     New York, NY  ...       48.0       50.0        52.0
2    753899         2  Los Angeles, CA  ...       28.0       28.0        28.0
3    394463         3      Chicago, IL  ...       35.0       35.0        35.0
4    394514         4       Dallas, TX  ...       28.0       28.0        28.0

[5 rows x 83 columns]
[2024-08-31T02:25:13.905+0000] {logging_mixin.py:188} INFO - Transformed data from Metro_median_days_to_close_uc_sfrcondo_month.csv:
[2024-08-31T02:25:13.912+0000] {logging_mixin.py:188} INFO -    regionid  sizerank  ...        date median_days_to_close
0    394913         1  ...  2018-01-31                 61.0
1    753899         2  ...  2018-01-31                 35.0
2    394463         3  ...  2018-01-31                 42.0
3    394514         4  ...  2018-01-31                 20.0
4    394692         5  ...  2018-01-31                 31.0

[5 rows x 7 columns]
[2024-08-31T02:25:13.995+0000] {logging_mixin.py:188} INFO - CSV content for Metro_median_days_to_close_uc_sfrcondo_month.csv (first 500 characters):
[2024-08-31T02:25:13.996+0000] {logging_mixin.py:188} INFO - regionid,sizerank,regionname,regiontype,statename,date,median_days_to_close
394913,1,"New York, NY",msa,NY,2018-01-31,61.0
753899,2,"Los Angeles, CA",msa,CA,2018-01-31,35.0
394463,3,"Chicago, IL",msa,IL,2018-01-31,42.0
394514,4,"Dallas, TX",msa,TX,2018-01-31,20.0
394692,5,"Houston, TX",msa,TX,2018-01-31,31.0
395209,6,"Washington, DC",msa,VA,2018-01-31,28.0
394974,7,"Philadelphia, PA",msa,PA,2018-01-31,36.0
394856,8,"Miami, FL",msa,FL,2018-01-31,35.0
394347,9,"Atlanta, GA",msa,GA,2018-01-31,32.0
[2024-08-31T02:25:14.922+0000] {logging_mixin.py:188} INFO - Processed and saved Metro_median_days_to_close_uc_sfrcondo_month.csv to processed-data/Metro_median_days_to_close_uc_sfrcondo_month_transformed.csv in zillow-staging
[2024-08-31T02:25:15.428+0000] {logging_mixin.py:188} INFO - Data loaded from Metro_median_sale_price_uc_sfrcondo_month.csv:
[2024-08-31T02:25:15.486+0000] {logging_mixin.py:188} INFO -    RegionID  SizeRank       RegionName  ... 2024-04-30 2024-05-31  2024-06-30
0    102001         0    United States  ...   352000.0   362500.0    370000.0
1    394913         1     New York, NY  ...   580000.0   610000.0    636000.0
2    753899         2  Los Angeles, CA  ...   950000.0   970000.0    962000.0
3    394463         3      Chicago, IL  ...   315000.0   325000.0    342000.0
4    394514         4       Dallas, TX  ...   399500.0   405000.0    400000.0

[5 rows x 202 columns]
[2024-08-31T02:25:15.505+0000] {logging_mixin.py:188} INFO - Transformed data from Metro_median_sale_price_uc_sfrcondo_month.csv:
[2024-08-31T02:25:15.512+0000] {logging_mixin.py:188} INFO -    regionid  sizerank       regionname  ... statename        date median_sale_price
0    394913         1     New York, NY  ...        NY  2008-02-29          399898.0
1    753899         2  Los Angeles, CA  ...        CA  2008-02-29          470000.0
2    394463         3      Chicago, IL  ...        IL  2008-02-29          218000.0
3    394514         4       Dallas, TX  ...        TX  2008-02-29          138000.0
4    394692         5      Houston, TX  ...        TX  2008-02-29          145000.0

[5 rows x 7 columns]
[2024-08-31T02:25:15.775+0000] {logging_mixin.py:188} INFO - CSV content for Metro_median_sale_price_uc_sfrcondo_month.csv (first 500 characters):
[2024-08-31T02:25:15.776+0000] {logging_mixin.py:188} INFO - regionid,sizerank,regionname,regiontype,statename,date,median_sale_price
394913,1,"New York, NY",msa,NY,2008-02-29,399898.0
753899,2,"Los Angeles, CA",msa,CA,2008-02-29,470000.0
394463,3,"Chicago, IL",msa,IL,2008-02-29,218000.0
394514,4,"Dallas, TX",msa,TX,2008-02-29,138000.0
394692,5,"Houston, TX",msa,TX,2008-02-29,145000.0
395209,6,"Washington, DC",msa,VA,2008-02-29,338750.0
394974,7,"Philadelphia, PA",msa,PA,2008-02-29,191000.0
394856,8,"Miami, FL",msa,FL,2008-02-29,239000.0
394347,9,"Atlanta
[2024-08-31T02:25:18.564+0000] {logging_mixin.py:188} INFO - Processed and saved Metro_median_sale_price_uc_sfrcondo_month.csv to processed-data/Metro_median_sale_price_uc_sfrcondo_month_transformed.csv in zillow-staging
[2024-08-31T02:25:18.862+0000] {logging_mixin.py:188} INFO - Data loaded from Metro_median_sale_to_list_uc_sfrcondo_month.csv:
[2024-08-31T02:25:18.912+0000] {logging_mixin.py:188} INFO -    RegionID  SizeRank       RegionName  ... 2024-04-30 2024-05-31  2024-06-30
0    102001         0    United States  ...   1.000000   1.000000    1.000000
1    394913         1     New York, NY  ...   1.000263   1.005747    1.014305
2    753899         2  Los Angeles, CA  ...   1.004016   1.006306    1.002923
3    394463         3      Chicago, IL  ...   1.000000   1.000004    1.000233
4    394514         4       Dallas, TX  ...   0.996561   0.998557    0.993174

[5 rows x 83 columns]
[2024-08-31T02:25:18.923+0000] {logging_mixin.py:188} INFO - Transformed data from Metro_median_sale_to_list_uc_sfrcondo_month.csv:
[2024-08-31T02:25:18.930+0000] {logging_mixin.py:188} INFO -    regionid  sizerank  ...        date median_sale_to_list
0    394913         1  ...  2018-01-31            0.977810
1    753899         2  ...  2018-01-31            0.997420
2    394463         3  ...  2018-01-31            0.971160
3    394514         4  ...  2018-01-31            0.987421
4    394692         5  ...  2018-01-31            0.975779

[5 rows x 7 columns]
[2024-08-31T02:25:19.030+0000] {logging_mixin.py:188} INFO - CSV content for Metro_median_sale_to_list_uc_sfrcondo_month.csv (first 500 characters):
[2024-08-31T02:25:19.031+0000] {logging_mixin.py:188} INFO - regionid,sizerank,regionname,regiontype,statename,date,median_sale_to_list
394913,1,"New York, NY",msa,NY,2018-01-31,0.9778098908156712
753899,2,"Los Angeles, CA",msa,CA,2018-01-31,0.997419851737749
394463,3,"Chicago, IL",msa,IL,2018-01-31,0.9711595055915244
394514,4,"Dallas, TX",msa,TX,2018-01-31,0.9874213836477987
394692,5,"Houston, TX",msa,TX,2018-01-31,0.9757785467128028
395209,6,"Washington, DC",msa,VA,2018-01-31,0.9932324622243536
394974,7,"Philadelphia, PA",msa,PA,2018-01-31,0.97868638538
[2024-08-31T02:25:20.170+0000] {logging_mixin.py:188} INFO - Processed and saved Metro_median_sale_to_list_uc_sfrcondo_month.csv to processed-data/Metro_median_sale_to_list_uc_sfrcondo_month_transformed.csv in zillow-staging
[2024-08-31T02:25:20.477+0000] {logging_mixin.py:188} INFO - Data loaded from Metro_mlp_uc_sfrcondo_month.csv:
[2024-08-31T02:25:20.536+0000] {logging_mixin.py:188} INFO -    RegionID  SizeRank       RegionName  ... 2024-05-31 2024-06-30  2024-07-31
0    102001         0    United States  ...   407900.0   409900.0    400000.0
1    394913         1     New York, NY  ...   719999.0   719000.0    709000.0
2    753899         2  Los Angeles, CA  ...  1089000.0  1099000.0   1098000.0
3    394463         3      Chicago, IL  ...   359900.0   359900.0    355000.0
4    394514         4       Dallas, TX  ...   439900.0   440000.0    435000.0

[5 rows x 84 columns]
[2024-08-31T02:25:20.548+0000] {logging_mixin.py:188} INFO - Transformed data from Metro_mlp_uc_sfrcondo_month.csv:
[2024-08-31T02:25:20.555+0000] {logging_mixin.py:188} INFO -    regionid  sizerank       regionname  ... statename        date median_list_price
0    394913         1     New York, NY  ...        NY  2018-01-31          489000.0
1    753899         2  Los Angeles, CA  ...        CA  2018-01-31          709000.0
2    394463         3      Chicago, IL  ...        IL  2018-01-31          269900.0
3    394514         4       Dallas, TX  ...        TX  2018-01-31          318000.0
4    394692         5      Houston, TX  ...        TX  2018-01-31          289500.0

[5 rows x 7 columns]
[2024-08-31T02:25:20.695+0000] {logging_mixin.py:188} INFO - CSV content for Metro_mlp_uc_sfrcondo_month.csv (first 500 characters):
[2024-08-31T02:25:20.695+0000] {logging_mixin.py:188} INFO - regionid,sizerank,regionname,regiontype,statename,date,median_list_price
394913,1,"New York, NY",msa,NY,2018-01-31,489000.0
753899,2,"Los Angeles, CA",msa,CA,2018-01-31,709000.0
394463,3,"Chicago, IL",msa,IL,2018-01-31,269900.0
394514,4,"Dallas, TX",msa,TX,2018-01-31,318000.0
394692,5,"Houston, TX",msa,TX,2018-01-31,289500.0
395209,6,"Washington, DC",msa,VA,2018-01-31,392000.0
394974,7,"Philadelphia, PA",msa,PA,2018-01-31,219000.0
394856,8,"Miami, FL",msa,FL,2018-01-31,364900.0
394347,9,"Atlanta
[2024-08-31T02:25:22.300+0000] {logging_mixin.py:188} INFO - Processed and saved Metro_mlp_uc_sfrcondo_month.csv to processed-data/Metro_mlp_uc_sfrcondo_month_transformed.csv in zillow-staging
[2024-08-31T02:25:22.495+0000] {logging_mixin.py:188} INFO - Data loaded from Metro_new_con_mean_sale_price_uc_sfrcondo_month.csv:
[2024-08-31T02:25:22.559+0000] {logging_mixin.py:188} INFO -    RegionID  SizeRank  ...    2024-05-31    2024-06-30
0    102001         0  ...  5.629099e+05  5.487021e+05
1    394913         1  ...  1.426271e+06  1.394696e+06
2    753899         2  ...  1.951269e+06  1.875664e+06
3    394463         3  ...  6.698438e+05  6.468555e+05
4    394514         4  ...  5.099301e+05  4.909982e+05

[5 rows x 83 columns]
[2024-08-31T02:25:22.570+0000] {logging_mixin.py:188} INFO - Transformed data from Metro_new_con_mean_sale_price_uc_sfrcondo_month.csv:
[2024-08-31T02:25:22.578+0000] {logging_mixin.py:188} INFO -    regionid  sizerank  ...        date new_construction_mean_sale_price
0    394913         1  ...  2018-01-31                     8.176823e+05
1    753899         2  ...  2018-01-31                     1.210770e+06
2    394463         3  ...  2018-01-31                     5.788080e+05
3    394514         4  ...  2018-01-31                     3.634576e+05
4    394692         5  ...  2018-01-31                     3.372448e+05

[5 rows x 7 columns]
[2024-08-31T02:25:22.609+0000] {logging_mixin.py:188} INFO - CSV content for Metro_new_con_mean_sale_price_uc_sfrcondo_month.csv (first 500 characters):
[2024-08-31T02:25:22.610+0000] {logging_mixin.py:188} INFO - regionid,sizerank,regionname,regiontype,statename,date,new_construction_mean_sale_price
394913,1,"New York, NY",msa,NY,2018-01-31,817682.254789272
753899,2,"Los Angeles, CA",msa,CA,2018-01-31,1210769.5515463918
394463,3,"Chicago, IL",msa,IL,2018-01-31,578808.0060422961
394514,4,"Dallas, TX",msa,TX,2018-01-31,363457.5755045233
394692,5,"Houston, TX",msa,TX,2018-01-31,337244.8396369138
395209,6,"Washington, DC",msa,VA,2018-01-31,567853.6133333333
394974,7,"Philadelphia, PA",msa,PA,2018-01-31,55707
[2024-08-31T02:25:23.059+0000] {logging_mixin.py:188} INFO - Processed and saved Metro_new_con_mean_sale_price_uc_sfrcondo_month.csv to processed-data/Metro_new_con_mean_sale_price_uc_sfrcondo_month_transformed.csv in zillow-staging
[2024-08-31T02:25:23.207+0000] {logging_mixin.py:188} INFO - Data loaded from Metro_new_con_median_sale_price_per_sqft_uc_sfrcondo_month.csv:
[2024-08-31T02:25:23.254+0000] {logging_mixin.py:188} INFO -    RegionID  SizeRank       RegionName  ...  2024-04-30  2024-05-31  2024-06-30
0    102001         0    United States  ...  208.785326  209.704616  208.662982
1    394913         1     New York, NY  ...  458.547322  467.741935  476.774194
2    753899         2  Los Angeles, CA  ...  591.757112  582.100758  621.155781
3    394463         3      Chicago, IL  ...  219.171246  218.043610  222.915133
4    394514         4       Dallas, TX  ...  196.427313  194.472222  193.800522

[5 rows x 83 columns]
[2024-08-31T02:25:23.261+0000] {logging_mixin.py:188} INFO - Transformed data from Metro_new_con_median_sale_price_per_sqft_uc_sfrcondo_month.csv:
[2024-08-31T02:25:23.267+0000] {logging_mixin.py:188} INFO -    regionid  sizerank  ...        date new_contstruction_median_sale_price
0    394913         1  ...  2018-01-31                          246.573740
1    753899         2  ...  2018-01-31                          396.255449
2    394463         3  ...  2018-01-31                          158.615079
3    394514         4  ...  2018-01-31                          131.656331
4    394692         5  ...  2018-01-31                          115.442327

[5 rows x 7 columns]
[2024-08-31T02:25:23.295+0000] {logging_mixin.py:188} INFO - CSV content for Metro_new_con_median_sale_price_per_sqft_uc_sfrcondo_month.csv (first 500 characters):
[2024-08-31T02:25:23.295+0000] {logging_mixin.py:188} INFO - regionid,sizerank,regionname,regiontype,statename,date,new_contstruction_median_sale_price
394913,1,"New York, NY",msa,NY,2018-01-31,246.57374031750905
753899,2,"Los Angeles, CA",msa,CA,2018-01-31,396.2554487340169
394463,3,"Chicago, IL",msa,IL,2018-01-31,158.61507936507937
394514,4,"Dallas, TX",msa,TX,2018-01-31,131.656330749354
394692,5,"Houston, TX",msa,TX,2018-01-31,115.44232749742534
395209,6,"Washington, DC",msa,VA,2018-01-31,194.3885485612355
394974,7,"Philadelphia, PA",msa,PA,2018-01-31,
[2024-08-31T02:25:23.664+0000] {logging_mixin.py:188} INFO - Processed and saved Metro_new_con_median_sale_price_per_sqft_uc_sfrcondo_month.csv to processed-data/Metro_new_con_median_sale_price_per_sqft_uc_sfrcondo_month_transformed.csv in zillow-staging
[2024-08-31T02:25:23.824+0000] {logging_mixin.py:188} INFO - Data loaded from Metro_new_con_median_sale_price_uc_sfrcondo_month.csv:
[2024-08-31T02:25:23.884+0000] {logging_mixin.py:188} INFO -    RegionID  SizeRank       RegionName  ... 2024-04-30 2024-05-31  2024-06-30
0    102001         0    United States  ...   419554.0   418000.0    413990.0
1    394913         1     New York, NY  ...   900000.0  1057027.5   1050000.0
2    753899         2  Los Angeles, CA  ...  1089995.0  1132205.0   1235000.0
3    394463         3      Chicago, IL  ...   508505.0   498990.0    519075.0
4    394514         4       Dallas, TX  ...   423382.5   415000.0    409410.0

[5 rows x 83 columns]
[2024-08-31T02:25:23.892+0000] {logging_mixin.py:188} INFO - Transformed data from Metro_new_con_median_sale_price_uc_sfrcondo_month.csv:
[2024-08-31T02:25:23.898+0000] {logging_mixin.py:188} INFO -    regionid  sizerank  ...        date new_construction_median_sale_price
0    394913         1  ...  2018-01-31                           576150.0
1    753899         2  ...  2018-01-31                           873500.0
2    394463         3  ...  2018-01-31                           352883.0
3    394514         4  ...  2018-01-31                           330218.0
4    394692         5  ...  2018-01-31                           286000.0

[5 rows x 7 columns]
[2024-08-31T02:25:23.923+0000] {logging_mixin.py:188} INFO - CSV content for Metro_new_con_median_sale_price_uc_sfrcondo_month.csv (first 500 characters):
[2024-08-31T02:25:23.923+0000] {logging_mixin.py:188} INFO - regionid,sizerank,regionname,regiontype,statename,date,new_construction_median_sale_price
394913,1,"New York, NY",msa,NY,2018-01-31,576150.0
753899,2,"Los Angeles, CA",msa,CA,2018-01-31,873500.0
394463,3,"Chicago, IL",msa,IL,2018-01-31,352883.0
394514,4,"Dallas, TX",msa,TX,2018-01-31,330218.0
394692,5,"Houston, TX",msa,TX,2018-01-31,286000.0
395209,6,"Washington, DC",msa,VA,2018-01-31,490000.0
394974,7,"Philadelphia, PA",msa,PA,2018-01-31,413262.5
394856,8,"Miami, FL",msa,FL,2018-01-31,440500.0
[2024-08-31T02:25:24.327+0000] {logging_mixin.py:188} INFO - Processed and saved Metro_new_con_median_sale_price_uc_sfrcondo_month.csv to processed-data/Metro_new_con_median_sale_price_uc_sfrcondo_month_transformed.csv in zillow-staging
[2024-08-31T02:25:24.486+0000] {logging_mixin.py:188} INFO - Data loaded from Metro_new_con_sales_count_raw_uc_sfrcondo_month.csv:
[2024-08-31T02:25:24.541+0000] {logging_mixin.py:188} INFO -    RegionID  SizeRank       RegionName  ... 2024-04-30 2024-05-31  2024-06-30
0    102001         0    United States  ...    33479.0    35605.0     32286.0
1    394913         1     New York, NY  ...      291.0      397.0       301.0
2    753899         2  Los Angeles, CA  ...      240.0      240.0       228.0
3    394463         3      Chicago, IL  ...      446.0      519.0       416.0
4    394514         4       Dallas, TX  ...     1502.0     1462.0      1405.0

[5 rows x 83 columns]
[2024-08-31T02:25:24.549+0000] {logging_mixin.py:188} INFO - Transformed data from Metro_new_con_sales_count_raw_uc_sfrcondo_month.csv:
[2024-08-31T02:25:24.555+0000] {logging_mixin.py:188} INFO -    regionid  sizerank  ...        date new_construction_sales_count
0    394913         1  ...  2018-01-31                        524.0
1    753899         2  ...  2018-01-31                        396.0
2    394463         3  ...  2018-01-31                        332.0
3    394514         4  ...  2018-01-31                       1447.0
4    394692         5  ...  2018-01-31                       1325.0

[5 rows x 7 columns]
[2024-08-31T02:25:24.604+0000] {logging_mixin.py:188} INFO - CSV content for Metro_new_con_sales_count_raw_uc_sfrcondo_month.csv (first 500 characters):
[2024-08-31T02:25:24.604+0000] {logging_mixin.py:188} INFO - regionid,sizerank,regionname,regiontype,statename,date,new_construction_sales_count
394913,1,"New York, NY",msa,NY,2018-01-31,524.0
753899,2,"Los Angeles, CA",msa,CA,2018-01-31,396.0
394463,3,"Chicago, IL",msa,IL,2018-01-31,332.0
394514,4,"Dallas, TX",msa,TX,2018-01-31,1447.0
394692,5,"Houston, TX",msa,TX,2018-01-31,1325.0
395209,6,"Washington, DC",msa,VA,2018-01-31,1127.0
394974,7,"Philadelphia, PA",msa,PA,2018-01-31,338.0
394856,8,"Miami, FL",msa,FL,2018-01-31,544.0
394347,9,"Atlanta, GA",msa,
[2024-08-31T02:25:25.241+0000] {logging_mixin.py:188} INFO - Processed and saved Metro_new_con_sales_count_raw_uc_sfrcondo_month.csv to processed-data/Metro_new_con_sales_count_raw_uc_sfrcondo_month_transformed.csv in zillow-staging
[2024-08-31T02:25:25.492+0000] {logging_mixin.py:188} INFO - Data loaded from Metro_new_listings_uc_sfrcondo_month.csv:
[2024-08-31T02:25:25.548+0000] {logging_mixin.py:188} INFO -    RegionID  SizeRank       RegionName  ... 2024-05-31 2024-06-30  2024-07-31
0    102001         0    United States  ...   414294.0   380223.0    356190.0
1    394913         1     New York, NY  ...    15427.0    13472.0     12427.0
2    753899         2  Los Angeles, CA  ...     8294.0     7838.0      7762.0
3    394463         3      Chicago, IL  ...    11589.0    10675.0     10316.0
4    394514         4       Dallas, TX  ...    10662.0    10116.0      9366.0

[5 rows x 84 columns]
[2024-08-31T02:25:25.558+0000] {logging_mixin.py:188} INFO - Transformed data from Metro_new_listings_uc_sfrcondo_month.csv:
[2024-08-31T02:25:25.565+0000] {logging_mixin.py:188} INFO -    regionid  sizerank       regionname  ... statename        date new_listings
0    394913         1     New York, NY  ...        NY  2018-01-31      14880.0
1    753899         2  Los Angeles, CA  ...        CA  2018-01-31       8136.0
2    394463         3      Chicago, IL  ...        IL  2018-01-31       8645.0
3    394514         4       Dallas, TX  ...        TX  2018-01-31       7389.0
4    394692         5      Houston, TX  ...        TX  2018-01-31       6335.0

[5 rows x 7 columns]
[2024-08-31T02:25:25.699+0000] {logging_mixin.py:188} INFO - CSV content for Metro_new_listings_uc_sfrcondo_month.csv (first 500 characters):
[2024-08-31T02:25:25.699+0000] {logging_mixin.py:188} INFO - regionid,sizerank,regionname,regiontype,statename,date,new_listings
394913,1,"New York, NY",msa,NY,2018-01-31,14880.0
753899,2,"Los Angeles, CA",msa,CA,2018-01-31,8136.0
394463,3,"Chicago, IL",msa,IL,2018-01-31,8645.0
394514,4,"Dallas, TX",msa,TX,2018-01-31,7389.0
394692,5,"Houston, TX",msa,TX,2018-01-31,6335.0
395209,6,"Washington, DC",msa,VA,2018-01-31,5023.0
394974,7,"Philadelphia, PA",msa,PA,2018-01-31,5432.0
394856,8,"Miami, FL",msa,FL,2018-01-31,12468.0
394347,9,"Atlanta, GA",msa,GA,2018-0
[2024-08-31T02:25:27.162+0000] {logging_mixin.py:188} INFO - Processed and saved Metro_new_listings_uc_sfrcondo_month.csv to processed-data/Metro_new_listings_uc_sfrcondo_month_transformed.csv in zillow-staging
[2024-08-31T02:25:27.367+0000] {logging_mixin.py:188} INFO - Data loaded from Metro_new_pending_uc_sfrcondo_month.csv:
[2024-08-31T02:25:27.422+0000] {logging_mixin.py:188} INFO -    RegionID  SizeRank       RegionName  ... 2024-05-31 2024-06-30  2024-07-31
0    102001         0    United States  ...   281027.0   267255.0    263999.0
1    394913         1     New York, NY  ...    11102.0    10158.0     10235.0
2    753899         2  Los Angeles, CA  ...     6252.0     5760.0      5960.0
3    394463         3      Chicago, IL  ...     8858.0     8489.0      8179.0
4    394514         4       Dallas, TX  ...     7269.0     6627.0      6715.0

[5 rows x 84 columns]
[2024-08-31T02:25:27.433+0000] {logging_mixin.py:188} INFO - Transformed data from Metro_new_pending_uc_sfrcondo_month.csv:
[2024-08-31T02:25:27.440+0000] {logging_mixin.py:188} INFO -    regionid  sizerank       regionname  ... statename        date new_pending
0    394913         1     New York, NY  ...        NY  2018-01-31      3862.0
1    753899         2  Los Angeles, CA  ...        CA  2018-01-31      5845.0
2    394463         3      Chicago, IL  ...        IL  2018-01-31      7130.0
3    394514         4       Dallas, TX  ...        TX  2018-01-31      5549.0
4    394692         5      Houston, TX  ...        TX  2018-01-31      5153.0

[5 rows x 7 columns]
[2024-08-31T02:25:27.563+0000] {logging_mixin.py:188} INFO - CSV content for Metro_new_pending_uc_sfrcondo_month.csv (first 500 characters):
[2024-08-31T02:25:27.564+0000] {logging_mixin.py:188} INFO - regionid,sizerank,regionname,regiontype,statename,date,new_pending
394913,1,"New York, NY",msa,NY,2018-01-31,3862.0
753899,2,"Los Angeles, CA",msa,CA,2018-01-31,5845.0
394463,3,"Chicago, IL",msa,IL,2018-01-31,7130.0
394514,4,"Dallas, TX",msa,TX,2018-01-31,5549.0
394692,5,"Houston, TX",msa,TX,2018-01-31,5153.0
395209,6,"Washington, DC",msa,VA,2018-01-31,1256.0
394974,7,"Philadelphia, PA",msa,PA,2018-01-31,1515.0
394856,8,"Miami, FL",msa,FL,2018-01-31,4731.0
394347,9,"Atlanta, GA",msa,GA,2018-01-3
[2024-08-31T02:25:28.965+0000] {logging_mixin.py:188} INFO - Processed and saved Metro_new_pending_uc_sfrcondo_month.csv to processed-data/Metro_new_pending_uc_sfrcondo_month_transformed.csv in zillow-staging
[2024-08-31T02:25:29.264+0000] {logging_mixin.py:188} INFO - Data loaded from Metro_pct_sold_above_list_uc_sfrcondo_month.csv:
[2024-08-31T02:25:29.313+0000] {logging_mixin.py:188} INFO -    RegionID  SizeRank       RegionName  ... 2024-04-30 2024-05-31  2024-06-30
0    102001         0    United States  ...   0.332909   0.351918    0.354373
1    394913         1     New York, NY  ...   0.511760   0.537742    0.572396
2    753899         2  Los Angeles, CA  ...   0.555596   0.566405    0.552199
3    394463         3      Chicago, IL  ...   0.481969   0.502096    0.510735
4    394514         4       Dallas, TX  ...   0.270577   0.270399    0.234053

[5 rows x 83 columns]
[2024-08-31T02:25:29.322+0000] {logging_mixin.py:188} INFO - Transformed data from Metro_pct_sold_above_list_uc_sfrcondo_month.csv:
[2024-08-31T02:25:29.328+0000] {logging_mixin.py:188} INFO -    regionid  sizerank  ...        date pct_sold_above_list
0    394913         1  ...  2018-01-31            0.209055
1    753899         2  ...  2018-01-31            0.358005
2    394463         3  ...  2018-01-31            0.143872
3    394514         4  ...  2018-01-31            0.237375
4    394692         5  ...  2018-01-31            0.123410

[5 rows x 7 columns]
[2024-08-31T02:25:29.432+0000] {logging_mixin.py:188} INFO - CSV content for Metro_pct_sold_above_list_uc_sfrcondo_month.csv (first 500 characters):
[2024-08-31T02:25:29.433+0000] {logging_mixin.py:188} INFO - regionid,sizerank,regionname,regiontype,statename,date,pct_sold_above_list
394913,1,"New York, NY",msa,NY,2018-01-31,0.2090545938748335
753899,2,"Los Angeles, CA",msa,CA,2018-01-31,0.3580048270313757
394463,3,"Chicago, IL",msa,IL,2018-01-31,0.1438721136767318
394514,4,"Dallas, TX",msa,TX,2018-01-31,0.2373750320430658
394692,5,"Houston, TX",msa,TX,2018-01-31,0.1234104046242774
395209,6,"Washington, DC",msa,VA,2018-01-31,0.2144719687092568
394974,7,"Philadelphia, PA",msa,PA,2018-01-31,0.1721536351
[2024-08-31T02:25:30.592+0000] {logging_mixin.py:188} INFO - Processed and saved Metro_pct_sold_above_list_uc_sfrcondo_month.csv to processed-data/Metro_pct_sold_above_list_uc_sfrcondo_month_transformed.csv in zillow-staging
[2024-08-31T02:25:30.891+0000] {logging_mixin.py:188} INFO - Data loaded from Metro_pct_sold_below_list_uc_sfrcondo_month.csv:
[2024-08-31T02:25:30.939+0000] {logging_mixin.py:188} INFO -    RegionID  SizeRank       RegionName  ... 2024-04-30 2024-05-31  2024-06-30
0    102001         0    United States  ...   0.475241   0.458321    0.454218
1    394913         1     New York, NY  ...   0.376172   0.357947    0.323564
2    753899         2  Los Angeles, CA  ...   0.325530   0.317002    0.334034
3    394463         3      Chicago, IL  ...   0.379743   0.367384    0.353731
4    394514         4       Dallas, TX  ...   0.512299   0.503425    0.537631

[5 rows x 83 columns]
[2024-08-31T02:25:30.948+0000] {logging_mixin.py:188} INFO - Transformed data from Metro_pct_sold_below_list_uc_sfrcondo_month.csv:
[2024-08-31T02:25:30.954+0000] {logging_mixin.py:188} INFO -    regionid  sizerank  ...        date pct_sold_below_list
0    394913         1  ...  2018-01-31            0.684421
1    753899         2  ...  2018-01-31            0.506235
2    394463         3  ...  2018-01-31            0.773757
3    394514         4  ...  2018-01-31            0.594463
4    394692         5  ...  2018-01-31            0.722832

[5 rows x 7 columns]
[2024-08-31T02:25:31.054+0000] {logging_mixin.py:188} INFO - CSV content for Metro_pct_sold_below_list_uc_sfrcondo_month.csv (first 500 characters):
[2024-08-31T02:25:31.055+0000] {logging_mixin.py:188} INFO - regionid,sizerank,regionname,regiontype,statename,date,pct_sold_below_list
394913,1,"New York, NY",msa,NY,2018-01-31,0.6844207723035952
753899,2,"Los Angeles, CA",msa,CA,2018-01-31,0.5062349155269509
394463,3,"Chicago, IL",msa,IL,2018-01-31,0.7737566607460036
394514,4,"Dallas, TX",msa,TX,2018-01-31,0.594462958215842
394692,5,"Houston, TX",msa,TX,2018-01-31,0.7228323699421966
395209,6,"Washington, DC",msa,VA,2018-01-31,0.5482398956975228
394974,7,"Philadelphia, PA",msa,PA,2018-01-31,0.65363511659
[2024-08-31T02:25:32.219+0000] {logging_mixin.py:188} INFO - Processed and saved Metro_pct_sold_below_list_uc_sfrcondo_month.csv to processed-data/Metro_pct_sold_below_list_uc_sfrcondo_month_transformed.csv in zillow-staging
[2024-08-31T02:25:32.698+0000] {logging_mixin.py:188} INFO - Data loaded from Metro_perc_listings_price_cut_uc_sfrcondo_sm_month.csv:
[2024-08-31T02:25:32.750+0000] {logging_mixin.py:188} INFO -    RegionID  SizeRank       RegionName  ... 2024-05-31 2024-06-30  2024-07-31
0    102001         0    United States  ...   0.222509   0.235403    0.248268
1    394913         1     New York, NY  ...   0.124001   0.134447    0.140967
2    753899         2  Los Angeles, CA  ...   0.158725   0.171896    0.190793
3    394463         3      Chicago, IL  ...   0.187966   0.206579    0.228910
4    394514         4       Dallas, TX  ...   0.287787   0.319733    0.348072

[5 rows x 82 columns]
[2024-08-31T02:25:32.762+0000] {logging_mixin.py:188} INFO - Transformed data from Metro_perc_listings_price_cut_uc_sfrcondo_sm_month.csv:
[2024-08-31T02:25:32.769+0000] {logging_mixin.py:188} INFO -    regionid  sizerank  ...        date perc_listings_price_cut
0    394913         1  ...  2018-03-31                0.120111
1    753899         2  ...  2018-03-31                0.147420
2    394463         3  ...  2018-03-31                0.189776
3    394514         4  ...  2018-03-31                0.166377
4    394692         5  ...  2018-03-31                0.189772

[5 rows x 7 columns]
[2024-08-31T02:25:32.952+0000] {logging_mixin.py:188} INFO - CSV content for Metro_perc_listings_price_cut_uc_sfrcondo_sm_month.csv (first 500 characters):
[2024-08-31T02:25:32.953+0000] {logging_mixin.py:188} INFO - regionid,sizerank,regionname,regiontype,statename,date,perc_listings_price_cut
394913,1,"New York, NY",msa,NY,2018-03-31,0.1201106136809714
753899,2,"Los Angeles, CA",msa,CA,2018-03-31,0.1474201300035385
394463,3,"Chicago, IL",msa,IL,2018-03-31,0.1897762829619893
394514,4,"Dallas, TX",msa,TX,2018-03-31,0.1663769371017273
394692,5,"Houston, TX",msa,TX,2018-03-31,0.1897720655118402
395209,6,"Washington, DC",msa,VA,2018-03-31,0.135871572208605
394974,7,"Philadelphia, PA",msa,PA,2018-03-31,0.1719243
[2024-08-31T02:25:34.744+0000] {logging_mixin.py:188} INFO - Processed and saved Metro_perc_listings_price_cut_uc_sfrcondo_sm_month.csv to processed-data/Metro_perc_listings_price_cut_uc_sfrcondo_sm_month_transformed.csv in zillow-staging
[2024-08-31T02:25:34.864+0000] {logging_mixin.py:188} INFO - Data loaded from Metro_sales_count_now_uc_sfrcondo_month.csv:
[2024-08-31T02:25:34.921+0000] {logging_mixin.py:188} INFO -    RegionID  SizeRank       RegionName  ... 2024-05-31 2024-06-30  2024-07-31
0    102001         0    United States  ...   352250.0   325733.0    353450.0
1    394913         1     New York, NY  ...    12501.0    12544.0     14460.0
2    753899         2  Los Angeles, CA  ...     7131.0     6392.0      7332.0
3    394463         3      Chicago, IL  ...    10276.0    10067.0     10829.0
4    394514         4       Dallas, TX  ...     7577.0     6539.0      7033.0

[5 rows x 203 columns]
[2024-08-31T02:25:34.933+0000] {logging_mixin.py:188} INFO - Transformed data from Metro_sales_count_now_uc_sfrcondo_month.csv:
[2024-08-31T02:25:34.941+0000] {logging_mixin.py:188} INFO -    regionid  sizerank       regionname  ... statename        date sales_count_now
0    394913         1     New York, NY  ...        NY  2008-02-29          8467.0
1    753899         2  Los Angeles, CA  ...        CA  2008-02-29          4152.0
2    394463         3      Chicago, IL  ...        IL  2008-02-29          5731.0
3    394514         4       Dallas, TX  ...        TX  2008-02-29          5000.0
4    394692         5      Houston, TX  ...        TX  2008-02-29          4131.0

[5 rows x 7 columns]
[2024-08-31T02:25:34.975+0000] {logging_mixin.py:188} INFO - CSV content for Metro_sales_count_now_uc_sfrcondo_month.csv (first 500 characters):
[2024-08-31T02:25:34.976+0000] {logging_mixin.py:188} INFO - regionid,sizerank,regionname,regiontype,statename,date,sales_count_now
394913,1,"New York, NY",msa,NY,2008-02-29,8467.0
753899,2,"Los Angeles, CA",msa,CA,2008-02-29,4152.0
394463,3,"Chicago, IL",msa,IL,2008-02-29,5731.0
394514,4,"Dallas, TX",msa,TX,2008-02-29,5000.0
394692,5,"Houston, TX",msa,TX,2008-02-29,4131.0
395209,6,"Washington, DC",msa,VA,2008-02-29,4130.0
394974,7,"Philadelphia, PA",msa,PA,2008-02-29,4108.0
394856,8,"Miami, FL",msa,FL,2008-02-29,3976.0
394347,9,"Atlanta, GA",msa,GA,2008-
[2024-08-31T02:25:35.439+0000] {logging_mixin.py:188} INFO - Processed and saved Metro_sales_count_now_uc_sfrcondo_month.csv to processed-data/Metro_sales_count_now_uc_sfrcondo_month_transformed.csv in zillow-staging
[2024-08-31T02:25:35.896+0000] {logging_mixin.py:188} INFO - Data loaded from Metro_total_transaction_value_uc_sfrcondo_month.csv:
[2024-08-31T02:25:35.956+0000] {logging_mixin.py:188} INFO -    RegionID  SizeRank  ...    2024-05-31    2024-06-30
0    102001         0  ...  1.755848e+11  1.643497e+11
1    394913         1  ...  9.974481e+09  1.022011e+10
2    753899         2  ...  9.123812e+09  8.042667e+09
3    394463         3  ...  4.164648e+09  4.386403e+09
4    394514         4  ...  3.953413e+09  3.312246e+09

[5 rows x 202 columns]
[2024-08-31T02:25:35.974+0000] {logging_mixin.py:188} INFO - Transformed data from Metro_total_transaction_value_uc_sfrcondo_month.csv:
[2024-08-31T02:25:35.980+0000] {logging_mixin.py:188} INFO -    regionid  sizerank  ...        date total_transaction_value
0    394913         1  ...  2008-02-29            4.699322e+09
1    753899         2  ...  2008-02-29            2.588538e+09
2    394463         3  ...  2008-02-29            1.636662e+09
3    394514         4  ...  2008-02-29            9.544670e+08
4    394692         5  ...  2008-02-29            8.176623e+08

[5 rows x 7 columns]
[2024-08-31T02:25:36.269+0000] {logging_mixin.py:188} INFO - CSV content for Metro_total_transaction_value_uc_sfrcondo_month.csv (first 500 characters):
[2024-08-31T02:25:36.269+0000] {logging_mixin.py:188} INFO - regionid,sizerank,regionname,regiontype,statename,date,total_transaction_value
394913,1,"New York, NY",msa,NY,2008-02-29,4699322379.0
753899,2,"Los Angeles, CA",msa,CA,2008-02-29,2588538482.0
394463,3,"Chicago, IL",msa,IL,2008-02-29,1636661784.0
394514,4,"Dallas, TX",msa,TX,2008-02-29,954466967.0
394692,5,"Houston, TX",msa,TX,2008-02-29,817662260.0
395209,6,"Washington, DC",msa,VA,2008-02-29,1650179230.0
394974,7,"Philadelphia, PA",msa,PA,2008-02-29,946064806.0
394856,8,"Miami, FL",msa,FL,2008-0
[2024-08-31T02:25:39.300+0000] {logging_mixin.py:188} INFO - Processed and saved Metro_total_transaction_value_uc_sfrcondo_month.csv to processed-data/Metro_total_transaction_value_uc_sfrcondo_month_transformed.csv in zillow-staging
[2024-08-31T02:25:39.396+0000] {logging_mixin.py:188} INFO - Data loaded from Metro_zhvf_growth_uc_sfrcondo_tier_0.33_0.67_sm_sa_month.csv:
[2024-08-31T02:25:39.404+0000] {logging_mixin.py:188} INFO -    RegionID  SizeRank       RegionName  ... 2024-08-31 2024-10-31 2025-07-31
0    102001         0    United States  ...        0.0        0.1        0.9
1    394913         1     New York, NY  ...        0.3        0.0       -0.8
2    753899         2  Los Angeles, CA  ...        0.5        1.1        1.4
3    394463         3      Chicago, IL  ...        0.1       -0.1       -0.9
4    394514         4       Dallas, TX  ...       -0.3       -0.9       -0.3

[5 rows x 9 columns]
[2024-08-31T02:25:39.409+0000] {logging_mixin.py:188} INFO - Transformed data from Metro_zhvf_growth_uc_sfrcondo_tier_0.33_0.67_sm_sa_month.csv:
[2024-08-31T02:25:39.416+0000] {logging_mixin.py:188} INFO -    regionid  sizerank       regionname  ... statename      date zhvf_growth
0    394913         1     New York, NY  ...        NY  basedate  2024-07-31
1    753899         2  Los Angeles, CA  ...        CA  basedate  2024-07-31
2    394463         3      Chicago, IL  ...        IL  basedate  2024-07-31
3    394514         4       Dallas, TX  ...        TX  basedate  2024-07-31
4    394692         5      Houston, TX  ...        TX  basedate  2024-07-31

[5 rows x 7 columns]
[2024-08-31T02:25:39.425+0000] {logging_mixin.py:188} INFO - CSV content for Metro_zhvf_growth_uc_sfrcondo_tier_0.33_0.67_sm_sa_month.csv (first 500 characters):
[2024-08-31T02:25:39.425+0000] {logging_mixin.py:188} INFO - regionid,sizerank,regionname,regiontype,statename,date,zhvf_growth
394913,1,"New York, NY",msa,NY,basedate,2024-07-31
753899,2,"Los Angeles, CA",msa,CA,basedate,2024-07-31
394463,3,"Chicago, IL",msa,IL,basedate,2024-07-31
394514,4,"Dallas, TX",msa,TX,basedate,2024-07-31
394692,5,"Houston, TX",msa,TX,basedate,2024-07-31
395209,6,"Washington, DC",msa,VA,basedate,2024-07-31
394974,7,"Philadelphia, PA",msa,PA,basedate,2024-07-31
394856,8,"Miami, FL",msa,FL,basedate,2024-07-31
394347,9,"Atlanta, GA",
[2024-08-31T02:25:39.673+0000] {logging_mixin.py:188} INFO - Processed and saved Metro_zhvf_growth_uc_sfrcondo_tier_0.33_0.67_sm_sa_month.csv to processed-data/Metro_zhvf_growth_uc_sfrcondo_tier_0.33_0.67_sm_sa_month_transformed.csv in zillow-staging
[2024-08-31T02:25:40.726+0000] {logging_mixin.py:188} INFO - Data loaded from Metro_zhvi_uc_sfrcondo_tier_0.33_0.67_sm_sa_month.csv:
[2024-08-31T02:25:40.777+0000] {logging_mixin.py:188} INFO -    RegionID  SizeRank  ...     2024-06-30     2024-07-31
0    102001         0  ...  362331.951468  362481.204554
1    394913         1  ...  669344.600356  672129.301310
2    753899         2  ...  955144.724038  959638.896528
3    394463         3  ...  327148.882816  327898.691839
4    394514         4  ...  379793.877492  378841.103255

[5 rows x 300 columns]
[2024-08-31T02:25:40.811+0000] {logging_mixin.py:188} INFO - Transformed data from Metro_zhvi_uc_sfrcondo_tier_0.33_0.67_sm_sa_month.csv:
[2024-08-31T02:25:40.818+0000] {logging_mixin.py:188} INFO -    regionid  sizerank       regionname  ... statename        date           zhvi
0    394913         1     New York, NY  ...        NY  2000-01-31  219438.634519
1    753899         2  Los Angeles, CA  ...        CA  2000-01-31  226644.663860
2    394463         3      Chicago, IL  ...        IL  2000-01-31  156108.490933
3    394514         4       Dallas, TX  ...        TX  2000-01-31  127988.784838
4    394692         5      Houston, TX  ...        TX  2000-01-31  123347.089307

[5 rows x 7 columns]
[2024-08-31T02:25:41.407+0000] {logging_mixin.py:188} INFO - CSV content for Metro_zhvi_uc_sfrcondo_tier_0.33_0.67_sm_sa_month.csv (first 500 characters):
[2024-08-31T02:25:41.408+0000] {logging_mixin.py:188} INFO - regionid,sizerank,regionname,regiontype,statename,date,zhvi
394913,1,"New York, NY",msa,NY,2000-01-31,219438.63451947123
753899,2,"Los Angeles, CA",msa,CA,2000-01-31,226644.6638601038
394463,3,"Chicago, IL",msa,IL,2000-01-31,156108.49093290072
394514,4,"Dallas, TX",msa,TX,2000-01-31,127988.78483770764
394692,5,"Houston, TX",msa,TX,2000-01-31,123347.0893074155
395209,6,"Washington, DC",msa,VA,2000-01-31,181695.7821898331
394974,7,"Philadelphia, PA",msa,PA,2000-01-31,123044.109267673
394856,8,"Mia
[2024-08-31T02:25:47.369+0000] {logging_mixin.py:188} INFO - Processed and saved Metro_zhvi_uc_sfrcondo_tier_0.33_0.67_sm_sa_month.csv to processed-data/Metro_zhvi_uc_sfrcondo_tier_0.33_0.67_sm_sa_month_transformed.csv in zillow-staging
[2024-08-31T02:25:47.748+0000] {logging_mixin.py:188} INFO - Data loaded from Metro_zordi_uc_sfrcondomfr_month.csv:
[2024-08-31T02:25:47.787+0000] {logging_mixin.py:188} INFO -    RegionID  SizeRank       RegionName  ... 2024-05-31 2024-06-30  2024-07-31
0    102001         0    United States  ...       78.0       74.0        69.0
1    394913         1     New York, NY  ...      111.0      108.0       106.0
2    753899         2  Los Angeles, CA  ...       90.0       89.0        87.0
3    394463         3      Chicago, IL  ...      149.0      141.0       133.0
4    394514         4       Dallas, TX  ...       51.0       45.0        40.0

[5 rows x 55 columns]
[2024-08-31T02:25:47.800+0000] {logging_mixin.py:188} INFO - Transformed data from Metro_zordi_uc_sfrcondomfr_month.csv:
[2024-08-31T02:25:47.805+0000] {logging_mixin.py:188} INFO -    regionid  sizerank       regionname regiontype statename        date  zordi
0    394913         1     New York, NY        msa        NY  2020-06-30   53.0
1    753899         2  Los Angeles, CA        msa        CA  2020-06-30  134.0
2    394463         3      Chicago, IL        msa        IL  2020-06-30   97.0
3    394514         4       Dallas, TX        msa        TX  2020-06-30  108.0
4    394692         5      Houston, TX        msa        TX  2020-06-30   46.0
[2024-08-31T02:25:47.894+0000] {logging_mixin.py:188} INFO - CSV content for Metro_zordi_uc_sfrcondomfr_month.csv (first 500 characters):
[2024-08-31T02:25:47.894+0000] {logging_mixin.py:188} INFO - regionid,sizerank,regionname,regiontype,statename,date,zordi
394913,1,"New York, NY",msa,NY,2020-06-30,53.0
753899,2,"Los Angeles, CA",msa,CA,2020-06-30,134.0
394463,3,"Chicago, IL",msa,IL,2020-06-30,97.0
394514,4,"Dallas, TX",msa,TX,2020-06-30,108.0
394692,5,"Houston, TX",msa,TX,2020-06-30,46.0
395209,6,"Washington, DC",msa,VA,2020-06-30,102.0
394974,7,"Philadelphia, PA",msa,PA,2020-06-30,211.0
394856,8,"Miami, FL",msa,FL,2020-06-30,32.0
394347,9,"Atlanta, GA",msa,GA,2020-06-30,212.0
394404,10,
[2024-08-31T02:25:48.770+0000] {logging_mixin.py:188} INFO - Processed and saved Metro_zordi_uc_sfrcondomfr_month.csv to processed-data/Metro_zordi_uc_sfrcondomfr_month_transformed.csv in zillow-staging
[2024-08-31T02:25:49.004+0000] {logging_mixin.py:188} INFO - Data loaded from Metro_zori_uc_sfrcondomfr_sm_sa_month.csv:
[2024-08-31T02:25:49.053+0000] {logging_mixin.py:188} INFO -    RegionID  SizeRank       RegionName  ...   2024-05-31   2024-06-30   2024-07-31
0    102001         0    United States  ...  2060.777768  2065.259413  2069.867257
1    394913         1     New York, NY  ...  3487.546973  3490.613946  3493.099809
2    753899         2  Los Angeles, CA  ...  2988.357984  2994.056756  3000.514498
3    394463         3      Chicago, IL  ...  2093.062980  2099.606446  2105.613719
4    394514         4       Dallas, TX  ...  1843.994898  1840.894208  1838.018952

[5 rows x 120 columns]
[2024-08-31T02:25:49.065+0000] {logging_mixin.py:188} INFO - Transformed data from Metro_zori_uc_sfrcondomfr_sm_sa_month.csv:
[2024-08-31T02:25:49.071+0000] {logging_mixin.py:188} INFO -    regionid  sizerank       regionname  ... statename        date         zori
0    394913         1     New York, NY  ...        NY  2015-01-31  2481.182425
1    753899         2  Los Angeles, CA  ...        CA  2015-01-31  1881.508547
2    394463         3      Chicago, IL  ...        IL  2015-01-31  1474.673585
3    394514         4       Dallas, TX  ...        TX  2015-01-31  1166.527618
4    394692         5      Houston, TX  ...        TX  2015-01-31  1292.649912

[5 rows x 7 columns]
[2024-08-31T02:25:49.219+0000] {logging_mixin.py:188} INFO - CSV content for Metro_zori_uc_sfrcondomfr_sm_sa_month.csv (first 500 characters):
[2024-08-31T02:25:49.219+0000] {logging_mixin.py:188} INFO - regionid,sizerank,regionname,regiontype,statename,date,zori
394913,1,"New York, NY",msa,NY,2015-01-31,2481.18242471423
753899,2,"Los Angeles, CA",msa,CA,2015-01-31,1881.50854668558
394463,3,"Chicago, IL",msa,IL,2015-01-31,1474.6735852683648
394514,4,"Dallas, TX",msa,TX,2015-01-31,1166.5276183023027
394692,5,"Houston, TX",msa,TX,2015-01-31,1292.6499115495417
395209,6,"Washington, DC",msa,VA,2015-01-31,1816.5690880159668
394974,7,"Philadelphia, PA",msa,PA,2015-01-31,1277.708833521288
394856,8,"Mia
[2024-08-31T02:25:50.846+0000] {logging_mixin.py:188} INFO - Processed and saved Metro_zori_uc_sfrcondomfr_sm_sa_month.csv to processed-data/Metro_zori_uc_sfrcondomfr_sm_sa_month_transformed.csv in zillow-staging
[2024-08-31T02:25:50.851+0000] {python.py:237} INFO - Done. Returned value was: None
[2024-08-31T02:25:50.852+0000] {taskinstance.py:441} INFO - ::group::Post task execution logs
[2024-08-31T02:25:50.862+0000] {taskinstance.py:1206} INFO - Marking task as SUCCESS. dag_id=etl_single_task_process_files, task_id=process_and_transform_files, run_id=manual__2024-08-31T02:24:50.878739+00:00, execution_date=20240831T022450, start_date=20240831T022452, end_date=20240831T022550
[2024-08-31T02:25:50.898+0000] {local_task_job_runner.py:240} INFO - Task exited with return code 0
[2024-08-31T02:25:50.920+0000] {taskinstance.py:3503} INFO - 1 downstream tasks scheduled from follow-on schedule check
[2024-08-31T02:25:50.922+0000] {local_task_job_runner.py:222} INFO - ::endgroup::
