[2024-08-31T01:48:34.891+0000] {local_task_job_runner.py:120} INFO - ::group::Pre task execution logs
[2024-08-31T01:48:34.905+0000] {taskinstance.py:2076} INFO - Dependencies all met for dep_context=non-requeueable deps ti=<TaskInstance: etl_single_task_process_files.process_and_transform_files manual__2024-08-31T01:48:33.214285+00:00 [queued]>
[2024-08-31T01:48:34.912+0000] {taskinstance.py:2076} INFO - Dependencies all met for dep_context=requeueable deps ti=<TaskInstance: etl_single_task_process_files.process_and_transform_files manual__2024-08-31T01:48:33.214285+00:00 [queued]>
[2024-08-31T01:48:34.912+0000] {taskinstance.py:2306} INFO - Starting attempt 1 of 2
[2024-08-31T01:48:34.923+0000] {taskinstance.py:2330} INFO - Executing <Task(PythonOperator): process_and_transform_files> on 2024-08-31 01:48:33.214285+00:00
[2024-08-31T01:48:34.928+0000] {warnings.py:112} WARNING - /home/***/.local/lib/python3.12/site-packages/***/task/task_runner/standard_task_runner.py:61: DeprecationWarning: This process (pid=244) is multi-threaded, use of fork() may lead to deadlocks in the child.
  pid = os.fork()

[2024-08-31T01:48:34.929+0000] {standard_task_runner.py:63} INFO - Started process 246 to run task
[2024-08-31T01:48:34.929+0000] {standard_task_runner.py:90} INFO - Running: ['***', 'tasks', 'run', 'etl_single_task_process_files', 'process_and_transform_files', 'manual__2024-08-31T01:48:33.214285+00:00', '--job-id', '442', '--raw', '--subdir', 'DAGS_FOLDER/etl_pipeline.py', '--cfg-path', '/tmp/tmp174swdj3']
[2024-08-31T01:48:34.932+0000] {standard_task_runner.py:91} INFO - Job 442: Subtask process_and_transform_files
[2024-08-31T01:48:34.969+0000] {task_command.py:426} INFO - Running <TaskInstance: etl_single_task_process_files.process_and_transform_files manual__2024-08-31T01:48:33.214285+00:00 [running]> on host 0fffd72ba499
[2024-08-31T01:48:35.064+0000] {taskinstance.py:2648} INFO - Exporting env vars: AIRFLOW_CTX_DAG_OWNER='***' AIRFLOW_CTX_DAG_ID='etl_single_task_process_files' AIRFLOW_CTX_TASK_ID='process_and_transform_files' AIRFLOW_CTX_EXECUTION_DATE='2024-08-31T01:48:33.214285+00:00' AIRFLOW_CTX_TRY_NUMBER='1' AIRFLOW_CTX_DAG_RUN_ID='manual__2024-08-31T01:48:33.214285+00:00'
[2024-08-31T01:48:35.065+0000] {taskinstance.py:430} INFO - ::endgroup::
[2024-08-31T01:48:35.087+0000] {base.py:84} INFO - Using connection ID 'zillow-aws' for task execution.
[2024-08-31T01:48:35.088+0000] {connection_wrapper.py:384} INFO - AWS Connection (conn_id='zillow-aws', conn_type='aws') credentials retrieved from login and password.
[2024-08-31T01:48:36.323+0000] {logging_mixin.py:188} INFO - Data loaded from Metro_invt_fs_uc_sfrcondo_week.csv:
[2024-08-31T01:48:36.394+0000] {logging_mixin.py:188} INFO -    RegionID  SizeRank       RegionName  ... 2024-07-20 2024-07-27  2024-08-03
0    102001         0    United States  ...   901889.0   903051.0    900091.0
1    394913         1     New York, NY  ...    34515.0    34279.0     33966.0
2    753899         2  Los Angeles, CA  ...    15349.0    15422.0     15335.0
3    394463         3      Chicago, IL  ...    17260.0    17411.0     17270.0
4    394514         4       Dallas, TX  ...    25004.0    25117.0     25019.0

[5 rows x 348 columns]
[2024-08-31T01:48:36.396+0000] {logging_mixin.py:188} INFO - Data after filtering 'country' from Metro_invt_fs_uc_sfrcondo_week.csv:
[2024-08-31T01:48:36.455+0000] {logging_mixin.py:188} INFO -    regionid  sizerank       regionname  ... 2024-07-20 2024-07-27  2024-08-03
1    394913         1     New York, NY  ...    34515.0    34279.0     33966.0
2    753899         2  Los Angeles, CA  ...    15349.0    15422.0     15335.0
3    394463         3      Chicago, IL  ...    17260.0    17411.0     17270.0
4    394514         4       Dallas, TX  ...    25004.0    25117.0     25019.0
5    394692         5      Houston, TX  ...    23045.0    23118.0     23075.0

[5 rows x 348 columns]
[2024-08-31T01:48:37.018+0000] {logging_mixin.py:188} INFO - No date columns found in Metro_invt_fs_uc_sfrcondo_week.csv, skipping file.
[2024-08-31T01:48:37.147+0000] {logging_mixin.py:188} INFO - Data loaded from Metro_market_temp_index_uc_sfrcondo_month.csv:
[2024-08-31T01:48:37.202+0000] {logging_mixin.py:188} INFO -    RegionID  SizeRank       RegionName  ... 2024-05-31 2024-06-30  2024-07-31
0    102001         0    United States  ...       58.0       56.0        54.0
1    394913         1     New York, NY  ...       79.0       76.0        74.0
2    753899         2  Los Angeles, CA  ...       74.0       69.0        67.0
3    394463         3      Chicago, IL  ...       71.0       67.0        64.0
4    394514         4       Dallas, TX  ...       59.0       55.0        52.0

[5 rows x 84 columns]
[2024-08-31T01:48:37.204+0000] {logging_mixin.py:188} INFO - Data after filtering 'country' from Metro_market_temp_index_uc_sfrcondo_month.csv:
[2024-08-31T01:48:37.259+0000] {logging_mixin.py:188} INFO -    regionid  sizerank       regionname  ... 2024-05-31 2024-06-30  2024-07-31
1    394913         1     New York, NY  ...       79.0       76.0        74.0
2    753899         2  Los Angeles, CA  ...       74.0       69.0        67.0
3    394463         3      Chicago, IL  ...       71.0       67.0        64.0
4    394514         4       Dallas, TX  ...       59.0       55.0        52.0
5    394692         5      Houston, TX  ...       53.0       51.0        48.0

[5 rows x 84 columns]
[2024-08-31T01:48:37.326+0000] {logging_mixin.py:188} INFO - No date columns found in Metro_market_temp_index_uc_sfrcondo_month.csv, skipping file.
[2024-08-31T01:48:37.410+0000] {logging_mixin.py:188} INFO - Data loaded from Metro_mean_days_to_close_uc_sfrcondo_month.csv:
[2024-08-31T01:48:37.467+0000] {logging_mixin.py:188} INFO -    RegionID  SizeRank       RegionName  ... 2024-04-30 2024-05-31  2024-06-30
0    102001         0    United States  ...       33.0       34.0        34.0
1    394913         1     New York, NY  ...       51.0       53.0        56.0
2    753899         2  Los Angeles, CA  ...       29.0       29.0        29.0
3    394463         3      Chicago, IL  ...       37.0       38.0        39.0
4    394514         4       Dallas, TX  ...       29.0       29.0        29.0

[5 rows x 83 columns]
[2024-08-31T01:48:37.468+0000] {logging_mixin.py:188} INFO - Data after filtering 'country' from Metro_mean_days_to_close_uc_sfrcondo_month.csv:
[2024-08-31T01:48:37.523+0000] {logging_mixin.py:188} INFO -    regionid  sizerank       regionname  ... 2024-04-30 2024-05-31  2024-06-30
1    394913         1     New York, NY  ...       51.0       53.0        56.0
2    753899         2  Los Angeles, CA  ...       29.0       29.0        29.0
3    394463         3      Chicago, IL  ...       37.0       38.0        39.0
4    394514         4       Dallas, TX  ...       29.0       29.0        29.0
5    394692         5      Houston, TX  ...       29.0       30.0        30.0

[5 rows x 83 columns]
[2024-08-31T01:48:37.586+0000] {logging_mixin.py:188} INFO - No date columns found in Metro_mean_days_to_close_uc_sfrcondo_month.csv, skipping file.
[2024-08-31T01:48:37.722+0000] {logging_mixin.py:188} INFO - Data loaded from Metro_mean_doz_pending_uc_sfrcondo_sm_month.csv:
[2024-08-31T01:48:37.780+0000] {logging_mixin.py:188} INFO -    RegionID  SizeRank       RegionName  ... 2024-05-31 2024-06-30  2024-07-31
0    102001         0    United States  ...       39.0       37.0        38.0
1    394913         1     New York, NY  ...       51.0       49.0        49.0
2    753899         2  Los Angeles, CA  ...       30.0       29.0        30.0
3    394463         3      Chicago, IL  ...       26.0       24.0        24.0
4    394514         4       Dallas, TX  ...       39.0       38.0        40.0

[5 rows x 82 columns]
[2024-08-31T01:48:37.781+0000] {logging_mixin.py:188} INFO - Data after filtering 'country' from Metro_mean_doz_pending_uc_sfrcondo_sm_month.csv:
[2024-08-31T01:48:37.839+0000] {logging_mixin.py:188} INFO -    regionid  sizerank       regionname  ... 2024-05-31 2024-06-30  2024-07-31
1    394913         1     New York, NY  ...       51.0       49.0        49.0
2    753899         2  Los Angeles, CA  ...       30.0       29.0        30.0
3    394463         3      Chicago, IL  ...       26.0       24.0        24.0
4    394514         4       Dallas, TX  ...       39.0       38.0        40.0
5    394692         5      Houston, TX  ...       49.0       47.0        49.0

[5 rows x 82 columns]
[2024-08-31T01:48:37.902+0000] {logging_mixin.py:188} INFO - No date columns found in Metro_mean_doz_pending_uc_sfrcondo_sm_month.csv, skipping file.
[2024-08-31T01:48:38.133+0000] {logging_mixin.py:188} INFO - Data loaded from Metro_mean_listings_price_cut_amt_uc_sfrcondo_sm_month.csv:
[2024-08-31T01:48:38.183+0000] {logging_mixin.py:188} INFO -    RegionID  SizeRank  ...    2024-06-30    2024-07-31
0    102001         0  ...  20624.366425  20312.509363
1    394913         1  ...  57486.876014  55388.694257
2    753899         2  ...  71750.596595  67282.768987
3    394463         3  ...  18543.786694  17906.156091
4    394514         4  ...  15721.274603  15516.527502

[5 rows x 82 columns]
[2024-08-31T01:48:38.184+0000] {logging_mixin.py:188} INFO - Data after filtering 'country' from Metro_mean_listings_price_cut_amt_uc_sfrcondo_sm_month.csv:
[2024-08-31T01:48:38.234+0000] {logging_mixin.py:188} INFO -    regionid  sizerank  ...    2024-06-30    2024-07-31
1    394913         1  ...  57486.876014  55388.694257
2    753899         2  ...  71750.596595  67282.768987
3    394463         3  ...  18543.786694  17906.156091
4    394514         4  ...  15721.274603  15516.527502
5    394692         5  ...  15072.242055  14916.950252

[5 rows x 82 columns]
[2024-08-31T01:48:38.321+0000] {logging_mixin.py:188} INFO - No date columns found in Metro_mean_listings_price_cut_amt_uc_sfrcondo_sm_month.csv, skipping file.
[2024-08-31T01:48:38.494+0000] {logging_mixin.py:188} INFO - Data loaded from Metro_mean_sale_to_list_uc_sfrcondo_month.csv:
[2024-08-31T01:48:38.549+0000] {logging_mixin.py:188} INFO -    RegionID  SizeRank       RegionName  ... 2024-04-30 2024-05-31  2024-06-30
0    102001         0    United States  ...   0.991597   0.994370    0.995080
1    394913         1     New York, NY  ...   1.019517   1.024076    1.030287
2    753899         2  Los Angeles, CA  ...   1.017986   1.018758    1.016249
3    394463         3      Chicago, IL  ...   1.003429   1.006532    1.007598
4    394514         4       Dallas, TX  ...   0.987718   0.987737    0.984634

[5 rows x 83 columns]
[2024-08-31T01:48:38.550+0000] {logging_mixin.py:188} INFO - Data after filtering 'country' from Metro_mean_sale_to_list_uc_sfrcondo_month.csv:
[2024-08-31T01:48:38.604+0000] {logging_mixin.py:188} INFO -    regionid  sizerank       regionname  ... 2024-04-30 2024-05-31  2024-06-30
1    394913         1     New York, NY  ...   1.019517   1.024076    1.030287
2    753899         2  Los Angeles, CA  ...   1.017986   1.018758    1.016249
3    394463         3      Chicago, IL  ...   1.003429   1.006532    1.007598
4    394514         4       Dallas, TX  ...   0.987718   0.987737    0.984634
5    394692         5      Houston, TX  ...   0.978997   0.979375    0.978816

[5 rows x 83 columns]
[2024-08-31T01:48:38.708+0000] {logging_mixin.py:188} INFO - No date columns found in Metro_mean_sale_to_list_uc_sfrcondo_month.csv, skipping file.
[2024-08-31T01:48:38.829+0000] {logging_mixin.py:188} INFO - Data loaded from Metro_med_doz_pending_uc_sfrcondo_sm_month.csv:
[2024-08-31T01:48:38.891+0000] {logging_mixin.py:188} INFO -    RegionID  SizeRank       RegionName  ... 2024-05-31 2024-06-30  2024-07-31
0    102001         0    United States  ...       13.0       14.0        15.0
1    394913         1     New York, NY  ...       21.0       22.0        24.0
2    753899         2  Los Angeles, CA  ...       13.0       14.0        15.0
3    394463         3      Chicago, IL  ...        7.0        7.0         8.0
4    394514         4       Dallas, TX  ...       15.0       17.0        20.0

[5 rows x 82 columns]
[2024-08-31T01:48:38.892+0000] {logging_mixin.py:188} INFO - Data after filtering 'country' from Metro_med_doz_pending_uc_sfrcondo_sm_month.csv:
[2024-08-31T01:48:38.953+0000] {logging_mixin.py:188} INFO -    regionid  sizerank       regionname  ... 2024-05-31 2024-06-30  2024-07-31
1    394913         1     New York, NY  ...       21.0       22.0        24.0
2    753899         2  Los Angeles, CA  ...       13.0       14.0        15.0
3    394463         3      Chicago, IL  ...        7.0        7.0         8.0
4    394514         4       Dallas, TX  ...       15.0       17.0        20.0
5    394692         5      Houston, TX  ...       19.0       20.0        24.0

[5 rows x 82 columns]
[2024-08-31T01:48:39.013+0000] {logging_mixin.py:188} INFO - No date columns found in Metro_med_doz_pending_uc_sfrcondo_sm_month.csv, skipping file.
[2024-08-31T01:48:39.144+0000] {logging_mixin.py:188} INFO - Data loaded from Metro_med_listings_price_cut_amt_uc_sfrcondo_sm_month.csv:
[2024-08-31T01:48:39.194+0000] {logging_mixin.py:188} INFO -    RegionID  SizeRank       RegionName  ... 2024-05-31    2024-06-30    2024-07-31
0    102001         0    United States  ...    10000.0  10000.000000  10000.000000
1    394913         1     New York, NY  ...    27000.0  27333.333333  27333.333333
2    753899         2  Los Angeles, CA  ...    38004.0  40004.000000  39667.000000
3    394463         3      Chicago, IL  ...    10000.0  10000.000000  10000.000000
4    394514         4       Dallas, TX  ...    10000.0  10000.000000  10000.000000

[5 rows x 82 columns]
[2024-08-31T01:48:39.196+0000] {logging_mixin.py:188} INFO - Data after filtering 'country' from Metro_med_listings_price_cut_amt_uc_sfrcondo_sm_month.csv:
[2024-08-31T01:48:39.245+0000] {logging_mixin.py:188} INFO -    regionid  sizerank       regionname  ... 2024-05-31    2024-06-30    2024-07-31
1    394913         1     New York, NY  ...    27000.0  27333.333333  27333.333333
2    753899         2  Los Angeles, CA  ...    38004.0  40004.000000  39667.000000
3    394463         3      Chicago, IL  ...    10000.0  10000.000000  10000.000000
4    394514         4       Dallas, TX  ...    10000.0  10000.000000  10000.000000
5    394692         5      Houston, TX  ...    10000.0  10000.000000  10000.000000

[5 rows x 82 columns]
[2024-08-31T01:48:39.349+0000] {logging_mixin.py:188} INFO - No date columns found in Metro_med_listings_price_cut_amt_uc_sfrcondo_sm_month.csv, skipping file.
[2024-08-31T01:48:39.462+0000] {logging_mixin.py:188} INFO - Data loaded from Metro_median_days_to_close_uc_sfrcondo_month.csv:
[2024-08-31T01:48:39.518+0000] {logging_mixin.py:188} INFO -    RegionID  SizeRank       RegionName  ... 2024-04-30 2024-05-31  2024-06-30
0    102001         0    United States  ...       31.0       30.0        31.0
1    394913         1     New York, NY  ...       48.0       50.0        52.0
2    753899         2  Los Angeles, CA  ...       28.0       28.0        28.0
3    394463         3      Chicago, IL  ...       35.0       35.0        35.0
4    394514         4       Dallas, TX  ...       28.0       28.0        28.0

[5 rows x 83 columns]
[2024-08-31T01:48:39.520+0000] {logging_mixin.py:188} INFO - Data after filtering 'country' from Metro_median_days_to_close_uc_sfrcondo_month.csv:
[2024-08-31T01:48:39.576+0000] {logging_mixin.py:188} INFO -    regionid  sizerank       regionname  ... 2024-04-30 2024-05-31  2024-06-30
1    394913         1     New York, NY  ...       48.0       50.0        52.0
2    753899         2  Los Angeles, CA  ...       28.0       28.0        28.0
3    394463         3      Chicago, IL  ...       35.0       35.0        35.0
4    394514         4       Dallas, TX  ...       28.0       28.0        28.0
5    394692         5      Houston, TX  ...       28.0       29.0        29.0

[5 rows x 83 columns]
[2024-08-31T01:48:39.632+0000] {logging_mixin.py:188} INFO - No date columns found in Metro_median_days_to_close_uc_sfrcondo_month.csv, skipping file.
[2024-08-31T01:48:39.792+0000] {logging_mixin.py:188} INFO - Data loaded from Metro_median_sale_price_uc_sfrcondo_month.csv:
[2024-08-31T01:48:39.848+0000] {logging_mixin.py:188} INFO -    RegionID  SizeRank       RegionName  ... 2024-04-30 2024-05-31  2024-06-30
0    102001         0    United States  ...   352000.0   362500.0    370000.0
1    394913         1     New York, NY  ...   580000.0   610000.0    636000.0
2    753899         2  Los Angeles, CA  ...   950000.0   970000.0    962000.0
3    394463         3      Chicago, IL  ...   315000.0   325000.0    342000.0
4    394514         4       Dallas, TX  ...   399500.0   405000.0    400000.0

[5 rows x 202 columns]
[2024-08-31T01:48:39.850+0000] {logging_mixin.py:188} INFO - Data after filtering 'country' from Metro_median_sale_price_uc_sfrcondo_month.csv:
[2024-08-31T01:48:39.908+0000] {logging_mixin.py:188} INFO -    regionid  sizerank       regionname  ... 2024-04-30 2024-05-31  2024-06-30
1    394913         1     New York, NY  ...   580000.0   610000.0    636000.0
2    753899         2  Los Angeles, CA  ...   950000.0   970000.0    962000.0
3    394463         3      Chicago, IL  ...   315000.0   325000.0    342000.0
4    394514         4       Dallas, TX  ...   399500.0   405000.0    400000.0
5    394692         5      Houston, TX  ...   339700.0   345000.0    347500.0

[5 rows x 202 columns]
[2024-08-31T01:48:40.157+0000] {logging_mixin.py:188} INFO - No date columns found in Metro_median_sale_price_uc_sfrcondo_month.csv, skipping file.
[2024-08-31T01:48:40.299+0000] {logging_mixin.py:188} INFO - Data loaded from Metro_median_sale_to_list_uc_sfrcondo_month.csv:
[2024-08-31T01:48:40.346+0000] {logging_mixin.py:188} INFO -    RegionID  SizeRank       RegionName  ... 2024-04-30 2024-05-31  2024-06-30
0    102001         0    United States  ...   1.000000   1.000000    1.000000
1    394913         1     New York, NY  ...   1.000263   1.005747    1.014305
2    753899         2  Los Angeles, CA  ...   1.004016   1.006306    1.002923
3    394463         3      Chicago, IL  ...   1.000000   1.000004    1.000233
4    394514         4       Dallas, TX  ...   0.996561   0.998557    0.993174

[5 rows x 83 columns]
[2024-08-31T01:48:40.347+0000] {logging_mixin.py:188} INFO - Data after filtering 'country' from Metro_median_sale_to_list_uc_sfrcondo_month.csv:
[2024-08-31T01:48:40.395+0000] {logging_mixin.py:188} INFO -    regionid  sizerank       regionname  ... 2024-04-30 2024-05-31  2024-06-30
1    394913         1     New York, NY  ...   1.000263   1.005747    1.014305
2    753899         2  Los Angeles, CA  ...   1.004016   1.006306    1.002923
3    394463         3      Chicago, IL  ...   1.000000   1.000004    1.000233
4    394514         4       Dallas, TX  ...   0.996561   0.998557    0.993174
5    394692         5      Houston, TX  ...   0.986667   0.987747    0.987125

[5 rows x 83 columns]
[2024-08-31T01:48:40.477+0000] {logging_mixin.py:188} INFO - No date columns found in Metro_median_sale_to_list_uc_sfrcondo_month.csv, skipping file.
[2024-08-31T01:48:40.633+0000] {logging_mixin.py:188} INFO - Data loaded from Metro_mlp_uc_sfrcondo_month.csv:
[2024-08-31T01:48:40.688+0000] {logging_mixin.py:188} INFO -    RegionID  SizeRank       RegionName  ... 2024-05-31 2024-06-30  2024-07-31
0    102001         0    United States  ...   407900.0   409900.0    400000.0
1    394913         1     New York, NY  ...   719999.0   719000.0    709000.0
2    753899         2  Los Angeles, CA  ...  1089000.0  1099000.0   1098000.0
3    394463         3      Chicago, IL  ...   359900.0   359900.0    355000.0
4    394514         4       Dallas, TX  ...   439900.0   440000.0    435000.0

[5 rows x 84 columns]
[2024-08-31T01:48:40.689+0000] {logging_mixin.py:188} INFO - Data after filtering 'country' from Metro_mlp_uc_sfrcondo_month.csv:
[2024-08-31T01:48:40.743+0000] {logging_mixin.py:188} INFO -    regionid  sizerank       regionname  ... 2024-05-31 2024-06-30  2024-07-31
1    394913         1     New York, NY  ...   719999.0   719000.0    709000.0
2    753899         2  Los Angeles, CA  ...  1089000.0  1099000.0   1098000.0
3    394463         3      Chicago, IL  ...   359900.0   359900.0    355000.0
4    394514         4       Dallas, TX  ...   439900.0   440000.0    435000.0
5    394692         5      Houston, TX  ...   367000.0   365000.0    365888.0

[5 rows x 84 columns]
[2024-08-31T01:48:40.879+0000] {logging_mixin.py:188} INFO - No date columns found in Metro_mlp_uc_sfrcondo_month.csv, skipping file.
[2024-08-31T01:48:41.042+0000] {logging_mixin.py:188} INFO - Data loaded from Metro_new_con_mean_sale_price_uc_sfrcondo_month.csv:
[2024-08-31T01:48:41.114+0000] {logging_mixin.py:188} INFO -    RegionID  SizeRank  ...    2024-05-31    2024-06-30
0    102001         0  ...  5.629099e+05  5.487021e+05
1    394913         1  ...  1.426271e+06  1.394696e+06
2    753899         2  ...  1.951269e+06  1.875664e+06
3    394463         3  ...  6.698438e+05  6.468555e+05
4    394514         4  ...  5.099301e+05  4.909982e+05

[5 rows x 83 columns]
[2024-08-31T01:48:41.115+0000] {logging_mixin.py:188} INFO - Data after filtering 'country' from Metro_new_con_mean_sale_price_uc_sfrcondo_month.csv:
[2024-08-31T01:48:41.177+0000] {logging_mixin.py:188} INFO -    regionid  sizerank  ...    2024-05-31    2024-06-30
1    394913         1  ...  1.426271e+06  1.394696e+06
2    753899         2  ...  1.951269e+06  1.875664e+06
3    394463         3  ...  6.698438e+05  6.468555e+05
4    394514         4  ...  5.099301e+05  4.909982e+05
5    394692         5  ...  4.256190e+05  4.100865e+05

[5 rows x 83 columns]
[2024-08-31T01:48:41.221+0000] {logging_mixin.py:188} INFO - No date columns found in Metro_new_con_mean_sale_price_uc_sfrcondo_month.csv, skipping file.
[2024-08-31T01:48:41.327+0000] {logging_mixin.py:188} INFO - Data loaded from Metro_new_con_median_sale_price_per_sqft_uc_sfrcondo_month.csv:
[2024-08-31T01:48:41.374+0000] {logging_mixin.py:188} INFO -    RegionID  SizeRank       RegionName  ...  2024-04-30  2024-05-31  2024-06-30
0    102001         0    United States  ...  208.785326  209.704616  208.662982
1    394913         1     New York, NY  ...  458.547322  467.741935  476.774194
2    753899         2  Los Angeles, CA  ...  591.757112  582.100758  621.155781
3    394463         3      Chicago, IL  ...  219.171246  218.043610  222.915133
4    394514         4       Dallas, TX  ...  196.427313  194.472222  193.800522

[5 rows x 83 columns]
[2024-08-31T01:48:41.375+0000] {logging_mixin.py:188} INFO - Data after filtering 'country' from Metro_new_con_median_sale_price_per_sqft_uc_sfrcondo_month.csv:
[2024-08-31T01:48:41.422+0000] {logging_mixin.py:188} INFO -    regionid  sizerank       regionname  ...  2024-04-30  2024-05-31  2024-06-30
1    394913         1     New York, NY  ...  458.547322  467.741935  476.774194
2    753899         2  Los Angeles, CA  ...  591.757112  582.100758  621.155781
3    394463         3      Chicago, IL  ...  219.171246  218.043610  222.915133
4    394514         4       Dallas, TX  ...  196.427313  194.472222  193.800522
5    394692         5      Houston, TX  ...  173.263936  173.231780  173.490507

[5 rows x 83 columns]
[2024-08-31T01:48:41.462+0000] {logging_mixin.py:188} INFO - No date columns found in Metro_new_con_median_sale_price_per_sqft_uc_sfrcondo_month.csv, skipping file.
[2024-08-31T01:48:41.578+0000] {logging_mixin.py:188} INFO - Data loaded from Metro_new_con_median_sale_price_uc_sfrcondo_month.csv:
[2024-08-31T01:48:41.635+0000] {logging_mixin.py:188} INFO -    RegionID  SizeRank       RegionName  ... 2024-04-30 2024-05-31  2024-06-30
0    102001         0    United States  ...   419554.0   418000.0    413990.0
1    394913         1     New York, NY  ...   900000.0  1057027.5   1050000.0
2    753899         2  Los Angeles, CA  ...  1089995.0  1132205.0   1235000.0
3    394463         3      Chicago, IL  ...   508505.0   498990.0    519075.0
4    394514         4       Dallas, TX  ...   423382.5   415000.0    409410.0

[5 rows x 83 columns]
[2024-08-31T01:48:41.636+0000] {logging_mixin.py:188} INFO - Data after filtering 'country' from Metro_new_con_median_sale_price_uc_sfrcondo_month.csv:
[2024-08-31T01:48:41.697+0000] {logging_mixin.py:188} INFO -    regionid  sizerank       regionname  ... 2024-04-30 2024-05-31  2024-06-30
1    394913         1     New York, NY  ...   900000.0  1057027.5   1050000.0
2    753899         2  Los Angeles, CA  ...  1089995.0  1132205.0   1235000.0
3    394463         3      Chicago, IL  ...   508505.0   498990.0    519075.0
4    394514         4       Dallas, TX  ...   423382.5   415000.0    409410.0
5    394692         5      Houston, TX  ...   350000.0   350000.0    349900.0

[5 rows x 83 columns]
[2024-08-31T01:48:41.744+0000] {logging_mixin.py:188} INFO - No date columns found in Metro_new_con_median_sale_price_uc_sfrcondo_month.csv, skipping file.
[2024-08-31T01:48:41.879+0000] {logging_mixin.py:188} INFO - Data loaded from Metro_new_con_sales_count_raw_uc_sfrcondo_month.csv:
[2024-08-31T01:48:41.934+0000] {logging_mixin.py:188} INFO -    RegionID  SizeRank       RegionName  ... 2024-04-30 2024-05-31  2024-06-30
0    102001         0    United States  ...    33479.0    35605.0     32286.0
1    394913         1     New York, NY  ...      291.0      397.0       301.0
2    753899         2  Los Angeles, CA  ...      240.0      240.0       228.0
3    394463         3      Chicago, IL  ...      446.0      519.0       416.0
4    394514         4       Dallas, TX  ...     1502.0     1462.0      1405.0

[5 rows x 83 columns]
[2024-08-31T01:48:41.935+0000] {logging_mixin.py:188} INFO - Data after filtering 'country' from Metro_new_con_sales_count_raw_uc_sfrcondo_month.csv:
[2024-08-31T01:48:41.992+0000] {logging_mixin.py:188} INFO -    regionid  sizerank       regionname  ... 2024-04-30 2024-05-31  2024-06-30
1    394913         1     New York, NY  ...      291.0      397.0       301.0
2    753899         2  Los Angeles, CA  ...      240.0      240.0       228.0
3    394463         3      Chicago, IL  ...      446.0      519.0       416.0
4    394514         4       Dallas, TX  ...     1502.0     1462.0      1405.0
5    394692         5      Houston, TX  ...     1674.0     1710.0      1545.0

[5 rows x 83 columns]
[2024-08-31T01:48:42.048+0000] {logging_mixin.py:188} INFO - No date columns found in Metro_new_con_sales_count_raw_uc_sfrcondo_month.csv, skipping file.
[2024-08-31T01:48:42.186+0000] {logging_mixin.py:188} INFO - Data loaded from Metro_new_listings_uc_sfrcondo_month.csv:
[2024-08-31T01:48:42.243+0000] {logging_mixin.py:188} INFO -    RegionID  SizeRank       RegionName  ... 2024-05-31 2024-06-30  2024-07-31
0    102001         0    United States  ...   414294.0   380223.0    356190.0
1    394913         1     New York, NY  ...    15427.0    13472.0     12427.0
2    753899         2  Los Angeles, CA  ...     8294.0     7838.0      7762.0
3    394463         3      Chicago, IL  ...    11589.0    10675.0     10316.0
4    394514         4       Dallas, TX  ...    10662.0    10116.0      9366.0

[5 rows x 84 columns]
[2024-08-31T01:48:42.244+0000] {logging_mixin.py:188} INFO - Data after filtering 'country' from Metro_new_listings_uc_sfrcondo_month.csv:
[2024-08-31T01:48:42.300+0000] {logging_mixin.py:188} INFO -    regionid  sizerank       regionname  ... 2024-05-31 2024-06-30  2024-07-31
1    394913         1     New York, NY  ...    15427.0    13472.0     12427.0
2    753899         2  Los Angeles, CA  ...     8294.0     7838.0      7762.0
3    394463         3      Chicago, IL  ...    11589.0    10675.0     10316.0
4    394514         4       Dallas, TX  ...    10662.0    10116.0      9366.0
5    394692         5      Houston, TX  ...     8812.0     8649.0      6534.0

[5 rows x 84 columns]
[2024-08-31T01:48:42.443+0000] {logging_mixin.py:188} INFO - No date columns found in Metro_new_listings_uc_sfrcondo_month.csv, skipping file.
[2024-08-31T01:48:42.542+0000] {logging_mixin.py:188} INFO - Data loaded from Metro_new_pending_uc_sfrcondo_month.csv:
[2024-08-31T01:48:42.600+0000] {logging_mixin.py:188} INFO -    RegionID  SizeRank       RegionName  ... 2024-05-31 2024-06-30  2024-07-31
0    102001         0    United States  ...   281027.0   267255.0    263999.0
1    394913         1     New York, NY  ...    11102.0    10158.0     10235.0
2    753899         2  Los Angeles, CA  ...     6252.0     5760.0      5960.0
3    394463         3      Chicago, IL  ...     8858.0     8489.0      8179.0
4    394514         4       Dallas, TX  ...     7269.0     6627.0      6715.0

[5 rows x 84 columns]
[2024-08-31T01:48:42.602+0000] {logging_mixin.py:188} INFO - Data after filtering 'country' from Metro_new_pending_uc_sfrcondo_month.csv:
[2024-08-31T01:48:42.660+0000] {logging_mixin.py:188} INFO -    regionid  sizerank       regionname  ... 2024-05-31 2024-06-30  2024-07-31
1    394913         1     New York, NY  ...    11102.0    10158.0     10235.0
2    753899         2  Los Angeles, CA  ...     6252.0     5760.0      5960.0
3    394463         3      Chicago, IL  ...     8858.0     8489.0      8179.0
4    394514         4       Dallas, TX  ...     7269.0     6627.0      6715.0
5    394692         5      Houston, TX  ...     5946.0     5847.0      4870.0

[5 rows x 84 columns]
[2024-08-31T01:48:42.780+0000] {logging_mixin.py:188} INFO - No date columns found in Metro_new_pending_uc_sfrcondo_month.csv, skipping file.
[2024-08-31T01:48:42.927+0000] {logging_mixin.py:188} INFO - Data loaded from Metro_pct_sold_above_list_uc_sfrcondo_month.csv:
[2024-08-31T01:48:42.976+0000] {logging_mixin.py:188} INFO -    RegionID  SizeRank       RegionName  ... 2024-04-30 2024-05-31  2024-06-30
0    102001         0    United States  ...   0.332909   0.351918    0.354373
1    394913         1     New York, NY  ...   0.511760   0.537742    0.572396
2    753899         2  Los Angeles, CA  ...   0.555596   0.566405    0.552199
3    394463         3      Chicago, IL  ...   0.481969   0.502096    0.510735
4    394514         4       Dallas, TX  ...   0.270577   0.270399    0.234053

[5 rows x 83 columns]
[2024-08-31T01:48:42.977+0000] {logging_mixin.py:188} INFO - Data after filtering 'country' from Metro_pct_sold_above_list_uc_sfrcondo_month.csv:
[2024-08-31T01:48:43.029+0000] {logging_mixin.py:188} INFO -    regionid  sizerank       regionname  ... 2024-04-30 2024-05-31  2024-06-30
1    394913         1     New York, NY  ...   0.511760   0.537742    0.572396
2    753899         2  Los Angeles, CA  ...   0.555596   0.566405    0.552199
3    394463         3      Chicago, IL  ...   0.481969   0.502096    0.510735
4    394514         4       Dallas, TX  ...   0.270577   0.270399    0.234053
5    394692         5      Houston, TX  ...   0.191912   0.202686    0.190410

[5 rows x 83 columns]
[2024-08-31T01:48:43.126+0000] {logging_mixin.py:188} INFO - No date columns found in Metro_pct_sold_above_list_uc_sfrcondo_month.csv, skipping file.
[2024-08-31T01:48:43.265+0000] {logging_mixin.py:188} INFO - Data loaded from Metro_pct_sold_below_list_uc_sfrcondo_month.csv:
[2024-08-31T01:48:43.317+0000] {logging_mixin.py:188} INFO -    RegionID  SizeRank       RegionName  ... 2024-04-30 2024-05-31  2024-06-30
0    102001         0    United States  ...   0.475241   0.458321    0.454218
1    394913         1     New York, NY  ...   0.376172   0.357947    0.323564
2    753899         2  Los Angeles, CA  ...   0.325530   0.317002    0.334034
3    394463         3      Chicago, IL  ...   0.379743   0.367384    0.353731
4    394514         4       Dallas, TX  ...   0.512299   0.503425    0.537631

[5 rows x 83 columns]
[2024-08-31T01:48:43.318+0000] {logging_mixin.py:188} INFO - Data after filtering 'country' from Metro_pct_sold_below_list_uc_sfrcondo_month.csv:
[2024-08-31T01:48:43.374+0000] {logging_mixin.py:188} INFO -    regionid  sizerank       regionname  ... 2024-04-30 2024-05-31  2024-06-30
1    394913         1     New York, NY  ...   0.376172   0.357947    0.323564
2    753899         2  Los Angeles, CA  ...   0.325530   0.317002    0.334034
3    394463         3      Chicago, IL  ...   0.379743   0.367384    0.353731
4    394514         4       Dallas, TX  ...   0.512299   0.503425    0.537631
5    394692         5      Houston, TX  ...   0.597266   0.587552    0.591808

[5 rows x 83 columns]
[2024-08-31T01:48:43.475+0000] {logging_mixin.py:188} INFO - No date columns found in Metro_pct_sold_below_list_uc_sfrcondo_month.csv, skipping file.
[2024-08-31T01:48:43.636+0000] {logging_mixin.py:188} INFO - Data loaded from Metro_perc_listings_price_cut_uc_sfrcondo_sm_month.csv:
[2024-08-31T01:48:43.684+0000] {logging_mixin.py:188} INFO -    RegionID  SizeRank       RegionName  ... 2024-05-31 2024-06-30  2024-07-31
0    102001         0    United States  ...   0.222509   0.235403    0.248268
1    394913         1     New York, NY  ...   0.124001   0.134447    0.140967
2    753899         2  Los Angeles, CA  ...   0.158725   0.171896    0.190793
3    394463         3      Chicago, IL  ...   0.187966   0.206579    0.228910
4    394514         4       Dallas, TX  ...   0.287787   0.319733    0.348072

[5 rows x 82 columns]
[2024-08-31T01:48:43.686+0000] {logging_mixin.py:188} INFO - Data after filtering 'country' from Metro_perc_listings_price_cut_uc_sfrcondo_sm_month.csv:
[2024-08-31T01:48:43.733+0000] {logging_mixin.py:188} INFO -    regionid  sizerank       regionname  ... 2024-05-31 2024-06-30  2024-07-31
1    394913         1     New York, NY  ...   0.124001   0.134447    0.140967
2    753899         2  Los Angeles, CA  ...   0.158725   0.171896    0.190793
3    394463         3      Chicago, IL  ...   0.187966   0.206579    0.228910
4    394514         4       Dallas, TX  ...   0.287787   0.319733    0.348072
5    394692         5      Houston, TX  ...   0.269754   0.288206    0.290944

[5 rows x 82 columns]
[2024-08-31T01:48:43.863+0000] {logging_mixin.py:188} INFO - No date columns found in Metro_perc_listings_price_cut_uc_sfrcondo_sm_month.csv, skipping file.
[2024-08-31T01:48:43.988+0000] {logging_mixin.py:188} INFO - Data loaded from Metro_sales_count_now_uc_sfrcondo_month.csv:
[2024-08-31T01:48:44.044+0000] {logging_mixin.py:188} INFO -    RegionID  SizeRank       RegionName  ... 2024-05-31 2024-06-30  2024-07-31
0    102001         0    United States  ...   352250.0   325733.0    353450.0
1    394913         1     New York, NY  ...    12501.0    12544.0     14460.0
2    753899         2  Los Angeles, CA  ...     7131.0     6392.0      7332.0
3    394463         3      Chicago, IL  ...    10276.0    10067.0     10829.0
4    394514         4       Dallas, TX  ...     7577.0     6539.0      7033.0

[5 rows x 203 columns]
[2024-08-31T01:48:44.045+0000] {logging_mixin.py:188} INFO - Data after filtering 'country' from Metro_sales_count_now_uc_sfrcondo_month.csv:
[2024-08-31T01:48:44.099+0000] {logging_mixin.py:188} INFO -    regionid  sizerank       regionname  ... 2024-05-31 2024-06-30  2024-07-31
1    394913         1     New York, NY  ...    12501.0    12544.0     14460.0
2    753899         2  Los Angeles, CA  ...     7131.0     6392.0      7332.0
3    394463         3      Chicago, IL  ...    10276.0    10067.0     10829.0
4    394514         4       Dallas, TX  ...     7577.0     6539.0      7033.0
5    394692         5      Houston, TX  ...     6059.0     5489.0      5547.0

[5 rows x 203 columns]
[2024-08-31T01:48:44.206+0000] {logging_mixin.py:188} INFO - No date columns found in Metro_sales_count_now_uc_sfrcondo_month.csv, skipping file.
[2024-08-31T01:48:44.350+0000] {logging_mixin.py:188} INFO - Data loaded from Metro_total_transaction_value_uc_sfrcondo_month.csv:
[2024-08-31T01:48:44.412+0000] {logging_mixin.py:188} INFO -    RegionID  SizeRank  ...    2024-05-31    2024-06-30
0    102001         0  ...  1.755848e+11  1.643497e+11
1    394913         1  ...  9.974481e+09  1.022011e+10
2    753899         2  ...  9.123812e+09  8.042667e+09
3    394463         3  ...  4.164648e+09  4.386403e+09
4    394514         4  ...  3.953413e+09  3.312246e+09

[5 rows x 202 columns]
[2024-08-31T01:48:44.413+0000] {logging_mixin.py:188} INFO - Data after filtering 'country' from Metro_total_transaction_value_uc_sfrcondo_month.csv:
[2024-08-31T01:48:44.474+0000] {logging_mixin.py:188} INFO -    regionid  sizerank  ...    2024-05-31    2024-06-30
1    394913         1  ...  9.974481e+09  1.022011e+10
2    753899         2  ...  9.123812e+09  8.042667e+09
3    394463         3  ...  4.164648e+09  4.386403e+09
4    394514         4  ...  3.953413e+09  3.312246e+09
5    394692         5  ...  2.715768e+09  2.434712e+09

[5 rows x 202 columns]
[2024-08-31T01:48:44.738+0000] {logging_mixin.py:188} INFO - No date columns found in Metro_total_transaction_value_uc_sfrcondo_month.csv, skipping file.
[2024-08-31T01:48:44.797+0000] {logging_mixin.py:188} INFO - Data loaded from Metro_zhvf_growth_uc_sfrcondo_tier_0.33_0.67_sm_sa_month.csv:
[2024-08-31T01:48:44.806+0000] {logging_mixin.py:188} INFO -    RegionID  SizeRank       RegionName  ... 2024-08-31 2024-10-31 2025-07-31
0    102001         0    United States  ...        0.0        0.1        0.9
1    394913         1     New York, NY  ...        0.3        0.0       -0.8
2    753899         2  Los Angeles, CA  ...        0.5        1.1        1.4
3    394463         3      Chicago, IL  ...        0.1       -0.1       -0.9
4    394514         4       Dallas, TX  ...       -0.3       -0.9       -0.3

[5 rows x 9 columns]
[2024-08-31T01:48:44.807+0000] {logging_mixin.py:188} INFO - Data after filtering 'country' from Metro_zhvf_growth_uc_sfrcondo_tier_0.33_0.67_sm_sa_month.csv:
[2024-08-31T01:48:44.814+0000] {logging_mixin.py:188} INFO -    regionid  sizerank       regionname  ... 2024-08-31 2024-10-31 2025-07-31
1    394913         1     New York, NY  ...        0.3        0.0       -0.8
2    753899         2  Los Angeles, CA  ...        0.5        1.1        1.4
3    394463         3      Chicago, IL  ...        0.1       -0.1       -0.9
4    394514         4       Dallas, TX  ...       -0.3       -0.9       -0.3
5    394692         5      Houston, TX  ...       -0.2       -1.0       -1.1

[5 rows x 9 columns]
[2024-08-31T01:48:44.824+0000] {logging_mixin.py:188} INFO - No date columns found in Metro_zhvf_growth_uc_sfrcondo_tier_0.33_0.67_sm_sa_month.csv, skipping file.
[2024-08-31T01:48:45.305+0000] {logging_mixin.py:188} INFO - Data loaded from Metro_zhvi_uc_sfrcondo_tier_0.33_0.67_sm_sa_month.csv:
[2024-08-31T01:48:45.357+0000] {logging_mixin.py:188} INFO -    RegionID  SizeRank  ...     2024-06-30     2024-07-31
0    102001         0  ...  362331.951468  362481.204554
1    394913         1  ...  669344.600356  672129.301310
2    753899         2  ...  955144.724038  959638.896528
3    394463         3  ...  327148.882816  327898.691839
4    394514         4  ...  379793.877492  378841.103255

[5 rows x 300 columns]
[2024-08-31T01:48:45.359+0000] {logging_mixin.py:188} INFO - Data after filtering 'country' from Metro_zhvi_uc_sfrcondo_tier_0.33_0.67_sm_sa_month.csv:
[2024-08-31T01:48:45.417+0000] {logging_mixin.py:188} INFO -    regionid  sizerank  ...     2024-06-30     2024-07-31
1    394913         1  ...  669344.600356  672129.301310
2    753899         2  ...  955144.724038  959638.896528
3    394463         3  ...  327148.882816  327898.691839
4    394514         4  ...  379793.877492  378841.103255
5    394692         5  ...  311693.667893  311325.399054

[5 rows x 300 columns]
[2024-08-31T01:48:45.851+0000] {logging_mixin.py:188} INFO - No date columns found in Metro_zhvi_uc_sfrcondo_tier_0.33_0.67_sm_sa_month.csv, skipping file.
[2024-08-31T01:48:46.014+0000] {logging_mixin.py:188} INFO - Data loaded from Metro_zordi_uc_sfrcondomfr_month.csv:
[2024-08-31T01:48:46.058+0000] {logging_mixin.py:188} INFO -    RegionID  SizeRank       RegionName  ... 2024-05-31 2024-06-30  2024-07-31
0    102001         0    United States  ...       78.0       74.0        69.0
1    394913         1     New York, NY  ...      111.0      108.0       106.0
2    753899         2  Los Angeles, CA  ...       90.0       89.0        87.0
3    394463         3      Chicago, IL  ...      149.0      141.0       133.0
4    394514         4       Dallas, TX  ...       51.0       45.0        40.0

[5 rows x 55 columns]
[2024-08-31T01:48:46.059+0000] {logging_mixin.py:188} INFO - Data after filtering 'country' from Metro_zordi_uc_sfrcondomfr_month.csv:
[2024-08-31T01:48:46.100+0000] {logging_mixin.py:188} INFO -    regionid  sizerank       regionname  ... 2024-05-31 2024-06-30  2024-07-31
1    394913         1     New York, NY  ...      111.0      108.0       106.0
2    753899         2  Los Angeles, CA  ...       90.0       89.0        87.0
3    394463         3      Chicago, IL  ...      149.0      141.0       133.0
4    394514         4       Dallas, TX  ...       51.0       45.0        40.0
5    394692         5      Houston, TX  ...       29.0       27.0        23.0

[5 rows x 55 columns]
[2024-08-31T01:48:46.205+0000] {logging_mixin.py:188} INFO - No date columns found in Metro_zordi_uc_sfrcondomfr_month.csv, skipping file.
[2024-08-31T01:48:46.336+0000] {logging_mixin.py:188} INFO - Data loaded from Metro_zori_uc_sfrcondomfr_sm_sa_month.csv:
[2024-08-31T01:48:46.384+0000] {logging_mixin.py:188} INFO -    RegionID  SizeRank       RegionName  ...   2024-05-31   2024-06-30   2024-07-31
0    102001         0    United States  ...  2060.777768  2065.259413  2069.867257
1    394913         1     New York, NY  ...  3487.546973  3490.613946  3493.099809
2    753899         2  Los Angeles, CA  ...  2988.357984  2994.056756  3000.514498
3    394463         3      Chicago, IL  ...  2093.062980  2099.606446  2105.613719
4    394514         4       Dallas, TX  ...  1843.994898  1840.894208  1838.018952

[5 rows x 120 columns]
[2024-08-31T01:48:46.385+0000] {logging_mixin.py:188} INFO - Data after filtering 'country' from Metro_zori_uc_sfrcondomfr_sm_sa_month.csv:
[2024-08-31T01:48:46.436+0000] {logging_mixin.py:188} INFO -    regionid  sizerank       regionname  ...   2024-05-31   2024-06-30   2024-07-31
1    394913         1     New York, NY  ...  3487.546973  3490.613946  3493.099809
2    753899         2  Los Angeles, CA  ...  2988.357984  2994.056756  3000.514498
3    394463         3      Chicago, IL  ...  2093.062980  2099.606446  2105.613719
4    394514         4       Dallas, TX  ...  1843.994898  1840.894208  1838.018952
5    394692         5      Houston, TX  ...  1741.771940  1743.890860  1745.563526

[5 rows x 120 columns]
[2024-08-31T01:48:46.545+0000] {logging_mixin.py:188} INFO - No date columns found in Metro_zori_uc_sfrcondomfr_sm_sa_month.csv, skipping file.
[2024-08-31T01:48:46.548+0000] {python.py:237} INFO - Done. Returned value was: None
[2024-08-31T01:48:46.549+0000] {taskinstance.py:441} INFO - ::group::Post task execution logs
[2024-08-31T01:48:46.556+0000] {taskinstance.py:1206} INFO - Marking task as SUCCESS. dag_id=etl_single_task_process_files, task_id=process_and_transform_files, run_id=manual__2024-08-31T01:48:33.214285+00:00, execution_date=20240831T014833, start_date=20240831T014834, end_date=20240831T014846
[2024-08-31T01:48:46.617+0000] {local_task_job_runner.py:240} INFO - Task exited with return code 0
[2024-08-31T01:48:46.629+0000] {taskinstance.py:3503} INFO - 0 downstream tasks scheduled from follow-on schedule check
[2024-08-31T01:48:46.631+0000] {local_task_job_runner.py:222} INFO - ::endgroup::
